TN:
SF:/home/runner/work/merklecpp/merklecpp/merklecpp.h
FN:100,103,_ZN6merkle5HashTILm32EEC2Ev
FN:1023,1079,_ZN6merkle5TreeTILm32EXadL_ZNS_L15sha256_compressERKNS_5HashTILm32EEES4_RS2_EEE7walk_toEmbOKSt8functionIFbRPNS6_4NodeEbEE
FN:107,110,_ZN6merkle5HashTILm32EEC2EPKh
FN:1084,1100,_ZN6merkle5TreeTILm32EXadL_ZNS_L15sha256_compressERKNS_5HashTILm32EEES4_RS2_EEE4pathEm
FN:1090,1090,_ZZN6merkle5TreeTILm32EXadL_ZNS_L15sha256_compressERKNS_5HashTILm32EEES4_RS2_EEE4pathEmENKUlPNS6_4NodeEbE_clES8_b
FN:1109,1286,_ZN6merkle5TreeTILm32EXadL_ZNS_L15sha256_compressERKNS_5HashTILm32EEES4_RS2_EEE9past_pathEmm
FN:1290,1329,_ZN6merkle5TreeTILm32EXadL_ZNS_L15sha256_compressERKNS_5HashTILm32EEES4_RS2_EEE9serialiseERSt6vectorIhSaIhEE
FN:1316,1316,_ZZN6merkle5TreeTILm32EXadL_ZNS_L15sha256_compressERKNS_5HashTILm32EEES4_RS2_EEE9serialiseERSt6vectorIhSaIhEEENKUlRPNS6_4NodeEbE_clESD_b
FN:1335,1377,_ZN6merkle5TreeTILm32EXadL_ZNS_L15sha256_compressERKNS_5HashTILm32EEES4_RS2_EEE9serialiseEmmRSt6vectorIhSaIhEE
FN:1364,1364,_ZZN6merkle5TreeTILm32EXadL_ZNS_L15sha256_compressERKNS_5HashTILm32EEES4_RS2_EEE9serialiseEmmRSt6vectorIhSaIhEEENKUlRPNS6_4NodeEbE_clESD_b
FN:1381,1385,_ZN6merkle5TreeTILm32EXadL_ZNS_L15sha256_compressERKNS_5HashTILm32EEES4_RS2_EEE11deserialiseERKSt6vectorIhSaIhEE
FN:1390,1467,_ZN6merkle5TreeTILm32EXadL_ZNS_L15sha256_compressERKNS_5HashTILm32EEES4_RS2_EEE11deserialiseERKSt6vectorIhSaIhEERm
FN:142,149,_ZN6merkle5HashTILm32EEC2ERKSt6vectorIhSaIhEERm
FN:1488,1502,_ZNK6merkle5TreeTILm32EXadL_ZNS_L15sha256_compressERKNS_5HashTILm32EEES4_RS2_EEE4leafEm
FN:1508,1511,_ZNK6merkle5TreeTILm32EXadL_ZNS_L15sha256_compressERKNS_5HashTILm32EEES4_RS2_EEE10num_leavesEv
FN:1517,1520,_ZNK6merkle5TreeTILm32EXadL_ZNS_L15sha256_compressERKNS_5HashTILm32EEES4_RS2_EEE9min_indexEv
FN:1526,1530,_ZNK6merkle5TreeTILm32EXadL_ZNS_L15sha256_compressERKNS_5HashTILm32EEES4_RS2_EEE9max_indexEv
FN:1534,1537,_ZNK6merkle5TreeTILm32EXadL_ZNS_L15sha256_compressERKNS_5HashTILm32EEES4_RS2_EEE5emptyEv
FN:1543,1550,_ZN6merkle5TreeTILm32EXadL_ZNS_L15sha256_compressERKNS_5HashTILm32EEES4_RS2_EEE4sizeEv
FN:1555,1572,_ZN6merkle5TreeTILm32EXadL_ZNS_L15sha256_compressERKNS_5HashTILm32EEES4_RS2_EEE15serialised_sizeEv
FN:1561,1561,_ZZN6merkle5TreeTILm32EXadL_ZNS_L15sha256_compressERKNS_5HashTILm32EEES4_RS2_EEE15serialised_sizeEvENKUlRPNS6_4NodeEbE_clES9_b
FN:1578,1591,_ZN6merkle5TreeTILm32EXadL_ZNS_L15sha256_compressERKNS_5HashTILm32EEES4_RS2_EEE15serialised_sizeEmm
FN:1581,1581,_ZZN6merkle5TreeTILm32EXadL_ZNS_L15sha256_compressERKNS_5HashTILm32EEES4_RS2_EEE15serialised_sizeEmmENKUlRPNS6_4NodeEbE_clES9_b
FN:1622,1630,_ZNK6merkle5TreeTILm32EXadL_ZNS_L15sha256_compressERKNS_5HashTILm32EEES4_RS2_EEE10Statistics9to_stringEv
FN:1638,1689,_ZNK6merkle5TreeTILm32EXadL_ZNS_L15sha256_compressERKNS_5HashTILm32EEES4_RS2_EEE9to_stringEm
FN:1735,1748,_ZNK6merkle5TreeTILm32EXadL_ZNS_L15sha256_compressERKNS_5HashTILm32EEES4_RS2_EEE9leaf_nodeEm
FN:1755,1798,_ZNK6merkle5TreeTILm32EXadL_ZNS_L15sha256_compressERKNS_5HashTILm32EEES4_RS2_EEE4hashEPNS6_4NodeEm
FN:179,193,_ZNK6merkle5HashTILm32EE9to_stringB5cxx11Emb
FN:1801,1815,_ZN6merkle5TreeTILm32EXadL_ZNS_L15sha256_compressERKNS_5HashTILm32EEES4_RS2_EEE12compute_rootEv
FN:1822,1855,_ZN6merkle5TreeTILm32EXadL_ZNS_L15sha256_compressERKNS_5HashTILm32EEES4_RS2_EEE24continue_insertion_stackEPNS6_4NodeES8_
FN:1860,1910,_ZN6merkle5TreeTILm32EXadL_ZNS_L15sha256_compressERKNS_5HashTILm32EEES4_RS2_EEE23process_insertion_stackEb
FN:1915,1930,_ZN6merkle5TreeTILm32EXadL_ZNS_L15sha256_compressERKNS_5HashTILm32EEES4_RS2_EEE11insert_leafERPNS6_4NodeES8_
FN:1935,1954,_ZN6merkle5TreeTILm32EXadL_ZNS_L15sha256_compressERKNS_5HashTILm32EEES4_RS2_EEE13insert_leavesEb
FN:196,200,_ZN6merkle5HashTILm32EEaSERKS1_
FN:1965,2030,_ZN6merkleL15sha256_compressERKNS_5HashTILm32EEES3_RS1_
FN:203,206,_ZNK6merkle5HashTILm32EEeqERKS1_
FN:209,212,_ZNK6merkle5HashTILm32EEneERKS1_
FN:216,223,_ZNK6merkle5HashTILm32EE9serialiseERSt6vectorIhSaIhEE
FN:228,239,_ZN6merkle5HashTILm32EE11deserialiseERKSt6vectorIhSaIhEERm
FN:290,299,_ZN6merkle5PathTILm32EXadL_ZNS_L15sha256_compressERKNS_5HashTILm32EEES4_RS2_EEEC2ES4_mONSt7__cxx114listINS6_Ut0_ESaIS9_EEEm
FN:327,357,_ZNK6merkle5PathTILm32EXadL_ZNS_L15sha256_compressERKNS_5HashTILm32EEES4_RS2_EEE4rootEv
FN:362,365,_ZNK6merkle5PathTILm32EXadL_ZNS_L15sha256_compressERKNS_5HashTILm32EEES4_RS2_EEE6verifyES4_
FN:369,381,_ZNK6merkle5PathTILm32EXadL_ZNS_L15sha256_compressERKNS_5HashTILm32EEES4_RS2_EEE9serialiseERSt6vectorIhSaIhEE
FN:415,420,_ZNK6merkle5PathTILm32EXadL_ZNS_L15sha256_compressERKNS_5HashTILm32EEES4_RS2_EEEcvSt6vectorIhSaIhEEEv
FN:429,439,_ZNK6merkle5PathTILm32EXadL_ZNS_L15sha256_compressERKNS_5HashTILm32EEES4_RS2_EEE15serialised_sizeEv
FN:464,467,_ZNK6merkle5PathTILm32EXadL_ZNS_L15sha256_compressERKNS_5HashTILm32EEES4_RS2_EEE5beginEv
FN:470,473,_ZNK6merkle5PathTILm32EXadL_ZNS_L15sha256_compressERKNS_5HashTILm32EEES4_RS2_EEE3endEv
FN:478,489,_ZNK6merkle5PathTILm32EXadL_ZNS_L15sha256_compressERKNS_5HashTILm32EEES4_RS2_EEE9to_stringEmb
FN:48,67,_ZN6merkleL18convert_endiannessEj
FN:492,495,_ZNK6merkle5PathTILm32EXadL_ZNS_L15sha256_compressERKNS_5HashTILm32EEES4_RS2_EEE4leafEv
FN:498,516,_ZNK6merkle5PathTILm32EXadL_ZNS_L15sha256_compressERKNS_5HashTILm32EEES4_RS2_EEEeqERKS6_
FN:519,522,_ZN6merkle5PathTILm32EXadL_ZNS_L15sha256_compressERKNS_5HashTILm32EEES4_RS2_EEEneERKS6_
FN:555,564,_ZN6merkle5TreeTILm32EXadL_ZNS_L15sha256_compressERKNS_5HashTILm32EEES4_RS2_EEE4Node4makeES4_
FN:569,579,_ZN6merkle5TreeTILm32EXadL_ZNS_L15sha256_compressERKNS_5HashTILm32EEES4_RS2_EEE4Node4makeEPS7_S8_
FN:588,631,_ZN6merkle5TreeTILm32EXadL_ZNS_L15sha256_compressERKNS_5HashTILm32EEES4_RS2_EEE4Node9copy_nodeEPKS7_PSt6vectorIPS7_SaISB_EEPmmmm
FN:636,645,_ZN6merkle5TreeTILm32EXadL_ZNS_L15sha256_compressERKNS_5HashTILm32EEES4_RS2_EEE4Node9invariantEv
FN:647,654,_ZN6merkle5TreeTILm32EXadL_ZNS_L15sha256_compressERKNS_5HashTILm32EEES4_RS2_EEE4NodeD2Ev
FN:659,664,_ZNK6merkle5TreeTILm32EXadL_ZNS_L15sha256_compressERKNS_5HashTILm32EEES4_RS2_EEE4Node7is_fullEv
FN:667,678,_ZN6merkle5TreeTILm32EXadL_ZNS_L15sha256_compressERKNS_5HashTILm32EEES4_RS2_EEE4Node12update_sizesEv
FN:69,77,_ZN6merkleL18serialise_uint64_tEmRSt6vectorIhSaIhEE
FN:712,712,_ZN6merkle5TreeTILm32EXadL_ZNS_L15sha256_compressERKNS_5HashTILm32EEES4_RS2_EEEC2Ev
FN:715,718,_ZN6merkle5TreeTILm32EXadL_ZNS_L15sha256_compressERKNS_5HashTILm32EEES4_RS2_EEEC2ERKS6_
FN:734,737,_ZN6merkle5TreeTILm32EXadL_ZNS_L15sha256_compressERKNS_5HashTILm32EEES4_RS2_EEEC2ERKSt6vectorIhSaIhEE
FN:755,762,_ZN6merkle5TreeTILm32EXadL_ZNS_L15sha256_compressERKNS_5HashTILm32EEES4_RS2_EEED2Ev
FN:765,768,_ZN6merkle5TreeTILm32EXadL_ZNS_L15sha256_compressERKNS_5HashTILm32EEES4_RS2_EEE9invariantEv
FN:779,786,_ZN6merkle5TreeTILm32EXadL_ZNS_L15sha256_compressERKNS_5HashTILm32EEES4_RS2_EEE6insertES4_
FN:79,89,_ZN6merkleL20deserialise_uint64_tERKSt6vectorIhSaIhEERm
FN:812,845,_ZN6merkle5TreeTILm32EXadL_ZNS_L15sha256_compressERKNS_5HashTILm32EEES4_RS2_EEE8flush_toEm
FN:822,822,_ZZN6merkle5TreeTILm32EXadL_ZNS_L15sha256_compressERKNS_5HashTILm32EEES4_RS2_EEE8flush_toEmENKUlRPNS6_4NodeEbE_clES9_b
FN:851,937,_ZN6merkle5TreeTILm32EXadL_ZNS_L15sha256_compressERKNS_5HashTILm32EEES4_RS2_EEE10retract_toEm
FN:878,878,_ZZN6merkle5TreeTILm32EXadL_ZNS_L15sha256_compressERKNS_5HashTILm32EEES4_RS2_EEE10retract_toEmENKUlRPNS6_4NodeEbE_clES9_b
FN:942,969,_ZN6merkle5TreeTILm32EXadL_ZNS_L15sha256_compressERKNS_5HashTILm32EEES4_RS2_EEEaSERKS6_
FN:973,983,_ZN6merkle5TreeTILm32EXadL_ZNS_L15sha256_compressERKNS_5HashTILm32EEES4_RS2_EEE4rootEv
FN:992,1014,_ZN6merkle5TreeTILm32EXadL_ZNS_L15sha256_compressERKNS_5HashTILm32EEES4_RS2_EEE9past_rootEm
FNDA:37753101,_ZN6merkle5HashTILm32EEC2Ev
FNDA:129613,_ZN6merkle5TreeTILm32EXadL_ZNS_L15sha256_compressERKNS_5HashTILm32EEES4_RS2_EEE7walk_toEmbOKSt8functionIFbRPNS6_4NodeEbEE
FNDA:8392,_ZN6merkle5HashTILm32EEC2EPKh
FNDA:19812,_ZN6merkle5TreeTILm32EXadL_ZNS_L15sha256_compressERKNS_5HashTILm32EEES4_RS2_EEE4pathEm
FNDA:224716,_ZZN6merkle5TreeTILm32EXadL_ZNS_L15sha256_compressERKNS_5HashTILm32EEES4_RS2_EEE4pathEmENKUlPNS6_4NodeEbE_clES8_b
FNDA:2447,_ZN6merkle5TreeTILm32EXadL_ZNS_L15sha256_compressERKNS_5HashTILm32EEES4_RS2_EEE9past_pathEmm
FNDA:34,_ZN6merkle5TreeTILm32EXadL_ZNS_L15sha256_compressERKNS_5HashTILm32EEES4_RS2_EEE9serialiseERSt6vectorIhSaIhEE
FNDA:320,_ZZN6merkle5TreeTILm32EXadL_ZNS_L15sha256_compressERKNS_5HashTILm32EEES4_RS2_EEE9serialiseERSt6vectorIhSaIhEEENKUlRPNS6_4NodeEbE_clESD_b
FNDA:1004,_ZN6merkle5TreeTILm32EXadL_ZNS_L15sha256_compressERKNS_5HashTILm32EEES4_RS2_EEE9serialiseEmmRSt6vectorIhSaIhEE
FNDA:8432,_ZZN6merkle5TreeTILm32EXadL_ZNS_L15sha256_compressERKNS_5HashTILm32EEES4_RS2_EEE9serialiseEmmRSt6vectorIhSaIhEEENKUlRPNS6_4NodeEbE_clESD_b
FNDA:1038,_ZN6merkle5TreeTILm32EXadL_ZNS_L15sha256_compressERKNS_5HashTILm32EEES4_RS2_EEE11deserialiseERKSt6vectorIhSaIhEE
FNDA:1038,_ZN6merkle5TreeTILm32EXadL_ZNS_L15sha256_compressERKNS_5HashTILm32EEES4_RS2_EEE11deserialiseERKSt6vectorIhSaIhEERm
FNDA:6027,_ZN6merkle5HashTILm32EEC2ERKSt6vectorIhSaIhEERm
FNDA:7715,_ZNK6merkle5TreeTILm32EXadL_ZNS_L15sha256_compressERKNS_5HashTILm32EEES4_RS2_EEE4leafEm
FNDA:13989747,_ZNK6merkle5TreeTILm32EXadL_ZNS_L15sha256_compressERKNS_5HashTILm32EEES4_RS2_EEE10num_leavesEv
FNDA:5531867,_ZNK6merkle5TreeTILm32EXadL_ZNS_L15sha256_compressERKNS_5HashTILm32EEES4_RS2_EEE9min_indexEv
FNDA:13761420,_ZNK6merkle5TreeTILm32EXadL_ZNS_L15sha256_compressERKNS_5HashTILm32EEES4_RS2_EEE9max_indexEv
FNDA:2106,_ZNK6merkle5TreeTILm32EXadL_ZNS_L15sha256_compressERKNS_5HashTILm32EEES4_RS2_EEE5emptyEv
FNDA:64,_ZN6merkle5TreeTILm32EXadL_ZNS_L15sha256_compressERKNS_5HashTILm32EEES4_RS2_EEE4sizeEv
FNDA:1068,_ZN6merkle5TreeTILm32EXadL_ZNS_L15sha256_compressERKNS_5HashTILm32EEES4_RS2_EEE15serialised_sizeEv
FNDA:8344,_ZZN6merkle5TreeTILm32EXadL_ZNS_L15sha256_compressERKNS_5HashTILm32EEES4_RS2_EEE15serialised_sizeEvENKUlRPNS6_4NodeEbE_clES9_b
FNDA:1004,_ZN6merkle5TreeTILm32EXadL_ZNS_L15sha256_compressERKNS_5HashTILm32EEES4_RS2_EEE15serialised_sizeEmm
FNDA:8432,_ZZN6merkle5TreeTILm32EXadL_ZNS_L15sha256_compressERKNS_5HashTILm32EEES4_RS2_EEE15serialised_sizeEmmENKUlRPNS6_4NodeEbE_clES9_b
FNDA:2,_ZNK6merkle5TreeTILm32EXadL_ZNS_L15sha256_compressERKNS_5HashTILm32EEES4_RS2_EEE10Statistics9to_stringEv
FNDA:1,_ZNK6merkle5TreeTILm32EXadL_ZNS_L15sha256_compressERKNS_5HashTILm32EEES4_RS2_EEE9to_stringEm
FNDA:22259,_ZNK6merkle5TreeTILm32EXadL_ZNS_L15sha256_compressERKNS_5HashTILm32EEES4_RS2_EEE9leaf_nodeEm
FNDA:120780,_ZNK6merkle5TreeTILm32EXadL_ZNS_L15sha256_compressERKNS_5HashTILm32EEES4_RS2_EEE4hashEPNS6_4NodeEm
FNDA:74,_ZNK6merkle5HashTILm32EE9to_stringB5cxx11Emb
FNDA:151932,_ZN6merkle5TreeTILm32EXadL_ZNS_L15sha256_compressERKNS_5HashTILm32EEES4_RS2_EEE12compute_rootEv
FNDA:4713355,_ZN6merkle5TreeTILm32EXadL_ZNS_L15sha256_compressERKNS_5HashTILm32EEES4_RS2_EEE24continue_insertion_stackEPNS6_4NodeES8_
FNDA:4827902,_ZN6merkle5TreeTILm32EXadL_ZNS_L15sha256_compressERKNS_5HashTILm32EEES4_RS2_EEE23process_insertion_stackEb
FNDA:4713852,_ZN6merkle5TreeTILm32EXadL_ZNS_L15sha256_compressERKNS_5HashTILm32EEES4_RS2_EEE11insert_leafERPNS6_4NodeES8_
FNDA:151932,_ZN6merkle5TreeTILm32EXadL_ZNS_L15sha256_compressERKNS_5HashTILm32EEES4_RS2_EEE13insert_leavesEb
FNDA:33085367,_ZN6merkle5HashTILm32EEaSERKS1_
FNDA:5608747,_ZN6merkleL15sha256_compressERKNS_5HashTILm32EEES3_RS1_
FNDA:6026,_ZNK6merkle5HashTILm32EEeqERKS1_
FNDA:43281,_ZNK6merkle5HashTILm32EEneERKS1_
FNDA:32079,_ZNK6merkle5HashTILm32EE9serialiseERSt6vectorIhSaIhEE
FNDA:6027,_ZN6merkle5HashTILm32EE11deserialiseERKSt6vectorIhSaIhEERm
FNDA:22259,_ZN6merkle5PathTILm32EXadL_ZNS_L15sha256_compressERKNS_5HashTILm32EEES4_RS2_EEEC2ES4_mONSt7__cxx114listINS6_Ut0_ESaIS9_EEEm
FNDA:7908,_ZNK6merkle5PathTILm32EXadL_ZNS_L15sha256_compressERKNS_5HashTILm32EEES4_RS2_EEE4rootEv
FNDA:5022,_ZNK6merkle5PathTILm32EXadL_ZNS_L15sha256_compressERKNS_5HashTILm32EEES4_RS2_EEE6verifyES4_
FNDA:1132,_ZNK6merkle5PathTILm32EXadL_ZNS_L15sha256_compressERKNS_5HashTILm32EEES4_RS2_EEE9serialiseERSt6vectorIhSaIhEE
FNDA:11,_ZNK6merkle5PathTILm32EXadL_ZNS_L15sha256_compressERKNS_5HashTILm32EEES4_RS2_EEEcvSt6vectorIhSaIhEEEv
FNDA:1121,_ZNK6merkle5PathTILm32EXadL_ZNS_L15sha256_compressERKNS_5HashTILm32EEES4_RS2_EEE15serialised_sizeEv
FNDA:16233,_ZNK6merkle5PathTILm32EXadL_ZNS_L15sha256_compressERKNS_5HashTILm32EEES4_RS2_EEE5beginEv
FNDA:16233,_ZNK6merkle5PathTILm32EXadL_ZNS_L15sha256_compressERKNS_5HashTILm32EEES4_RS2_EEE3endEv
FNDA:11,_ZNK6merkle5PathTILm32EXadL_ZNS_L15sha256_compressERKNS_5HashTILm32EEES4_RS2_EEE9to_stringEmb
FNDA:134609928,_ZN6merkleL18convert_endiannessEj
FNDA:16233,_ZNK6merkle5PathTILm32EXadL_ZNS_L15sha256_compressERKNS_5HashTILm32EEES4_RS2_EEE4leafEv
FNDA:2447,_ZNK6merkle5PathTILm32EXadL_ZNS_L15sha256_compressERKNS_5HashTILm32EEES4_RS2_EEEeqERKS6_
FNDA:1443,_ZN6merkle5PathTILm32EXadL_ZNS_L15sha256_compressERKNS_5HashTILm32EEES4_RS2_EEEneERKS6_
FNDA:32748686,_ZN6merkle5TreeTILm32EXadL_ZNS_L15sha256_compressERKNS_5HashTILm32EEES4_RS2_EEE4Node4makeES4_
FNDA:4726736,_ZN6merkle5TreeTILm32EXadL_ZNS_L15sha256_compressERKNS_5HashTILm32EEES4_RS2_EEE4Node4makeEPS7_S8_
FNDA:43214551,_ZN6merkle5TreeTILm32EXadL_ZNS_L15sha256_compressERKNS_5HashTILm32EEES4_RS2_EEE4Node9copy_nodeEPKS7_PSt6vectorIPS7_SaISB_EEPmmmm
FNDA:3090007889,_ZN6merkle5TreeTILm32EXadL_ZNS_L15sha256_compressERKNS_5HashTILm32EEES4_RS2_EEE4Node9invariantEv
FNDA:37475422,_ZN6merkle5TreeTILm32EXadL_ZNS_L15sha256_compressERKNS_5HashTILm32EEES4_RS2_EEE4NodeD2Ev
FNDA:26852891,_ZNK6merkle5TreeTILm32EXadL_ZNS_L15sha256_compressERKNS_5HashTILm32EEES4_RS2_EEE4Node7is_fullEv
FNDA:50045554,_ZN6merkle5TreeTILm32EXadL_ZNS_L15sha256_compressERKNS_5HashTILm32EEES4_RS2_EEE4Node12update_sizesEv
FNDA:5472,_ZN6merkleL18serialise_uint64_tEmRSt6vectorIhSaIhEE
FNDA:602,_ZN6merkle5TreeTILm32EXadL_ZNS_L15sha256_compressERKNS_5HashTILm32EEES4_RS2_EEEC2Ev
FNDA:1443,_ZN6merkle5TreeTILm32EXadL_ZNS_L15sha256_compressERKNS_5HashTILm32EEES4_RS2_EEEC2ERKS6_
FNDA:1037,_ZN6merkle5TreeTILm32EXadL_ZNS_L15sha256_compressERKNS_5HashTILm32EEES4_RS2_EEEC2ERKSt6vectorIhSaIhEE
FNDA:3082,_ZN6merkle5TreeTILm32EXadL_ZNS_L15sha256_compressERKNS_5HashTILm32EEES4_RS2_EEED2Ev
FNDA:1825398,_ZN6merkle5TreeTILm32EXadL_ZNS_L15sha256_compressERKNS_5HashTILm32EEES4_RS2_EEE9invariantEv
FNDA:11237562,_ZN6merkle5TreeTILm32EXadL_ZNS_L15sha256_compressERKNS_5HashTILm32EEES4_RS2_EEE6insertES4_
FNDA:2076,_ZN6merkleL20deserialise_uint64_tERKSt6vectorIhSaIhEERm
FNDA:91197,_ZN6merkle5TreeTILm32EXadL_ZNS_L15sha256_compressERKNS_5HashTILm32EEES4_RS2_EEE8flush_toEm
FNDA:806336,_ZZN6merkle5TreeTILm32EXadL_ZNS_L15sha256_compressERKNS_5HashTILm32EEES4_RS2_EEE8flush_toEmENKUlRPNS6_4NodeEbE_clES9_b
FNDA:4587598,_ZN6merkle5TreeTILm32EXadL_ZNS_L15sha256_compressERKNS_5HashTILm32EEES4_RS2_EEE10retract_toEm
FNDA:193815,_ZZN6merkle5TreeTILm32EXadL_ZNS_L15sha256_compressERKNS_5HashTILm32EEES4_RS2_EEE10retract_toEmENKUlRPNS6_4NodeEbE_clES9_b
FNDA:1443,_ZN6merkle5TreeTILm32EXadL_ZNS_L15sha256_compressERKNS_5HashTILm32EEES4_RS2_EEEaSERKS6_
FNDA:18834,_ZN6merkle5TreeTILm32EXadL_ZNS_L15sha256_compressERKNS_5HashTILm32EEES4_RS2_EEE4rootEv
FNDA:16233,_ZN6merkle5TreeTILm32EXadL_ZNS_L15sha256_compressERKNS_5HashTILm32EEES4_RS2_EEE9past_rootEm
FNF:74
FNH:74
DA:48,134609928
DA:50,134609928
DA:53,134609928
DA:69,5472
DA:71,5472
DA:72,5472
DA:73,49248
DA:75,43776
DA:77,5472
DA:79,2076
DA:82,2076
DA:83,2076
DA:84,18684
DA:86,16608
DA:88,2076
DA:100,37753101
DA:102,37753101
DA:103,37753101
DA:107,8392
DA:109,8392
DA:110,8392
DA:142,6027
DA:144,6027
DA:146,0
DA:148,6027
DA:149,6027
DA:179,74
DA:182,74
DA:183,74
DA:184,354
DA:186,280
DA:187,280
DA:188,280
DA:190,280
DA:192,74
DA:196,33085367
DA:198,33085367
DA:199,33085367
DA:203,6026
DA:205,6026
DA:209,43281
DA:211,43281
DA:216,32079
DA:219,1058607
DA:221,1026528
DA:223,32079
DA:228,6027
DA:231,6027
DA:233,0
DA:235,198891
DA:237,192864
DA:239,6027
DA:290,22259
DA:295,22259
DA:296,22259
DA:297,22259
DA:298,22259
DA:299,22259
DA:327,7908
DA:329,7908
DA:330,7908
DA:334,103572
DA:336,95664
DA:342,49233
DA:350,46431
DA:356,7908
DA:362,5022
DA:364,5022
DA:369,1132
DA:372,1132
DA:373,1132
DA:374,1132
DA:375,1132
DA:376,17660
DA:378,16528
DA:379,16528
DA:381,1132
DA:415,11
DA:417,11
DA:418,11
DA:419,11
DA:420,0
DA:429,1121
DA:435,1121
DA:438,1121
DA:464,16233
DA:466,16233
DA:470,16233
DA:472,16233
DA:478,11
DA:481,11
DA:482,11
DA:483,51
DA:486,40
DA:488,22
DA:489,11
DA:492,16233
DA:494,16233
DA:498,2447
DA:500,2447
DA:502,0
DA:504,2447
DA:505,2447
DA:506,28018
DA:508,25571
DA:510,0
DA:512,25571
DA:513,25571
DA:515,2447
DA:519,1443
DA:521,1443
DA:555,32748686
DA:557,32748686
DA:558,32748686
DA:559,32748686
DA:560,32748686
DA:561,32748686
DA:562,32748686
DA:563,32748686
DA:569,4726736
DA:571,4726736
DA:572,4726736
DA:573,4726736
DA:574,4726736
DA:575,4726736
DA:576,4726736
DA:577,4726736
DA:578,4726736
DA:588,43214551
DA:596,43214551
DA:598,21717846
DA:601,21496705
DA:602,21496705
DA:603,21496705
DA:604,21496705
DA:605,42993410
DA:606,21496705
DA:612,42993410
DA:613,21496705
DA:619,21496705
DA:621,10633953
DA:623,10633255
DA:627,698
DA:630,21496705
DA:636,3090007889
DA:638,3090007889
DA:639,3090007889
DA:640,3090007889
DA:641,3090007889
DA:642,3090007889
DA:643,3090007889
DA:644,3090007889
DA:647,37475422
DA:649,37475422
DA:652,37475422
DA:653,37475422
DA:654,37475422
DA:659,26852891
DA:661,26852891
DA:662,26852891
DA:663,26852891
DA:667,50045554
DA:669,50045554
DA:671,17255537
DA:672,17255537
DA:676,32790017
DA:678,50045554
DA:712,602
DA:715,1443
DA:716,1443
DA:717,1443
DA:718,1443
DA:734,1037
DA:735,1037
DA:736,1037
DA:737,1037
DA:755,3082
DA:757,3082
DA:758,4553
DA:760,1471
DA:762,3082
DA:765,1825398
DA:767,1825398
DA:779,11237562
DA:784,11237562
DA:785,11237562
DA:786,11237562
DA:812,91197
DA:815,91197
DA:817,91197
DA:819,6129
DA:822,85068
DA:823,806336
DA:829,584213
DA:831,0
DA:833,584213
DA:834,584213
DA:835,584213
DA:836,584213
DA:838,806336
DA:841,85068
DA:842,170136
DA:843,170136
DA:844,85068
DA:851,4587598
DA:854,4587598
DA:856,4587598
DA:858,0
DA:861,4587598
DA:863,0
DA:866,4587598
DA:868,4565975
DA:869,11307912
DA:871,6741937
DA:872,6741937
DA:874,4565975
DA:878,21623
DA:879,193815
DA:880,193815
DA:881,193815
DA:887,59453
DA:889,59453
DA:890,59453
DA:891,59453
DA:893,59453
DA:895,59453
DA:896,59453
DA:897,59453
DA:899,59453
DA:901,48540
DA:904,59453
DA:910,1337
DA:913,59453
DA:918,59453
DA:920,134362
DA:924,21623
DA:926,21623
DA:927,21623
DA:929,21623
DA:933,0
DA:936,21623
DA:942,1443
DA:944,1443
DA:945,1443
DA:947,0
DA:949,1443
DA:950,1443
DA:951,1443
DA:952,1443
DA:954,1443
DA:955,1443
DA:956,1443
DA:961,221141
DA:963,219698
DA:965,1443
DA:966,1443
DA:967,1443
DA:968,1443
DA:973,18834
DA:976,18834
DA:977,18834
DA:978,18834
DA:982,18834
DA:992,16233
DA:995,16233
DA:997,16233
DA:998,16233
DA:1005,198850
DA:1007,182617
DA:1009,89511
DA:1013,32466
DA:1014,16233
DA:1023,129613
DA:1026,129613
DA:1028,0
DA:1031,129613
DA:1033,129613
DA:1035,129613
DA:1036,129613
DA:1037,129613
DA:1039,129613
DA:1041,129613
DA:1043,1829593
DA:1045,1699980
DA:1046,1699980
DA:1047,1699980
DA:1049,315543
DA:1057,1699980
DA:1059,1250395
DA:1061,59453
DA:1063,1190942
DA:1065,1640527
DA:1066,1640527
DA:1069,129613
DA:1071,337166
DA:1073,315543
DA:1074,315543
DA:1078,129613
DA:1084,19812
DA:1087,19812
DA:1088,19812
DA:1090,19812
DA:1091,224716
DA:1092,224716
DA:1093,224716
DA:1094,224716
DA:1095,224716
DA:1099,39624
DA:1100,19812
DA:1109,2447
DA:1113,2447
DA:1115,2447
DA:1116,4894
DA:1117,4894
DA:1119,0
DA:1122,2447
DA:1124,2447
DA:1130,2447
DA:1131,2447
DA:1132,2447
DA:1133,2447
DA:1135,2447
DA:1136,2447
DA:1137,2447
DA:1138,2447
DA:1139,2447
DA:1141,2447
DA:1142,2447
DA:1145,32609
DA:1147,30162
DA:1148,30162
DA:1149,30162
DA:1161,30162
DA:1163,2343
DA:1164,2343
DA:1169,2343
DA:1172,30162
DA:1175,9328
DA:1176,9328
DA:1178,6694
DA:1180,4737
DA:1181,4737
DA:1182,4737
DA:1183,4737
DA:1185,6694
DA:1191,20834
DA:1193,20834
DA:1194,20834
DA:1195,20834
DA:1196,20834
DA:1197,20834
DA:1199,20834
DA:1204,19717
DA:1206,10812
DA:1207,10812
DA:1208,10812
DA:1209,10812
DA:1211,19717
DA:1215,30162
DA:1216,30162
DA:1217,30162
DA:1239,2447
DA:1242,2447
DA:1244,2343
DA:1246,20938
DA:1248,18491
DA:1251,2447
DA:1256,2343
DA:1257,2343
DA:1259,2343
DA:1261,10812
DA:1263,8469
DA:1271,2343
DA:1272,2343
DA:1273,2343
DA:1274,2343
DA:1279,7184
DA:1281,4737
DA:1285,4894
DA:1286,2447
DA:1290,34
DA:1294,34
DA:1295,34
DA:1296,34
DA:1297,357
DA:1299,323
DA:1301,388
DA:1303,354
DA:1306,34
DA:1310,34
DA:1315,34
DA:1316,34
DA:1317,320
DA:1319,222
DA:1321,320
DA:1324,256
DA:1326,222
DA:1328,34
DA:1329,34
DA:1335,1004
DA:1340,1004
DA:1341,3012
DA:1342,3012
DA:1344,0
DA:1347,1004
DA:1348,1004
DA:1349,8719
DA:1351,7715
DA:1354,1004
DA:1358,1004
DA:1363,1004
DA:1364,1004
DA:1365,8432
DA:1367,5805
DA:1369,8432
DA:1372,6809
DA:1374,5805
DA:1376,1004
DA:1377,1004
DA:1381,1038
DA:1383,1038
DA:1384,1038
DA:1385,1038
DA:1390,1038
DA:1394,1038
DA:1395,1038
DA:1396,1038
DA:1398,0
DA:1400,1038
DA:1401,1038
DA:1402,1038
DA:1403,1038
DA:1404,1038
DA:1406,1038
DA:1407,1038
DA:1409,1038
DA:1410,9430
DA:1412,8392
DA:1413,8392
DA:1414,8392
DA:1417,1038
DA:1418,1038
DA:1419,1038
DA:1420,1038
DA:1421,12450
DA:1424,11412
DA:1426,6027
DA:1428,6027
DA:1429,6027
DA:1430,6027
DA:1431,6027
DA:1432,6027
DA:1441,30187
DA:1443,18775
DA:1445,5394
DA:1449,13381
DA:1453,11412
DA:1454,11412
DA:1456,11412
DA:1457,11412
DA:1460,1038
DA:1462,1038
DA:1464,1038
DA:1465,1038
DA:1467,1038
DA:1488,7715
DA:1491,7715
DA:1493,0
DA:1495,7715
DA:1498,251
DA:1499,251
DA:1501,7464
DA:1508,13989747
DA:1510,13989747
DA:1517,5531867
DA:1519,5531867
DA:1526,13761420
DA:1528,13761420
DA:1529,13761420
DA:1534,2106
DA:1536,2106
DA:1543,64
DA:1545,64
DA:1547,0
DA:1549,64
DA:1555,1068
DA:1557,1068
DA:1559,1068
DA:1561,1068
DA:1562,8344
DA:1564,6245
DA:1566,8344
DA:1571,2136
DA:1578,1004
DA:1580,1004
DA:1581,1004
DA:1582,8432
DA:1584,5805
DA:1586,8432
DA:1590,1004
DA:1622,2
DA:1624,2
DA:1625,2
DA:1626,2
DA:1627,2
DA:1628,2
DA:1629,4
DA:1630,2
DA:1638,1
DA:1640,3
DA:1641,1
DA:1642,1
DA:1643,1
DA:1645,1
DA:1647,0
DA:1648,0
DA:1651,1
DA:1653,0
DA:1657,1
DA:1658,1
DA:1659,6
DA:1661,5
DA:1662,26
DA:1664,21
DA:1665,21
DA:1666,21
DA:1668,10
DA:1670,21
DA:1672,10
DA:1674,21
DA:1676,5
DA:1677,5
DA:1678,5
DA:1683,1
DA:1684,1
DA:1685,1
DA:1686,1
DA:1688,1
DA:1689,1
DA:1735,22259
DA:1738,22259
DA:1740,0
DA:1742,22259
DA:1744,0
DA:1745,0
DA:1747,22259
DA:1755,120780
DA:1761,120780
DA:1762,120780
DA:1763,120780
DA:1765,10830206
DA:1767,10709426
DA:1768,10709426
DA:1770,10709426
DA:1772,2311743
DA:1774,8397683
DA:1776,2982580
DA:1780,5415103
DA:1781,5415103
DA:1783,0
DA:1785,5415103
DA:1786,5415103
DA:1794,5415103
DA:1795,5415103
DA:1798,120780
DA:1801,151932
DA:1803,151932
DA:1804,151932
DA:1806,0
DA:1808,151932
DA:1809,151932
DA:1810,151932
DA:1812,120780
DA:1813,120780
DA:1815,151932
DA:1822,4713355
DA:1824,7541234
DA:1829,12254589
DA:1831,12254589
DA:1833,4713355
DA:1834,4713355
DA:1835,4713355
DA:1836,4713355
DA:1839,7541234
DA:1840,7541234
DA:1841,7541234
DA:1842,7541234
DA:1843,7541234
DA:1844,7541234
DA:1846,0
DA:1847,0
DA:1851,7541234
DA:1852,7541234
DA:1860,4827902
DA:1871,4827902
DA:1872,4827902
DA:1874,4827902
DA:1875,4827902
DA:1877,7551881
DA:1879,7426687
DA:1880,7426687
DA:1881,7426687
DA:1882,7426687
DA:1884,7426687
DA:1886,0
DA:1890,7426687
DA:1892,7426687
DA:1893,7426687
DA:1895,7426687
DA:1897,7426687
DA:1903,4702708
DA:1907,125194
DA:1909,125194
DA:1915,4713852
DA:1920,4713852
DA:1921,4713852
DA:1923,497
DA:1927,4713355
DA:1928,4713355
DA:1930,4713852
DA:1935,151932
DA:1937,151932
DA:1944,4832240
DA:1946,4713852
DA:1948,118388
DA:1950,151932
DA:1952,114547
DA:1954,151932
DA:1965,5608747
DA:1978,5608747
DA:1979,5608747
DA:1984,5608747
DA:1986,95348699
DA:1987,89739952
DA:1990,274828603
DA:1991,269219856
DA:1992,269219856
DA:1993,269219856
DA:1994,269219856
DA:1995,269219856
DA:1996,269219856
DA:1997,269219856
DA:2001,50478723
DA:2002,44869976
DA:2005,364568555
DA:2006,358959808
DA:2007,358959808
DA:2008,358959808
DA:2009,358959808
DA:2010,358959808
DA:2011,358959808
DA:2012,358959808
DA:2013,358959808
DA:2014,358959808
DA:2015,358959808
DA:2016,358959808
DA:2017,358959808
DA:2018,358959808
DA:2019,358959808
DA:2020,358959808
DA:2021,358959808
DA:2022,358959808
DA:2023,358959808
DA:2024,358959808
DA:2027,50478723
DA:2028,44869976
DA:2030,5608747
LF:667
LH:640
end_of_record
TN:
SF:/home/runner/work/merklecpp/merklecpp/test/demo_tree.cpp
FN:18,91,main
FNDA:1,main
FNF:1
FNH:1
DA:18,1
DA:22,1
DA:24,1
DA:27,1
DA:28,12
DA:30,11
DA:32,1
DA:33,1
DA:36,1
DA:37,12
DA:39,11
DA:40,11
DA:41,11
DA:42,11
DA:43,11
DA:45,0
DA:47,11
DA:48,11
DA:51,1
DA:52,1
DA:53,1
DA:54,1
DA:56,0
DA:59,1
DA:60,1
DA:79,0
DA:81,0
DA:82,0
DA:83,0
DA:84,0
DA:86,0
DA:87,0
DA:88,0
DA:90,1
LF:34
LH:24
end_of_record
TN:
SF:/home/runner/work/merklecpp/merklecpp/test/flush.cpp
FN:14,86,main
FNDA:1,main
FNF:1
FNH:1
DA:14,1
DA:16,1
DA:17,1
DA:18,1
DA:19,1
DA:24,1
DA:25,1
DA:26,1
DA:33,1
DA:34,1
DA:36,33
DA:40,32
DA:41,32
DA:43,32
DA:45,32
DA:46,979983
DA:48,979951
DA:49,979951
DA:51,49157
DA:52,49157
DA:56,544
DA:58,512
DA:59,512
DA:60,512
DA:62,0
DA:66,32
DA:68,1
DA:69,1
DA:70,1
DA:72,32
DA:74,0
DA:76,0
DA:77,0
DA:78,0
DA:79,0
DA:81,0
DA:82,0
DA:83,0
DA:85,1
LF:39
LH:30
end_of_record
TN:
SF:/home/runner/work/merklecpp/merklecpp/test/partial_serialisation.cpp
FN:17,139,main
FNDA:1,main
FNF:1
FNH:1
DA:17,1
DA:19,1
DA:20,1
DA:21,1
DA:22,1
DA:27,1
DA:28,1
DA:29,1
DA:36,1
DA:37,1
DA:38,1
DA:39,1
DA:41,65
DA:44,64
DA:46,64
DA:47,64
DA:48,64
DA:51,64
DA:52,254670
DA:54,254606
DA:55,254606
DA:56,254606
DA:57,254606
DA:59,12666
DA:60,12666
DA:61,12666
DA:62,12666
DA:64,254606
DA:66,12756
DA:67,12756
DA:68,12756
DA:69,12756
DA:73,1068
DA:74,1068
DA:77,1004
DA:78,1004
DA:79,1004
DA:81,437
DA:85,1004
DA:86,1004
DA:89,1004
DA:92,1004
DA:93,1004
DA:94,1004
DA:95,1004
DA:96,1004
DA:97,1004
DA:98,1004
DA:100,1004
DA:101,2008
DA:102,2008
DA:105,0
DA:107,0
DA:108,0
DA:111,1004
DA:113,1004
DA:114,1004
DA:115,12
DA:117,1
DA:118,1
DA:119,1
DA:120,1
DA:122,1004
DA:123,64
DA:125,0
DA:127,0
DA:128,0
DA:129,0
DA:130,0
DA:131,0
DA:133,0
DA:134,0
DA:135,0
DA:136,0
DA:138,1
LF:75
LH:62
end_of_record
TN:
SF:/home/runner/work/merklecpp/merklecpp/test/past_paths.cpp
FN:15,29,_Z14past_root_specRKN6merkle5TreeTILm32EXadL_ZNS_L15sha256_compressERKNS_5HashTILm32EEES4_RS2_EEEEmm
FN:31,169,main
FNDA:1443,_Z14past_root_specRKN6merkle5TreeTILm32EXadL_ZNS_L15sha256_compressERKNS_5HashTILm32EEES4_RS2_EEEEmm
FNDA:1,main
FNF:2
FNH:2
DA:15,1443
DA:18,1443
DA:19,1443
DA:20,1443
DA:25,1443
DA:26,1443
DA:27,1443
DA:28,2886
DA:29,1443
DA:31,1
DA:33,1
DA:34,1
DA:35,1
DA:36,1
DA:38,1
DA:43,1
DA:44,1
DA:45,1
DA:52,1
DA:53,1
DA:54,1
DA:56,1
DA:58,1
DA:59,25
DA:61,24
DA:62,24
DA:64,24
DA:65,24
DA:67,24
DA:68,219722
DA:70,219698
DA:78,1467
DA:79,1467
DA:82,1443
DA:83,1443
DA:84,1443
DA:86,728
DA:89,1443
DA:90,1443
DA:92,1443
DA:94,68
DA:96,20
DA:97,20
DA:98,20
DA:116,1443
DA:117,1443
DA:118,1443
DA:129,1443
DA:131,0
DA:134,1443
DA:136,0
DA:139,1443
DA:141,0
DA:144,1443
DA:146,24
DA:147,24
DA:148,24
DA:151,1443
DA:152,1443
DA:153,24
DA:154,1
DA:155,0
DA:157,0
DA:158,0
DA:159,0
DA:160,0
DA:161,0
DA:163,0
DA:164,0
DA:165,0
DA:166,0
DA:168,1
LF:72
LH:59
end_of_record
TN:
SF:/home/runner/work/merklecpp/merklecpp/test/past_root.cpp
FN:17,141,main
FNDA:1,main
FNF:1
FNH:1
DA:17,1
DA:19,1
DA:20,1
DA:21,1
DA:22,1
DA:24,1
DA:30,64
DA:32,63
DA:35,63
DA:37,63
DA:38,2142
DA:40,2079
DA:41,2079
DA:43,63
DA:46,63
DA:47,2142
DA:49,2079
DA:52,2142
DA:54,2079
DA:55,2079
DA:57,0
DA:58,0
DA:59,0
DA:60,0
DA:61,0
DA:63,2079
DA:64,63
DA:66,1
DA:69,1
DA:70,1
DA:76,1
DA:77,1
DA:79,65
DA:82,64
DA:83,64
DA:84,64
DA:85,64
DA:89,64
DA:90,236302
DA:92,236238
DA:93,236238
DA:95,11707
DA:98,64
DA:101,64
DA:102,236302
DA:104,236238
DA:108,11771
DA:110,11707
DA:111,11707
DA:112,11707
DA:114,0
DA:115,0
DA:116,0
DA:117,0
DA:119,11707
DA:121,64
DA:123,1
DA:124,1
DA:125,1
DA:127,64
DA:129,0
DA:131,0
DA:132,0
DA:133,0
DA:134,0
DA:136,0
DA:137,0
DA:138,0
DA:140,1
LF:69
LH:52
end_of_record
TN:
SF:/home/runner/work/merklecpp/merklecpp/test/paths.cpp
FN:15,88,main
FNDA:1,main
FNF:1
FNH:1
DA:15,1
DA:17,1
DA:18,1
DA:19,1
DA:20,1
DA:25,1
DA:26,1
DA:27,1
DA:34,1
DA:35,1
DA:37,65
DA:40,64
DA:41,64
DA:43,64
DA:44,64
DA:46,64
DA:48,64
DA:49,2109850
DA:51,2109786
DA:53,64
DA:55,1185
DA:58,1121
DA:59,1121
DA:60,1121
DA:62,0
DA:64,1121
DA:65,1121
DA:66,1121
DA:68,0
DA:70,1121
DA:71,64
DA:73,1
DA:74,1
DA:76,0
DA:78,0
DA:79,0
DA:80,0
DA:81,0
DA:83,0
DA:84,0
DA:85,0
DA:87,1
LF:42
LH:32
end_of_record
TN:
SF:/home/runner/work/merklecpp/merklecpp/test/retract.cpp
FN:15,99,main
FNDA:1,main
FNF:1
FNH:1
DA:15,1
DA:17,1
DA:18,1
DA:19,1
DA:20,1
DA:25,1
DA:26,1
DA:27,1
DA:34,1
DA:35,1
DA:37,129
DA:40,128
DA:41,128
DA:43,128
DA:45,128
DA:46,4326633
DA:48,4326505
DA:49,4326505
DA:51,2164226
DA:52,2164226
DA:53,2164226
DA:54,2164226
DA:55,2164226
DA:56,2164226
DA:58,0
DA:62,4326505
DA:64,215701
DA:65,215701
DA:69,468
DA:71,468
DA:72,468
DA:73,468
DA:75,128
DA:79,128
DA:81,1
DA:82,1
DA:83,1
DA:85,128
DA:87,0
DA:89,0
DA:90,0
DA:91,0
DA:92,0
DA:94,0
DA:95,0
DA:96,0
DA:98,1
LF:47
LH:38
end_of_record
TN:
SF:/home/runner/work/merklecpp/merklecpp/test/serialisation.cpp
FN:17,113,main
FNDA:1,main
FNF:1
FNH:1
DA:17,1
DA:19,1
DA:20,1
DA:21,1
DA:22,1
DA:27,1
DA:28,1
DA:34,1
DA:35,1
DA:36,1
DA:38,33
DA:41,32
DA:42,32
DA:43,32
DA:46,32
DA:47,575094
DA:49,575062
DA:50,575062
DA:51,575062
DA:52,575062
DA:54,28831
DA:55,28831
DA:56,28831
DA:57,28831
DA:59,575062
DA:61,28778
DA:62,28778
DA:63,28778
DA:64,28778
DA:69,32
DA:70,32
DA:73,32
DA:76,32
DA:77,64
DA:78,64
DA:79,32
DA:80,96
DA:81,32
DA:84,0
DA:86,0
DA:87,0
DA:90,32
DA:92,1
DA:93,1
DA:95,1
DA:97,32
DA:99,0
DA:101,0
DA:102,0
DA:103,0
DA:104,0
DA:105,0
DA:107,0
DA:108,0
DA:109,0
DA:110,0
DA:112,1
LF:57
LH:44
end_of_record
TN:
SF:/home/runner/work/merklecpp/merklecpp/test/serialise_to_file.cpp
FN:19,87,main
FNDA:1,main
FNF:1
FNH:1
DA:19,1
DA:23,1
DA:25,1
DA:26,1
DA:27,12
DA:29,11
DA:31,1
DA:32,1
DA:36,1
DA:37,1
DA:39,1
DA:40,1
DA:41,1
DA:42,369
DA:44,368
DA:45,368
DA:47,1
DA:48,1
DA:49,1
DA:50,1
DA:53,1
DA:54,1
DA:56,1
DA:57,1
DA:58,1
DA:59,370
DA:61,369
DA:62,369
DA:64,1
DA:65,1
DA:66,1
DA:67,1
DA:68,1
DA:70,0
DA:72,1
DA:73,1
DA:75,0
DA:77,0
DA:78,0
DA:79,0
DA:80,0
DA:82,0
DA:83,0
DA:84,0
DA:86,1
LF:45
LH:36
end_of_record
TN:
SF:/home/runner/work/merklecpp/merklecpp/test/time_large_trees.cpp
FN:17,150,main
FNDA:1,main
FNF:1
FNH:1
DA:17,1
DA:22,1
DA:23,1
DA:29,1
DA:31,1
DA:32,1
DA:33,1
DA:34,131073
DA:36,131072
DA:37,131072
DA:39,1024
DA:42,1
DA:43,1
DA:45,1
DA:46,1
DA:47,1
DA:48,2
DA:49,1
DA:137,1
DA:138,0
DA:140,0
DA:141,0
DA:142,0
DA:143,0
DA:145,0
DA:146,0
DA:147,0
DA:149,1
LF:28
LH:20
end_of_record
TN:
SF:/home/runner/work/merklecpp/merklecpp/test/util.h
FN:11,22,_Z11make_hashesmm
FN:39,44,_Z12random_indexRN6merkle5TreeTILm32EXadL_ZNS_L15sha256_compressERKNS_5HashTILm32EEES4_RS2_EEEE
FN:46,57,_Z11get_timeoutv
FN:59,69,_Z9timed_outdRKNSt6chrono10time_pointINS_3_V212system_clockENS_8durationIlSt5ratioILl1ELl1000000000EEEEEE
FNDA:451,_Z11make_hashesmm
FNDA:353763,_Z12random_indexRN6merkle5TreeTILm32EXadL_ZNS_L15sha256_compressERKNS_5HashTILm32EEES4_RS2_EEEE
FNDA:7,_Z11get_timeoutv
FNDA:3952,_Z9timed_outdRKNSt6chrono10time_pointINS_3_V212system_clockENS_8durationIlSt5ratioILl1ELl1000000000EEEEEE
FNF:4
FNH:4
DA:11,451
DA:13,451
DA:14,451
DA:15,8632156
DA:17,8631705
DA:18,8665227
DA:21,902
DA:22,0
DA:39,353763
DA:42,353763
DA:43,353763
DA:46,7
DA:48,7
DA:49,7
DA:50,7
DA:52,0
DA:53,0
DA:55,7
DA:56,7
DA:59,3952
DA:63,3952
DA:65,3952
DA:66,3952
DA:67,3952
DA:68,3952
LF:25
LH:22
end_of_record
TN:
SF:/usr/include/c++/13/bits/alloc_traits.h
FNF:0
FNH:0
DA:482,431765
DA:517,431765
DA:538,66312768
DA:542,66312768
DA:562,36492190
DA:574,272636
DA:588,1038
DA:661,46400
DA:675,46400
DA:792,11417
DA:948,257644
DA:949,257644
LF:12
LH:12
end_of_record
TN:
SF:/usr/include/c++/13/bits/allocated_ptr.h
FN:53,55,_ZNSt15__allocated_ptrISaISt10_List_nodeIN6merkle5PathTILm32EXadL_ZNS1_L15sha256_compressERKNS1_5HashTILm32EEES6_RS4_EEEUt0_EEEEC2ERSB_PSA_
FN:53,55,_ZNSt15__allocated_ptrISaISt23_Sp_counted_ptr_inplaceIN6merkle5HashTILm32EEESaIvELN9__gnu_cxx12_Lock_policyE2EEEEC2ERS8_PS7_
FN:53,55,_ZNSt15__allocated_ptrISaISt23_Sp_counted_ptr_inplaceIN6merkle5PathTILm32EXadL_ZNS1_L15sha256_compressERKNS1_5HashTILm32EEES6_RS4_EEEESaIvELN9__gnu_cxx12_Lock_policyE2EEEEC2ERSD_PSC_
FN:71,75,_ZNSt15__allocated_ptrISaISt10_List_nodeIN6merkle5PathTILm32EXadL_ZNS1_L15sha256_compressERKNS1_5HashTILm32EEES6_RS4_EEEUt0_EEEED2Ev
FN:71,75,_ZNSt15__allocated_ptrISaISt23_Sp_counted_ptr_inplaceIN6merkle5HashTILm32EEESaIvELN9__gnu_cxx12_Lock_policyE2EEEED2Ev
FN:71,75,_ZNSt15__allocated_ptrISaISt23_Sp_counted_ptr_inplaceIN6merkle5PathTILm32EXadL_ZNS1_L15sha256_compressERKNS1_5HashTILm32EEES6_RS4_EEEESaIvELN9__gnu_cxx12_Lock_policyE2EEEED2Ev
FN:79,83,_ZNSt15__allocated_ptrISaISt10_List_nodeIN6merkle5PathTILm32EXadL_ZNS1_L15sha256_compressERKNS1_5HashTILm32EEES6_RS4_EEEUt0_EEEEaSEDn
FN:79,83,_ZNSt15__allocated_ptrISaISt23_Sp_counted_ptr_inplaceIN6merkle5HashTILm32EEESaIvELN9__gnu_cxx12_Lock_policyE2EEEEaSEDn
FN:79,83,_ZNSt15__allocated_ptrISaISt23_Sp_counted_ptr_inplaceIN6merkle5PathTILm32EXadL_ZNS1_L15sha256_compressERKNS1_5HashTILm32EEES6_RS4_EEEESaIvELN9__gnu_cxx12_Lock_policyE2EEEEaSEDn
FN:86,86,_ZNSt15__allocated_ptrISaISt23_Sp_counted_ptr_inplaceIN6merkle5HashTILm32EEESaIvELN9__gnu_cxx12_Lock_policyE2EEEE3getEv
FN:86,86,_ZNSt15__allocated_ptrISaISt23_Sp_counted_ptr_inplaceIN6merkle5PathTILm32EXadL_ZNS1_L15sha256_compressERKNS1_5HashTILm32EEES6_RS4_EEEESaIvELN9__gnu_cxx12_Lock_policyE2EEEE3getEv
FN:96,99,_ZSt18__allocate_guardedISaISt23_Sp_counted_ptr_inplaceIN6merkle5HashTILm32EEESaIvELN9__gnu_cxx12_Lock_policyE2EEEESt15__allocated_ptrIT_ERSA_
FN:96,99,_ZSt18__allocate_guardedISaISt23_Sp_counted_ptr_inplaceIN6merkle5PathTILm32EXadL_ZNS1_L15sha256_compressERKNS1_5HashTILm32EEES6_RS4_EEEESaIvELN9__gnu_cxx12_Lock_policyE2EEEESt15__allocated_ptrIT_ERSF_
FNDA:286670,_ZNSt15__allocated_ptrISaISt10_List_nodeIN6merkle5PathTILm32EXadL_ZNS1_L15sha256_compressERKNS1_5HashTILm32EEES6_RS4_EEEUt0_EEEEC2ERSB_PSA_
FNDA:48282,_ZNSt15__allocated_ptrISaISt23_Sp_counted_ptr_inplaceIN6merkle5HashTILm32EEESaIvELN9__gnu_cxx12_Lock_policyE2EEEEC2ERS8_PS7_
FNDA:44518,_ZNSt15__allocated_ptrISaISt23_Sp_counted_ptr_inplaceIN6merkle5PathTILm32EXadL_ZNS1_L15sha256_compressERKNS1_5HashTILm32EEES6_RS4_EEEESaIvELN9__gnu_cxx12_Lock_policyE2EEEEC2ERSD_PSC_
FNDA:286670,_ZNSt15__allocated_ptrISaISt10_List_nodeIN6merkle5PathTILm32EXadL_ZNS1_L15sha256_compressERKNS1_5HashTILm32EEES6_RS4_EEEUt0_EEEED2Ev
FNDA:48282,_ZNSt15__allocated_ptrISaISt23_Sp_counted_ptr_inplaceIN6merkle5HashTILm32EEESaIvELN9__gnu_cxx12_Lock_policyE2EEEED2Ev
FNDA:44518,_ZNSt15__allocated_ptrISaISt23_Sp_counted_ptr_inplaceIN6merkle5PathTILm32EXadL_ZNS1_L15sha256_compressERKNS1_5HashTILm32EEES6_RS4_EEEESaIvELN9__gnu_cxx12_Lock_policyE2EEEED2Ev
FNDA:286670,_ZNSt15__allocated_ptrISaISt10_List_nodeIN6merkle5PathTILm32EXadL_ZNS1_L15sha256_compressERKNS1_5HashTILm32EEES6_RS4_EEEUt0_EEEEaSEDn
FNDA:24141,_ZNSt15__allocated_ptrISaISt23_Sp_counted_ptr_inplaceIN6merkle5HashTILm32EEESaIvELN9__gnu_cxx12_Lock_policyE2EEEEaSEDn
FNDA:22259,_ZNSt15__allocated_ptrISaISt23_Sp_counted_ptr_inplaceIN6merkle5PathTILm32EXadL_ZNS1_L15sha256_compressERKNS1_5HashTILm32EEES6_RS4_EEEESaIvELN9__gnu_cxx12_Lock_policyE2EEEEaSEDn
FNDA:24141,_ZNSt15__allocated_ptrISaISt23_Sp_counted_ptr_inplaceIN6merkle5HashTILm32EEESaIvELN9__gnu_cxx12_Lock_policyE2EEEE3getEv
FNDA:22259,_ZNSt15__allocated_ptrISaISt23_Sp_counted_ptr_inplaceIN6merkle5PathTILm32EXadL_ZNS1_L15sha256_compressERKNS1_5HashTILm32EEES6_RS4_EEEESaIvELN9__gnu_cxx12_Lock_policyE2EEEE3getEv
FNDA:24141,_ZSt18__allocate_guardedISaISt23_Sp_counted_ptr_inplaceIN6merkle5HashTILm32EEESaIvELN9__gnu_cxx12_Lock_policyE2EEEESt15__allocated_ptrIT_ERSA_
FNDA:22259,_ZSt18__allocate_guardedISaISt23_Sp_counted_ptr_inplaceIN6merkle5PathTILm32EXadL_ZNS1_L15sha256_compressERKNS1_5HashTILm32EEES6_RS4_EEEESaIvELN9__gnu_cxx12_Lock_policyE2EEEESt15__allocated_ptrIT_ERSF_
FNF:13
FNH:13
DA:53,379470
DA:54,379470
DA:55,379470
DA:71,379470
DA:73,379470
DA:74,46400
DA:75,379470
DA:79,333070
DA:81,333070
DA:82,333070
DA:86,46400
DA:96,46400
DA:98,46400
LF:13
LH:13
end_of_record
TN:
SF:/usr/include/c++/13/bits/allocator.h
FNF:0
FNH:0
DA:163,49912
DA:168,24335
DA:178,92800
DA:184,93913
DA:217,0
LF:5
LH:4
end_of_record
TN:
SF:/usr/include/c++/13/bits/basic_string.h
FN:664,666,_ZNSt7__cxx1112basic_stringIcSt11char_traitsIcESaIcEEC2IS3_EEmcRKS3_
FNDA:75,_ZNSt7__cxx1112basic_stringIcSt11char_traitsIcESaIcEEC2IS3_EEmcRKS3_
FNF:1
FNH:1
DA:355,0
DA:664,75
DA:665,75
DA:666,75
LF:4
LH:3
end_of_record
TN:
SF:/usr/include/c++/13/bits/basic_string.tcc
FN:221,252,_ZNSt7__cxx1112basic_stringIcSt11char_traitsIcESaIcEE12_M_constructIPcEEvT_S7_St20forward_iterator_tag
FN:239,239,_ZZNSt7__cxx1112basic_stringIcSt11char_traitsIcESaIcEE12_M_constructIPcEEvT_S7_St20forward_iterator_tagEN6_GuardC2EPS4_
FN:242,242,_ZZNSt7__cxx1112basic_stringIcSt11char_traitsIcESaIcEE12_M_constructIPcEEvT_S7_St20forward_iterator_tagEN6_GuardD2Ev
FNDA:0,_ZNSt7__cxx1112basic_stringIcSt11char_traitsIcESaIcEE12_M_constructIPcEEvT_S7_St20forward_iterator_tag
FNDA:0,_ZZNSt7__cxx1112basic_stringIcSt11char_traitsIcESaIcEE12_M_constructIPcEEvT_S7_St20forward_iterator_tagEN6_GuardC2EPS4_
FNDA:0,_ZZNSt7__cxx1112basic_stringIcSt11char_traitsIcESaIcEE12_M_constructIPcEEvT_S7_St20forward_iterator_tagEN6_GuardD2Ev
FNF:3
FNH:0
DA:221,0
DA:225,0
DA:227,0
DA:229,0
DA:230,0
DA:239,0
DA:242,0
DA:245,0
DA:247,0
DA:249,0
DA:251,0
DA:252,0
LF:12
LH:0
end_of_record
TN:
SF:/usr/include/c++/13/bits/chrono.h
FN:1141,1143,_ZNSt6chronomiINS_3_V212system_clockENS_8durationIlSt5ratioILl1ELl1000000000EEEES6_EENSt11common_typeIJT0_T1_EE4typeERKNS_10time_pointIT_S8_EERKNSC_ISD_S9_EE
FN:273,291,_ZNSt6chrono13duration_castINS_8durationIlSt5ratioILl1ELl1000000000EEEElS3_EENSt9enable_ifIXsrNS_13__is_durationIT_EE5valueES7_E4typeERKNS1_IT0_T1_EE
FN:573,574,_ZNSt6chrono8durationIlSt5ratioILl1ELl1000000000EEEC1IlvEERKT_
FN:589,590,_ZNKSt6chrono8durationIlSt5ratioILl1ELl1000000000EEE5countEv
FN:710,717,_ZNSt6chronomiIlSt5ratioILl1ELl1000000000EElS2_EENSt11common_typeIJNS_8durationIT_T0_EENS4_IT1_T2_EEEE4typeERKS7_RKSA_
FN:949,950,_ZNKSt6chrono10time_pointINS_3_V212system_clockENS_8durationIlSt5ratioILl1ELl1000000000EEEEE16time_since_epochEv
FNDA:3953,_ZNSt6chronomiINS_3_V212system_clockENS_8durationIlSt5ratioILl1ELl1000000000EEEES6_EENSt11common_typeIJT0_T1_EE4typeERKNS_10time_pointIT_S8_EERKNSC_ISD_S9_EE
FNDA:3953,_ZNSt6chrono13duration_castINS_8durationIlSt5ratioILl1ELl1000000000EEEElS3_EENSt9enable_ifIXsrNS_13__is_durationIT_EE5valueES7_E4typeERKNS1_IT0_T1_EE
FNDA:3953,_ZNSt6chrono8durationIlSt5ratioILl1ELl1000000000EEEC1IlvEERKT_
FNDA:11859,_ZNKSt6chrono8durationIlSt5ratioILl1ELl1000000000EEE5countEv
FNDA:3953,_ZNSt6chronomiIlSt5ratioILl1ELl1000000000EElS2_EENSt11common_typeIJNS_8durationIT_T0_EENS4_IT1_T2_EEEE4typeERKS7_RKSA_
FNDA:7906,_ZNKSt6chrono10time_pointINS_3_V212system_clockENS_8durationIlSt5ratioILl1ELl1000000000EEEEE16time_since_epochEv
FNF:6
FNH:6
DA:273,3953
DA:277,3953
DA:573,3953
DA:574,3953
DA:589,11859
DA:590,11859
DA:710,3953
DA:716,3953
DA:949,7906
DA:950,7906
DA:1141,3953
DA:1143,3953
LF:12
LH:12
end_of_record
TN:
SF:/usr/include/c++/13/bits/cpp_type_traits.h
FN:607,608,_ZSt12__miter_baseIN9__gnu_cxx17__normal_iteratorIPKPN6merkle5TreeTILm32EXadL_ZNS2_L15sha256_compressERKNS2_5HashTILm32EEES7_RS5_EEE4NodeESt6vectorISB_SaISB_EEEEET_SI_
FN:607,608,_ZSt12__miter_baseIN9__gnu_cxx17__normal_iteratorIPPN6merkle5TreeTILm32EXadL_ZNS2_L15sha256_compressERKNS2_5HashTILm32EEES7_RS5_EEE4NodeESt6vectorISB_SaISB_EEEEET_SH_
FN:607,608,_ZSt12__miter_baseIPKhET_S2_
FN:607,608,_ZSt12__miter_baseIPPN6merkle5TreeTILm32EXadL_ZNS0_L15sha256_compressERKNS0_5HashTILm32EEES5_RS3_EEE4NodeEET_SB_
FNDA:2076,_ZSt12__miter_baseIN9__gnu_cxx17__normal_iteratorIPKPN6merkle5TreeTILm32EXadL_ZNS2_L15sha256_compressERKNS2_5HashTILm32EEES7_RS5_EEE4NodeESt6vectorISB_SaISB_EEEEET_SI_
FNDA:170136,_ZSt12__miter_baseIN9__gnu_cxx17__normal_iteratorIPPN6merkle5TreeTILm32EXadL_ZNS2_L15sha256_compressERKNS2_5HashTILm32EEES7_RS5_EEE4NodeESt6vectorISB_SaISB_EEEEET_SH_
FNDA:66187518,_ZSt12__miter_baseIPKhET_S2_
FNDA:10198,_ZSt12__miter_baseIPPN6merkle5TreeTILm32EXadL_ZNS0_L15sha256_compressERKNS0_5HashTILm32EEES5_RS3_EEE4NodeEET_SB_
FNF:4
FNH:4
DA:607,66369928
DA:608,66369928
LF:2
LH:2
end_of_record
TN:
SF:/usr/include/c++/13/bits/invoke.h
FN:104,117,_ZSt10__invoke_rIbRZN6merkle5TreeTILm32EXadL_ZNS0_L15sha256_compressERKNS0_5HashTILm32EEES5_RS3_EEE10retract_toEmEUlRPNS7_4NodeEbE_JSA_bEENSt9enable_ifIX16is_invocable_r_vIT_T0_DpT1_EESE_E4typeEOSF_DpOSG_
FN:104,117,_ZSt10__invoke_rIbRZN6merkle5TreeTILm32EXadL_ZNS0_L15sha256_compressERKNS0_5HashTILm32EEES5_RS3_EEE15serialised_sizeEmmEUlRPNS7_4NodeEbE_JSA_bEENSt9enable_ifIX16is_invocable_r_vIT_T0_DpT1_EESE_E4typeEOSF_DpOSG_
FN:104,117,_ZSt10__invoke_rIbRZN6merkle5TreeTILm32EXadL_ZNS0_L15sha256_compressERKNS0_5HashTILm32EEES5_RS3_EEE15serialised_sizeEvEUlRPNS7_4NodeEbE_JSA_bEENSt9enable_ifIX16is_invocable_r_vIT_T0_DpT1_EESE_E4typeEOSF_DpOSG_
FN:104,117,_ZSt10__invoke_rIbRZN6merkle5TreeTILm32EXadL_ZNS0_L15sha256_compressERKNS0_5HashTILm32EEES5_RS3_EEE4pathEmEUlPNS7_4NodeEbE_JRS9_bEENSt9enable_ifIX16is_invocable_r_vIT_T0_DpT1_EESE_E4typeEOSF_DpOSG_
FN:104,117,_ZSt10__invoke_rIbRZN6merkle5TreeTILm32EXadL_ZNS0_L15sha256_compressERKNS0_5HashTILm32EEES5_RS3_EEE8flush_toEmEUlRPNS7_4NodeEbE_JSA_bEENSt9enable_ifIX16is_invocable_r_vIT_T0_DpT1_EESE_E4typeEOSF_DpOSG_
FN:104,117,_ZSt10__invoke_rIbRZN6merkle5TreeTILm32EXadL_ZNS0_L15sha256_compressERKNS0_5HashTILm32EEES5_RS3_EEE9serialiseERSt6vectorIhSaIhEEEUlRPNS7_4NodeEbE_JSE_bEENSt9enable_ifIX16is_invocable_r_vIT_T0_DpT1_EESI_E4typeEOSJ_DpOSK_
FN:104,117,_ZSt10__invoke_rIbRZN6merkle5TreeTILm32EXadL_ZNS0_L15sha256_compressERKNS0_5HashTILm32EEES5_RS3_EEE9serialiseEmmRSt6vectorIhSaIhEEEUlRPNS7_4NodeEbE_JSE_bEENSt9enable_ifIX16is_invocable_r_vIT_T0_DpT1_EESI_E4typeEOSJ_DpOSK_
FN:60,61,_ZSt13__invoke_implIbRZN6merkle5TreeTILm32EXadL_ZNS0_L15sha256_compressERKNS0_5HashTILm32EEES5_RS3_EEE10retract_toEmEUlRPNS7_4NodeEbE_JSA_bEET_St14__invoke_otherOT0_DpOT1_
FN:60,61,_ZSt13__invoke_implIbRZN6merkle5TreeTILm32EXadL_ZNS0_L15sha256_compressERKNS0_5HashTILm32EEES5_RS3_EEE15serialised_sizeEmmEUlRPNS7_4NodeEbE_JSA_bEET_St14__invoke_otherOT0_DpOT1_
FN:60,61,_ZSt13__invoke_implIbRZN6merkle5TreeTILm32EXadL_ZNS0_L15sha256_compressERKNS0_5HashTILm32EEES5_RS3_EEE15serialised_sizeEvEUlRPNS7_4NodeEbE_JSA_bEET_St14__invoke_otherOT0_DpOT1_
FN:60,61,_ZSt13__invoke_implIbRZN6merkle5TreeTILm32EXadL_ZNS0_L15sha256_compressERKNS0_5HashTILm32EEES5_RS3_EEE4pathEmEUlPNS7_4NodeEbE_JRS9_bEET_St14__invoke_otherOT0_DpOT1_
FN:60,61,_ZSt13__invoke_implIbRZN6merkle5TreeTILm32EXadL_ZNS0_L15sha256_compressERKNS0_5HashTILm32EEES5_RS3_EEE8flush_toEmEUlRPNS7_4NodeEbE_JSA_bEET_St14__invoke_otherOT0_DpOT1_
FN:60,61,_ZSt13__invoke_implIbRZN6merkle5TreeTILm32EXadL_ZNS0_L15sha256_compressERKNS0_5HashTILm32EEES5_RS3_EEE9serialiseERSt6vectorIhSaIhEEEUlRPNS7_4NodeEbE_JSE_bEET_St14__invoke_otherOT0_DpOT1_
FN:60,61,_ZSt13__invoke_implIbRZN6merkle5TreeTILm32EXadL_ZNS0_L15sha256_compressERKNS0_5HashTILm32EEES5_RS3_EEE9serialiseEmmRSt6vectorIhSaIhEEEUlRPNS7_4NodeEbE_JSE_bEET_St14__invoke_otherOT0_DpOT1_
FNDA:193815,_ZSt10__invoke_rIbRZN6merkle5TreeTILm32EXadL_ZNS0_L15sha256_compressERKNS0_5HashTILm32EEES5_RS3_EEE10retract_toEmEUlRPNS7_4NodeEbE_JSA_bEENSt9enable_ifIX16is_invocable_r_vIT_T0_DpT1_EESE_E4typeEOSF_DpOSG_
FNDA:8432,_ZSt10__invoke_rIbRZN6merkle5TreeTILm32EXadL_ZNS0_L15sha256_compressERKNS0_5HashTILm32EEES5_RS3_EEE15serialised_sizeEmmEUlRPNS7_4NodeEbE_JSA_bEENSt9enable_ifIX16is_invocable_r_vIT_T0_DpT1_EESE_E4typeEOSF_DpOSG_
FNDA:8344,_ZSt10__invoke_rIbRZN6merkle5TreeTILm32EXadL_ZNS0_L15sha256_compressERKNS0_5HashTILm32EEES5_RS3_EEE15serialised_sizeEvEUlRPNS7_4NodeEbE_JSA_bEENSt9enable_ifIX16is_invocable_r_vIT_T0_DpT1_EESE_E4typeEOSF_DpOSG_
FNDA:224716,_ZSt10__invoke_rIbRZN6merkle5TreeTILm32EXadL_ZNS0_L15sha256_compressERKNS0_5HashTILm32EEES5_RS3_EEE4pathEmEUlPNS7_4NodeEbE_JRS9_bEENSt9enable_ifIX16is_invocable_r_vIT_T0_DpT1_EESE_E4typeEOSF_DpOSG_
FNDA:806336,_ZSt10__invoke_rIbRZN6merkle5TreeTILm32EXadL_ZNS0_L15sha256_compressERKNS0_5HashTILm32EEES5_RS3_EEE8flush_toEmEUlRPNS7_4NodeEbE_JSA_bEENSt9enable_ifIX16is_invocable_r_vIT_T0_DpT1_EESE_E4typeEOSF_DpOSG_
FNDA:320,_ZSt10__invoke_rIbRZN6merkle5TreeTILm32EXadL_ZNS0_L15sha256_compressERKNS0_5HashTILm32EEES5_RS3_EEE9serialiseERSt6vectorIhSaIhEEEUlRPNS7_4NodeEbE_JSE_bEENSt9enable_ifIX16is_invocable_r_vIT_T0_DpT1_EESI_E4typeEOSJ_DpOSK_
FNDA:8432,_ZSt10__invoke_rIbRZN6merkle5TreeTILm32EXadL_ZNS0_L15sha256_compressERKNS0_5HashTILm32EEES5_RS3_EEE9serialiseEmmRSt6vectorIhSaIhEEEUlRPNS7_4NodeEbE_JSE_bEENSt9enable_ifIX16is_invocable_r_vIT_T0_DpT1_EESI_E4typeEOSJ_DpOSK_
FNDA:193815,_ZSt13__invoke_implIbRZN6merkle5TreeTILm32EXadL_ZNS0_L15sha256_compressERKNS0_5HashTILm32EEES5_RS3_EEE10retract_toEmEUlRPNS7_4NodeEbE_JSA_bEET_St14__invoke_otherOT0_DpOT1_
FNDA:8432,_ZSt13__invoke_implIbRZN6merkle5TreeTILm32EXadL_ZNS0_L15sha256_compressERKNS0_5HashTILm32EEES5_RS3_EEE15serialised_sizeEmmEUlRPNS7_4NodeEbE_JSA_bEET_St14__invoke_otherOT0_DpOT1_
FNDA:8344,_ZSt13__invoke_implIbRZN6merkle5TreeTILm32EXadL_ZNS0_L15sha256_compressERKNS0_5HashTILm32EEES5_RS3_EEE15serialised_sizeEvEUlRPNS7_4NodeEbE_JSA_bEET_St14__invoke_otherOT0_DpOT1_
FNDA:224716,_ZSt13__invoke_implIbRZN6merkle5TreeTILm32EXadL_ZNS0_L15sha256_compressERKNS0_5HashTILm32EEES5_RS3_EEE4pathEmEUlPNS7_4NodeEbE_JRS9_bEET_St14__invoke_otherOT0_DpOT1_
FNDA:806336,_ZSt13__invoke_implIbRZN6merkle5TreeTILm32EXadL_ZNS0_L15sha256_compressERKNS0_5HashTILm32EEES5_RS3_EEE8flush_toEmEUlRPNS7_4NodeEbE_JSA_bEET_St14__invoke_otherOT0_DpOT1_
FNDA:320,_ZSt13__invoke_implIbRZN6merkle5TreeTILm32EXadL_ZNS0_L15sha256_compressERKNS0_5HashTILm32EEES5_RS3_EEE9serialiseERSt6vectorIhSaIhEEEUlRPNS7_4NodeEbE_JSE_bEET_St14__invoke_otherOT0_DpOT1_
FNDA:8432,_ZSt13__invoke_implIbRZN6merkle5TreeTILm32EXadL_ZNS0_L15sha256_compressERKNS0_5HashTILm32EEES5_RS3_EEE9serialiseEmmRSt6vectorIhSaIhEEEUlRPNS7_4NodeEbE_JSE_bEET_St14__invoke_otherOT0_DpOT1_
FNF:14
FNH:14
DA:60,1250395
DA:61,1250395
DA:104,1250395
DA:114,1250395
DA:116,1250395
LF:5
LH:5
end_of_record
TN:
SF:/usr/include/c++/13/bits/list.tcc
FN:66,83,_ZNSt7__cxx1110_List_baseIN6merkle5PathTILm32EXadL_ZNS1_L15sha256_compressERKNS1_5HashTILm32EEES6_RS4_EEEUt0_ESaIS9_EE8_M_clearEv
FNDA:51859,_ZNSt7__cxx1110_List_baseIN6merkle5PathTILm32EXadL_ZNS1_L15sha256_compressERKNS1_5HashTILm32EEES6_RS4_EEEUt0_ESaIS9_EE8_M_clearEv
FNF:1
FNH:1
DA:66,51859
DA:70,51859
DA:71,333843
DA:73,281984
DA:74,281984
DA:75,281984
DA:77,281984
DA:81,281984
DA:83,51859
LF:9
LH:9
end_of_record
TN:
SF:/usr/include/c++/13/bits/move.h
FN:189,200,_ZSt4swapImENSt9enable_ifIXsrSt6__and_IJSt6__not_ISt15__is_tuple_likeIT_EESt21is_move_constructibleIS4_ESt18is_move_assignableIS4_EEE5valueEvE4typeERS4_SE_
FN:51,52,_ZSt11__addressofIKZN6merkle5TreeTILm32EXadL_ZNS0_L15sha256_compressERKNS0_5HashTILm32EEES5_RS3_EEE10retract_toEmEUlRPNS7_4NodeEbE_EPT_RSD_
FN:51,52,_ZSt11__addressofIKZN6merkle5TreeTILm32EXadL_ZNS0_L15sha256_compressERKNS0_5HashTILm32EEES5_RS3_EEE15serialised_sizeEmmEUlRPNS7_4NodeEbE_EPT_RSD_
FN:51,52,_ZSt11__addressofIKZN6merkle5TreeTILm32EXadL_ZNS0_L15sha256_compressERKNS0_5HashTILm32EEES5_RS3_EEE15serialised_sizeEvEUlRPNS7_4NodeEbE_EPT_RSD_
FN:51,52,_ZSt11__addressofIKZN6merkle5TreeTILm32EXadL_ZNS0_L15sha256_compressERKNS0_5HashTILm32EEES5_RS3_EEE4pathEmEUlPNS7_4NodeEbE_EPT_RSC_
FN:51,52,_ZSt11__addressofIKZN6merkle5TreeTILm32EXadL_ZNS0_L15sha256_compressERKNS0_5HashTILm32EEES5_RS3_EEE8flush_toEmEUlRPNS7_4NodeEbE_EPT_RSD_
FN:51,52,_ZSt11__addressofIKZN6merkle5TreeTILm32EXadL_ZNS0_L15sha256_compressERKNS0_5HashTILm32EEES5_RS3_EEE9serialiseERSt6vectorIhSaIhEEEUlRPNS7_4NodeEbE_EPT_RSH_
FN:51,52,_ZSt11__addressofIKZN6merkle5TreeTILm32EXadL_ZNS0_L15sha256_compressERKNS0_5HashTILm32EEES5_RS3_EEE9serialiseEmmRSt6vectorIhSaIhEEEUlRPNS7_4NodeEbE_EPT_RSH_
FN:51,52,_ZSt11__addressofIN6merkle5HashTILm32EEEEPT_RS3_
FN:51,52,_ZSt11__addressofIPN6merkle5TreeTILm32EXadL_ZNS0_L15sha256_compressERKNS0_5HashTILm32EEES5_RS3_EEE4NodeEEPT_RSA_
FN:51,52,_ZSt11__addressofISaISt10_List_nodeIN6merkle5PathTILm32EXadL_ZNS1_L15sha256_compressERKNS1_5HashTILm32EEES6_RS4_EEEUt0_EEEEPT_RSC_
FN:51,52,_ZSt11__addressofISaISt23_Sp_counted_ptr_inplaceIN6merkle5HashTILm32EEESaIvELN9__gnu_cxx12_Lock_policyE2EEEEPT_RS9_
FN:51,52,_ZSt11__addressofISaISt23_Sp_counted_ptr_inplaceIN6merkle5PathTILm32EXadL_ZNS1_L15sha256_compressERKNS1_5HashTILm32EEES6_RS4_EEEESaIvELN9__gnu_cxx12_Lock_policyE2EEEEPT_RSE_
FN:70,71,_ZSt7forwardIN6merkle5HashTILm32EEEEOT_RNSt16remove_referenceIS3_E4typeE
FN:70,71,_ZSt7forwardIN6merkle5PathTILm32EXadL_ZNS0_L15sha256_compressERKNS0_5HashTILm32EEES5_RS3_EEEUt0_EEOT_RNSt16remove_referenceIS9_E4typeE
FN:70,71,_ZSt7forwardIN6merkle5TreeTILm32EXadL_ZNS0_L15sha256_compressERKNS0_5HashTILm32EEES5_RS3_EEEUt_EEOT_RNSt16remove_referenceIS9_E4typeE
FN:70,71,_ZSt7forwardINSt7__cxx114listIN6merkle5PathTILm32EXadL_ZNS2_L15sha256_compressERKNS2_5HashTILm32EEES7_RS5_EEEUt0_ESaISA_EEEEOT_RNSt16remove_referenceISD_E4typeE
FN:70,71,_ZSt7forwardIPN6merkle5TreeTILm32EXadL_ZNS0_L15sha256_compressERKNS0_5HashTILm32EEES5_RS3_EEE4NodeEEOT_RNSt16remove_referenceISA_E4typeE
FN:70,71,_ZSt7forwardIRKN6merkle5HashTILm32EEEEOT_RNSt16remove_referenceIS5_E4typeE
FN:70,71,_ZSt7forwardIRKPN6merkle5TreeTILm32EXadL_ZNS0_L15sha256_compressERKNS0_5HashTILm32EEES5_RS3_EEE4NodeEEOT_RNSt16remove_referenceISC_E4typeE
FN:70,71,_ZSt7forwardIRKSt21piecewise_construct_tEOT_RNSt16remove_referenceIS3_E4typeE
FN:70,71,_ZSt7forwardIRKZN6merkle5TreeTILm32EXadL_ZNS0_L15sha256_compressERKNS0_5HashTILm32EEES5_RS3_EEE10retract_toEmEUlRPNS7_4NodeEbE_EOT_RNSt16remove_referenceISE_E4typeE
FN:70,71,_ZSt7forwardIRKZN6merkle5TreeTILm32EXadL_ZNS0_L15sha256_compressERKNS0_5HashTILm32EEES5_RS3_EEE15serialised_sizeEmmEUlRPNS7_4NodeEbE_EOT_RNSt16remove_referenceISE_E4typeE
FN:70,71,_ZSt7forwardIRKZN6merkle5TreeTILm32EXadL_ZNS0_L15sha256_compressERKNS0_5HashTILm32EEES5_RS3_EEE15serialised_sizeEvEUlRPNS7_4NodeEbE_EOT_RNSt16remove_referenceISE_E4typeE
FN:70,71,_ZSt7forwardIRKZN6merkle5TreeTILm32EXadL_ZNS0_L15sha256_compressERKNS0_5HashTILm32EEES5_RS3_EEE4pathEmEUlPNS7_4NodeEbE_EOT_RNSt16remove_referenceISD_E4typeE
FN:70,71,_ZSt7forwardIRKZN6merkle5TreeTILm32EXadL_ZNS0_L15sha256_compressERKNS0_5HashTILm32EEES5_RS3_EEE8flush_toEmEUlRPNS7_4NodeEbE_EOT_RNSt16remove_referenceISE_E4typeE
FN:70,71,_ZSt7forwardIRKZN6merkle5TreeTILm32EXadL_ZNS0_L15sha256_compressERKNS0_5HashTILm32EEES5_RS3_EEE9serialiseERSt6vectorIhSaIhEEEUlRPNS7_4NodeEbE_EOT_RNSt16remove_referenceISI_E4typeE
FN:70,71,_ZSt7forwardIRKZN6merkle5TreeTILm32EXadL_ZNS0_L15sha256_compressERKNS0_5HashTILm32EEES5_RS3_EEE9serialiseEmmRSt6vectorIhSaIhEEEUlRPNS7_4NodeEbE_EOT_RNSt16remove_referenceISI_E4typeE
FN:70,71,_ZSt7forwardIRKhEOT_RNSt16remove_referenceIS2_E4typeE
FN:70,71,_ZSt7forwardIRKmEOT_RNSt16remove_referenceIS2_E4typeE
FN:70,71,_ZSt7forwardIRPN6merkle5TreeTILm32EXadL_ZNS0_L15sha256_compressERKNS0_5HashTILm32EEES5_RS3_EEE4NodeEEOT_RNSt16remove_referenceISB_E4typeE
FN:70,71,_ZSt7forwardIRPSt13_Rb_tree_nodeISt4pairIKmN6merkle5HashTILm32EEEEEEOT_RNSt16remove_referenceISA_E4typeE
FN:70,71,_ZSt7forwardIRPSt18_Rb_tree_node_baseEOT_RNSt16remove_referenceIS3_E4typeE
FN:70,71,_ZSt7forwardIRZN6merkle5TreeTILm32EXadL_ZNS0_L15sha256_compressERKNS0_5HashTILm32EEES5_RS3_EEE10retract_toEmEUlRPNS7_4NodeEbE_EOT_RNSt16remove_referenceISD_E4typeE
FN:70,71,_ZSt7forwardIRZN6merkle5TreeTILm32EXadL_ZNS0_L15sha256_compressERKNS0_5HashTILm32EEES5_RS3_EEE15serialised_sizeEmmEUlRPNS7_4NodeEbE_EOT_RNSt16remove_referenceISD_E4typeE
FN:70,71,_ZSt7forwardIRZN6merkle5TreeTILm32EXadL_ZNS0_L15sha256_compressERKNS0_5HashTILm32EEES5_RS3_EEE15serialised_sizeEvEUlRPNS7_4NodeEbE_EOT_RNSt16remove_referenceISD_E4typeE
FN:70,71,_ZSt7forwardIRZN6merkle5TreeTILm32EXadL_ZNS0_L15sha256_compressERKNS0_5HashTILm32EEES5_RS3_EEE4pathEmEUlPNS7_4NodeEbE_EOT_RNSt16remove_referenceISC_E4typeE
FN:70,71,_ZSt7forwardIRZN6merkle5TreeTILm32EXadL_ZNS0_L15sha256_compressERKNS0_5HashTILm32EEES5_RS3_EEE8flush_toEmEUlRPNS7_4NodeEbE_EOT_RNSt16remove_referenceISD_E4typeE
FN:70,71,_ZSt7forwardIRZN6merkle5TreeTILm32EXadL_ZNS0_L15sha256_compressERKNS0_5HashTILm32EEES5_RS3_EEE9serialiseERSt6vectorIhSaIhEEEUlRPNS7_4NodeEbE_EOT_RNSt16remove_referenceISH_E4typeE
FN:70,71,_ZSt7forwardIRZN6merkle5TreeTILm32EXadL_ZNS0_L15sha256_compressERKNS0_5HashTILm32EEES5_RS3_EEE9serialiseEmmRSt6vectorIhSaIhEEEUlRPNS7_4NodeEbE_EOT_RNSt16remove_referenceISH_E4typeE
FN:70,71,_ZSt7forwardIRmEOT_RNSt16remove_referenceIS1_E4typeE
FN:70,71,_ZSt7forwardISt5tupleIJEEEOT_RNSt16remove_referenceIS2_E4typeE
FN:70,71,_ZSt7forwardISt5tupleIJRKmEEEOT_RNSt16remove_referenceIS4_E4typeE
FN:70,71,_ZSt7forwardIZN6merkle5TreeTILm32EXadL_ZNS0_L15sha256_compressERKNS0_5HashTILm32EEES5_RS3_EEE10retract_toEmEUlRPNS7_4NodeEbE_EOT_RNSt16remove_referenceISC_E4typeE
FN:70,71,_ZSt7forwardIZN6merkle5TreeTILm32EXadL_ZNS0_L15sha256_compressERKNS0_5HashTILm32EEES5_RS3_EEE15serialised_sizeEmmEUlRPNS7_4NodeEbE_EOT_RNSt16remove_referenceISC_E4typeE
FN:70,71,_ZSt7forwardIZN6merkle5TreeTILm32EXadL_ZNS0_L15sha256_compressERKNS0_5HashTILm32EEES5_RS3_EEE15serialised_sizeEvEUlRPNS7_4NodeEbE_EOT_RNSt16remove_referenceISC_E4typeE
FN:70,71,_ZSt7forwardIZN6merkle5TreeTILm32EXadL_ZNS0_L15sha256_compressERKNS0_5HashTILm32EEES5_RS3_EEE4pathEmEUlPNS7_4NodeEbE_EOT_RNSt16remove_referenceISB_E4typeE
FN:70,71,_ZSt7forwardIZN6merkle5TreeTILm32EXadL_ZNS0_L15sha256_compressERKNS0_5HashTILm32EEES5_RS3_EEE8flush_toEmEUlRPNS7_4NodeEbE_EOT_RNSt16remove_referenceISC_E4typeE
FN:70,71,_ZSt7forwardIZN6merkle5TreeTILm32EXadL_ZNS0_L15sha256_compressERKNS0_5HashTILm32EEES5_RS3_EEE9serialiseERSt6vectorIhSaIhEEEUlRPNS7_4NodeEbE_EOT_RNSt16remove_referenceISG_E4typeE
FN:70,71,_ZSt7forwardIZN6merkle5TreeTILm32EXadL_ZNS0_L15sha256_compressERKNS0_5HashTILm32EEES5_RS3_EEE9serialiseEmmRSt6vectorIhSaIhEEEUlRPNS7_4NodeEbE_EOT_RNSt16remove_referenceISG_E4typeE
FN:70,71,_ZSt7forwardIbEOT_RNSt16remove_referenceIS0_E4typeE
FN:70,71,_ZSt7forwardIhEOT_RNSt16remove_referenceIS0_E4typeE
FN:70,71,_ZSt7forwardImEOT_RNSt16remove_referenceIS0_E4typeE
FN:97,98,_ZSt4moveIRN6merkle5HashTILm32EEEEONSt16remove_referenceIT_E4typeEOS5_
FN:97,98,_ZSt4moveIRN6merkle5PathTILm32EXadL_ZNS0_L15sha256_compressERKNS0_5HashTILm32EEES5_RS3_EEEUt0_EEONSt16remove_referenceIT_E4typeEOSB_
FN:97,98,_ZSt4moveIRN6merkle5TreeTILm32EXadL_ZNS0_L15sha256_compressERKNS0_5HashTILm32EEES5_RS3_EEEUt_EEONSt16remove_referenceIT_E4typeEOSB_
FN:97,98,_ZSt4moveIRNSt7__cxx114listIN6merkle5PathTILm32EXadL_ZNS2_L15sha256_compressERKNS2_5HashTILm32EEES7_RS5_EEEUt0_ESaISA_EEEEONSt16remove_referenceIT_E4typeEOSF_
FN:97,98,_ZSt4moveIRPN6merkle5TreeTILm32EXadL_ZNS0_L15sha256_compressERKNS0_5HashTILm32EEES5_RS3_EEE4NodeEEONSt16remove_referenceIT_E4typeEOSC_
FN:97,98,_ZSt4moveIRSaIcEEONSt16remove_referenceIT_E4typeEOS3_
FN:97,98,_ZSt4moveIRhEONSt16remove_referenceIT_E4typeEOS2_
FN:97,98,_ZSt4moveIRmEONSt16remove_referenceIT_E4typeEOS2_
FNDA:1165,_ZSt4swapImENSt9enable_ifIXsrSt6__and_IJSt6__not_ISt15__is_tuple_likeIT_EESt21is_move_constructibleIS4_ESt18is_move_assignableIS4_EEE5valueEvE4typeERS4_SE_
FNDA:193815,_ZSt11__addressofIKZN6merkle5TreeTILm32EXadL_ZNS0_L15sha256_compressERKNS0_5HashTILm32EEES5_RS3_EEE10retract_toEmEUlRPNS7_4NodeEbE_EPT_RSD_
FNDA:8432,_ZSt11__addressofIKZN6merkle5TreeTILm32EXadL_ZNS0_L15sha256_compressERKNS0_5HashTILm32EEES5_RS3_EEE15serialised_sizeEmmEUlRPNS7_4NodeEbE_EPT_RSD_
FNDA:8344,_ZSt11__addressofIKZN6merkle5TreeTILm32EXadL_ZNS0_L15sha256_compressERKNS0_5HashTILm32EEES5_RS3_EEE15serialised_sizeEvEUlRPNS7_4NodeEbE_EPT_RSD_
FNDA:224716,_ZSt11__addressofIKZN6merkle5TreeTILm32EXadL_ZNS0_L15sha256_compressERKNS0_5HashTILm32EEES5_RS3_EEE4pathEmEUlPNS7_4NodeEbE_EPT_RSC_
FNDA:806336,_ZSt11__addressofIKZN6merkle5TreeTILm32EXadL_ZNS0_L15sha256_compressERKNS0_5HashTILm32EEES5_RS3_EEE8flush_toEmEUlRPNS7_4NodeEbE_EPT_RSD_
FNDA:320,_ZSt11__addressofIKZN6merkle5TreeTILm32EXadL_ZNS0_L15sha256_compressERKNS0_5HashTILm32EEES5_RS3_EEE9serialiseERSt6vectorIhSaIhEEEUlRPNS7_4NodeEbE_EPT_RSH_
FNDA:8432,_ZSt11__addressofIKZN6merkle5TreeTILm32EXadL_ZNS0_L15sha256_compressERKNS0_5HashTILm32EEES5_RS3_EEE9serialiseEmmRSt6vectorIhSaIhEEEUlRPNS7_4NodeEbE_EPT_RSH_
FNDA:34378389,_ZSt11__addressofIN6merkle5HashTILm32EEEEPT_RS3_
FNDA:10198,_ZSt11__addressofIPN6merkle5TreeTILm32EXadL_ZNS0_L15sha256_compressERKNS0_5HashTILm32EEES5_RS3_EEE4NodeEEPT_RSA_
FNDA:286670,_ZSt11__addressofISaISt10_List_nodeIN6merkle5PathTILm32EXadL_ZNS1_L15sha256_compressERKNS1_5HashTILm32EEES6_RS4_EEEUt0_EEEEPT_RSC_
FNDA:48282,_ZSt11__addressofISaISt23_Sp_counted_ptr_inplaceIN6merkle5HashTILm32EEESaIvELN9__gnu_cxx12_Lock_policyE2EEEEPT_RS9_
FNDA:44518,_ZSt11__addressofISaISt23_Sp_counted_ptr_inplaceIN6merkle5PathTILm32EXadL_ZNS1_L15sha256_compressERKNS1_5HashTILm32EEES6_RS4_EEEESaIvELN9__gnu_cxx12_Lock_policyE2EEEEPT_RSE_
FNDA:22918926,_ZSt7forwardIN6merkle5HashTILm32EEEEOT_RNSt16remove_referenceIS3_E4typeE
FNDA:1146680,_ZSt7forwardIN6merkle5PathTILm32EXadL_ZNS0_L15sha256_compressERKNS0_5HashTILm32EEES5_RS3_EEEUt0_EEOT_RNSt16remove_referenceIS9_E4typeE
FNDA:36766028,_ZSt7forwardIN6merkle5TreeTILm32EXadL_ZNS0_L15sha256_compressERKNS0_5HashTILm32EEES5_RS3_EEEUt_EEOT_RNSt16remove_referenceIS9_E4typeE
FNDA:155813,_ZSt7forwardINSt7__cxx114listIN6merkle5PathTILm32EXadL_ZNS2_L15sha256_compressERKNS2_5HashTILm32EEES7_RS5_EEEUt0_ESaISA_EEEEOT_RNSt16remove_referenceISD_E4typeE
FNDA:34435622,_ZSt7forwardIPN6merkle5TreeTILm32EXadL_ZNS0_L15sha256_compressERKNS0_5HashTILm32EEES5_RS3_EEE4NodeEEOT_RNSt16remove_referenceISA_E4typeE
FNDA:17594374,_ZSt7forwardIRKN6merkle5HashTILm32EEEEOT_RNSt16remove_referenceIS5_E4typeE
FNDA:42251595,_ZSt7forwardIRKPN6merkle5TreeTILm32EXadL_ZNS0_L15sha256_compressERKNS0_5HashTILm32EEES5_RS3_EEE4NodeEEOT_RNSt16remove_referenceISC_E4typeE
FNDA:82716,_ZSt7forwardIRKSt21piecewise_construct_tEOT_RNSt16remove_referenceIS3_E4typeE
FNDA:0,_ZSt7forwardIRKZN6merkle5TreeTILm32EXadL_ZNS0_L15sha256_compressERKNS0_5HashTILm32EEES5_RS3_EEE10retract_toEmEUlRPNS7_4NodeEbE_EOT_RNSt16remove_referenceISE_E4typeE
FNDA:0,_ZSt7forwardIRKZN6merkle5TreeTILm32EXadL_ZNS0_L15sha256_compressERKNS0_5HashTILm32EEES5_RS3_EEE15serialised_sizeEmmEUlRPNS7_4NodeEbE_EOT_RNSt16remove_referenceISE_E4typeE
FNDA:0,_ZSt7forwardIRKZN6merkle5TreeTILm32EXadL_ZNS0_L15sha256_compressERKNS0_5HashTILm32EEES5_RS3_EEE15serialised_sizeEvEUlRPNS7_4NodeEbE_EOT_RNSt16remove_referenceISE_E4typeE
FNDA:0,_ZSt7forwardIRKZN6merkle5TreeTILm32EXadL_ZNS0_L15sha256_compressERKNS0_5HashTILm32EEES5_RS3_EEE4pathEmEUlPNS7_4NodeEbE_EOT_RNSt16remove_referenceISD_E4typeE
FNDA:0,_ZSt7forwardIRKZN6merkle5TreeTILm32EXadL_ZNS0_L15sha256_compressERKNS0_5HashTILm32EEES5_RS3_EEE8flush_toEmEUlRPNS7_4NodeEbE_EOT_RNSt16remove_referenceISE_E4typeE
FNDA:0,_ZSt7forwardIRKZN6merkle5TreeTILm32EXadL_ZNS0_L15sha256_compressERKNS0_5HashTILm32EEES5_RS3_EEE9serialiseERSt6vectorIhSaIhEEEUlRPNS7_4NodeEbE_EOT_RNSt16remove_referenceISI_E4typeE
FNDA:0,_ZSt7forwardIRKZN6merkle5TreeTILm32EXadL_ZNS0_L15sha256_compressERKNS0_5HashTILm32EEES5_RS3_EEE9serialiseEmmRSt6vectorIhSaIhEEEUlRPNS7_4NodeEbE_EOT_RNSt16remove_referenceISI_E4typeE
FNDA:2069624,_ZSt7forwardIRKhEOT_RNSt16remove_referenceIS2_E4typeE
FNDA:13786,_ZSt7forwardIRKmEOT_RNSt16remove_referenceIS2_E4typeE
FNDA:5001580,_ZSt7forwardIRPN6merkle5TreeTILm32EXadL_ZNS0_L15sha256_compressERKNS0_5HashTILm32EEES5_RS3_EEE4NodeEEOT_RNSt16remove_referenceISB_E4typeE
FNDA:127,_ZSt7forwardIRPSt13_Rb_tree_nodeISt4pairIKmN6merkle5HashTILm32EEEEEEOT_RNSt16remove_referenceISA_E4typeE
FNDA:127,_ZSt7forwardIRPSt18_Rb_tree_node_baseEOT_RNSt16remove_referenceIS3_E4typeE
FNDA:387630,_ZSt7forwardIRZN6merkle5TreeTILm32EXadL_ZNS0_L15sha256_compressERKNS0_5HashTILm32EEES5_RS3_EEE10retract_toEmEUlRPNS7_4NodeEbE_EOT_RNSt16remove_referenceISD_E4typeE
FNDA:16864,_ZSt7forwardIRZN6merkle5TreeTILm32EXadL_ZNS0_L15sha256_compressERKNS0_5HashTILm32EEES5_RS3_EEE15serialised_sizeEmmEUlRPNS7_4NodeEbE_EOT_RNSt16remove_referenceISD_E4typeE
FNDA:16688,_ZSt7forwardIRZN6merkle5TreeTILm32EXadL_ZNS0_L15sha256_compressERKNS0_5HashTILm32EEES5_RS3_EEE15serialised_sizeEvEUlRPNS7_4NodeEbE_EOT_RNSt16remove_referenceISD_E4typeE
FNDA:449432,_ZSt7forwardIRZN6merkle5TreeTILm32EXadL_ZNS0_L15sha256_compressERKNS0_5HashTILm32EEES5_RS3_EEE4pathEmEUlPNS7_4NodeEbE_EOT_RNSt16remove_referenceISC_E4typeE
FNDA:1612672,_ZSt7forwardIRZN6merkle5TreeTILm32EXadL_ZNS0_L15sha256_compressERKNS0_5HashTILm32EEES5_RS3_EEE8flush_toEmEUlRPNS7_4NodeEbE_EOT_RNSt16remove_referenceISD_E4typeE
FNDA:640,_ZSt7forwardIRZN6merkle5TreeTILm32EXadL_ZNS0_L15sha256_compressERKNS0_5HashTILm32EEES5_RS3_EEE9serialiseERSt6vectorIhSaIhEEEUlRPNS7_4NodeEbE_EOT_RNSt16remove_referenceISH_E4typeE
FNDA:16864,_ZSt7forwardIRZN6merkle5TreeTILm32EXadL_ZNS0_L15sha256_compressERKNS0_5HashTILm32EEES5_RS3_EEE9serialiseEmmRSt6vectorIhSaIhEEEUlRPNS7_4NodeEbE_EOT_RNSt16remove_referenceISH_E4typeE
FNDA:172942,_ZSt7forwardIRmEOT_RNSt16remove_referenceIS1_E4typeE
FNDA:82716,_ZSt7forwardISt5tupleIJEEEOT_RNSt16remove_referenceIS2_E4typeE
FNDA:82716,_ZSt7forwardISt5tupleIJRKmEEEOT_RNSt16remove_referenceIS4_E4typeE
FNDA:64869,_ZSt7forwardIZN6merkle5TreeTILm32EXadL_ZNS0_L15sha256_compressERKNS0_5HashTILm32EEES5_RS3_EEE10retract_toEmEUlRPNS7_4NodeEbE_EOT_RNSt16remove_referenceISC_E4typeE
FNDA:3012,_ZSt7forwardIZN6merkle5TreeTILm32EXadL_ZNS0_L15sha256_compressERKNS0_5HashTILm32EEES5_RS3_EEE15serialised_sizeEmmEUlRPNS7_4NodeEbE_EOT_RNSt16remove_referenceISC_E4typeE
FNDA:3204,_ZSt7forwardIZN6merkle5TreeTILm32EXadL_ZNS0_L15sha256_compressERKNS0_5HashTILm32EEES5_RS3_EEE15serialised_sizeEvEUlRPNS7_4NodeEbE_EOT_RNSt16remove_referenceISC_E4typeE
FNDA:59436,_ZSt7forwardIZN6merkle5TreeTILm32EXadL_ZNS0_L15sha256_compressERKNS0_5HashTILm32EEES5_RS3_EEE4pathEmEUlPNS7_4NodeEbE_EOT_RNSt16remove_referenceISB_E4typeE
FNDA:255204,_ZSt7forwardIZN6merkle5TreeTILm32EXadL_ZNS0_L15sha256_compressERKNS0_5HashTILm32EEES5_RS3_EEE8flush_toEmEUlRPNS7_4NodeEbE_EOT_RNSt16remove_referenceISC_E4typeE
FNDA:102,_ZSt7forwardIZN6merkle5TreeTILm32EXadL_ZNS0_L15sha256_compressERKNS0_5HashTILm32EEES5_RS3_EEE9serialiseERSt6vectorIhSaIhEEEUlRPNS7_4NodeEbE_EOT_RNSt16remove_referenceISG_E4typeE
FNDA:3012,_ZSt7forwardIZN6merkle5TreeTILm32EXadL_ZNS0_L15sha256_compressERKNS0_5HashTILm32EEES5_RS3_EEE9serialiseEmmRSt6vectorIhSaIhEEEUlRPNS7_4NodeEbE_EOT_RNSt16remove_referenceISG_E4typeE
FNDA:5001580,_ZSt7forwardIbEOT_RNSt16remove_referenceIS0_E4typeE
FNDA:182029,_ZSt7forwardIhEOT_RNSt16remove_referenceIS0_E4typeE
FNDA:138684,_ZSt7forwardImEOT_RNSt16remove_referenceIS0_E4typeE
FNDA:11459463,_ZSt4moveIRN6merkle5HashTILm32EEEEONSt16remove_referenceIT_E4typeEOS5_
FNDA:573340,_ZSt4moveIRN6merkle5PathTILm32EXadL_ZNS0_L15sha256_compressERKNS0_5HashTILm32EEES5_RS3_EEEUt0_EEONSt16remove_referenceIT_E4typeEOSB_
FNDA:12254589,_ZSt4moveIRN6merkle5TreeTILm32EXadL_ZNS0_L15sha256_compressERKNS0_5HashTILm32EEES5_RS3_EEEUt_EEONSt16remove_referenceIT_E4typeEOSB_
FNDA:44518,_ZSt4moveIRNSt7__cxx114listIN6merkle5PathTILm32EXadL_ZNS2_L15sha256_compressERKNS2_5HashTILm32EEES7_RS5_EEEUt0_ESaISA_EEEEONSt16remove_referenceIT_E4typeEOSF_
FNDA:11481634,_ZSt4moveIRPN6merkle5TreeTILm32EXadL_ZNS0_L15sha256_compressERKNS0_5HashTILm32EEES5_RS3_EEE4NodeEEONSt16remove_referenceIT_E4typeEOSC_
FNDA:0,_ZSt4moveIRSaIcEEONSt16remove_referenceIT_E4typeEOS3_
FNDA:60673,_ZSt4moveIRhEONSt16remove_referenceIT_E4typeEOS2_
FNDA:3495,_ZSt4moveIRmEONSt16remove_referenceIT_E4typeEOS2_
FNF:61
FNH:53
DA:51,36018452
DA:52,36018452
DA:70,170987294
DA:71,170987294
DA:97,35877712
DA:98,35877712
DA:189,1165
DA:197,1165
DA:198,1165
DA:199,1165
DA:200,1165
LF:11
LH:11
end_of_record
TN:
SF:/usr/include/c++/13/bits/new_allocator.h
FN:104,104,_ZNSt15__new_allocatorIN6merkle5HashTILm32EEEED2Ev
FN:104,104,_ZNSt15__new_allocatorIN6merkle5TreeTILm32EXadL_ZNS0_L15sha256_compressERKNS0_5HashTILm32EEES5_RS3_EEEUt_EED2Ev
FN:104,104,_ZNSt15__new_allocatorIPN6merkle5TreeTILm32EXadL_ZNS0_L15sha256_compressERKNS0_5HashTILm32EEES5_RS3_EEE4NodeEED2Ev
FN:104,104,_ZNSt15__new_allocatorISt10_List_nodeIN6merkle5PathTILm32EXadL_ZNS1_L15sha256_compressERKNS1_5HashTILm32EEES6_RS4_EEEUt0_EEED2Ev
FN:104,104,_ZNSt15__new_allocatorISt13_Rb_tree_nodeISt4pairIKmN6merkle5HashTILm32EEEEEED2Ev
FN:104,104,_ZNSt15__new_allocatorISt23_Sp_counted_ptr_inplaceIN6merkle5HashTILm32EEESaIvELN9__gnu_cxx12_Lock_policyE2EEED2Ev
FN:104,104,_ZNSt15__new_allocatorISt23_Sp_counted_ptr_inplaceIN6merkle5PathTILm32EXadL_ZNS1_L15sha256_compressERKNS1_5HashTILm32EEES6_RS4_EEEESaIvELN9__gnu_cxx12_Lock_policyE2EEED2Ev
FN:104,104,_ZNSt15__new_allocatorIcED2Ev
FN:104,104,_ZNSt15__new_allocatorIhED2Ev
FN:126,152,_ZNSt15__new_allocatorIN6merkle5HashTILm32EEEE8allocateEmPKv
FN:126,152,_ZNSt15__new_allocatorIN6merkle5TreeTILm32EXadL_ZNS0_L15sha256_compressERKNS0_5HashTILm32EEES5_RS3_EEEUt_EE8allocateEmPKv
FN:126,152,_ZNSt15__new_allocatorIPN6merkle5TreeTILm32EXadL_ZNS0_L15sha256_compressERKNS0_5HashTILm32EEES5_RS3_EEE4NodeEE8allocateEmPKv
FN:126,152,_ZNSt15__new_allocatorISt10_List_nodeIN6merkle5PathTILm32EXadL_ZNS1_L15sha256_compressERKNS1_5HashTILm32EEES6_RS4_EEEUt0_EEE8allocateEmPKv
FN:126,152,_ZNSt15__new_allocatorISt13_Rb_tree_nodeISt4pairIKmN6merkle5HashTILm32EEEEEE8allocateEmPKv
FN:126,152,_ZNSt15__new_allocatorISt23_Sp_counted_ptr_inplaceIN6merkle5HashTILm32EEESaIvELN9__gnu_cxx12_Lock_policyE2EEE8allocateEmPKv
FN:126,152,_ZNSt15__new_allocatorISt23_Sp_counted_ptr_inplaceIN6merkle5PathTILm32EXadL_ZNS1_L15sha256_compressERKNS1_5HashTILm32EEES6_RS4_EEEESaIvELN9__gnu_cxx12_Lock_policyE2EEE8allocateEmPKv
FN:126,152,_ZNSt15__new_allocatorIhE8allocateEmPKv
FN:156,173,_ZNSt15__new_allocatorIN6merkle5HashTILm32EEEE10deallocateEPS2_m
FN:156,173,_ZNSt15__new_allocatorIN6merkle5TreeTILm32EXadL_ZNS0_L15sha256_compressERKNS0_5HashTILm32EEES5_RS3_EEEUt_EE10deallocateEPS8_m
FN:156,173,_ZNSt15__new_allocatorIPN6merkle5TreeTILm32EXadL_ZNS0_L15sha256_compressERKNS0_5HashTILm32EEES5_RS3_EEE4NodeEE10deallocateEPS9_m
FN:156,173,_ZNSt15__new_allocatorISt10_List_nodeIN6merkle5PathTILm32EXadL_ZNS1_L15sha256_compressERKNS1_5HashTILm32EEES6_RS4_EEEUt0_EEE10deallocateEPSA_m
FN:156,173,_ZNSt15__new_allocatorISt13_Rb_tree_nodeISt4pairIKmN6merkle5HashTILm32EEEEEE10deallocateEPS7_m
FN:156,173,_ZNSt15__new_allocatorISt23_Sp_counted_ptr_inplaceIN6merkle5HashTILm32EEESaIvELN9__gnu_cxx12_Lock_policyE2EEE10deallocateEPS7_m
FN:156,173,_ZNSt15__new_allocatorISt23_Sp_counted_ptr_inplaceIN6merkle5PathTILm32EXadL_ZNS1_L15sha256_compressERKNS1_5HashTILm32EEES6_RS4_EEEESaIvELN9__gnu_cxx12_Lock_policyE2EEE10deallocateEPSC_m
FN:156,173,_ZNSt15__new_allocatorIhE10deallocateEPhm
FNDA:451,_ZNSt15__new_allocatorIN6merkle5HashTILm32EEEED2Ev
FNDA:3082,_ZNSt15__new_allocatorIN6merkle5TreeTILm32EXadL_ZNS0_L15sha256_compressERKNS0_5HashTILm32EEES5_RS3_EEEUt_EED2Ev
FNDA:16482,_ZNSt15__new_allocatorIPN6merkle5TreeTILm32EXadL_ZNS0_L15sha256_compressERKNS0_5HashTILm32EEES5_RS3_EEE4NodeEED2Ev
FNDA:51859,_ZNSt15__new_allocatorISt10_List_nodeIN6merkle5PathTILm32EXadL_ZNS1_L15sha256_compressERKNS1_5HashTILm32EEES6_RS4_EEEUt0_EEED2Ev
FNDA:127,_ZNSt15__new_allocatorISt13_Rb_tree_nodeISt4pairIKmN6merkle5HashTILm32EEEEEED2Ev
FNDA:48282,_ZNSt15__new_allocatorISt23_Sp_counted_ptr_inplaceIN6merkle5HashTILm32EEESaIvELN9__gnu_cxx12_Lock_policyE2EEED2Ev
FNDA:44518,_ZNSt15__new_allocatorISt23_Sp_counted_ptr_inplaceIN6merkle5PathTILm32EXadL_ZNS1_L15sha256_compressERKNS1_5HashTILm32EEES6_RS4_EEEESaIvELN9__gnu_cxx12_Lock_policyE2EEED2Ev
FNDA:75,_ZNSt15__new_allocatorIcED2Ev
FNDA:2171,_ZNSt15__new_allocatorIhED2Ev
FNDA:6164,_ZNSt15__new_allocatorIN6merkle5HashTILm32EEEE8allocateEmPKv
FNDA:2261,_ZNSt15__new_allocatorIN6merkle5TreeTILm32EXadL_ZNS0_L15sha256_compressERKNS0_5HashTILm32EEES5_RS3_EEEUt_EE8allocateEmPKv
FNDA:54434,_ZNSt15__new_allocatorIPN6merkle5TreeTILm32EXadL_ZNS0_L15sha256_compressERKNS0_5HashTILm32EEES5_RS3_EEE4NodeEE8allocateEmPKv
FNDA:286670,_ZNSt15__new_allocatorISt10_List_nodeIN6merkle5PathTILm32EXadL_ZNS1_L15sha256_compressERKNS1_5HashTILm32EEES6_RS4_EEEUt0_EEE8allocateEmPKv
FNDA:13786,_ZNSt15__new_allocatorISt13_Rb_tree_nodeISt4pairIKmN6merkle5HashTILm32EEEEEE8allocateEmPKv
FNDA:24141,_ZNSt15__new_allocatorISt23_Sp_counted_ptr_inplaceIN6merkle5HashTILm32EEESaIvELN9__gnu_cxx12_Lock_policyE2EEE8allocateEmPKv
FNDA:22259,_ZNSt15__new_allocatorISt23_Sp_counted_ptr_inplaceIN6merkle5PathTILm32EXadL_ZNS1_L15sha256_compressERKNS1_5HashTILm32EEES6_RS4_EEEESaIvELN9__gnu_cxx12_Lock_policyE2EEE8allocateEmPKv
FNDA:22050,_ZNSt15__new_allocatorIhE8allocateEmPKv
FNDA:6164,_ZNSt15__new_allocatorIN6merkle5HashTILm32EEEE10deallocateEPS2_m
FNDA:2261,_ZNSt15__new_allocatorIN6merkle5TreeTILm32EXadL_ZNS0_L15sha256_compressERKNS0_5HashTILm32EEES5_RS3_EEEUt_EE10deallocateEPS8_m
FNDA:54434,_ZNSt15__new_allocatorIPN6merkle5TreeTILm32EXadL_ZNS0_L15sha256_compressERKNS0_5HashTILm32EEES5_RS3_EEE4NodeEE10deallocateEPS9_m
FNDA:286670,_ZNSt15__new_allocatorISt10_List_nodeIN6merkle5PathTILm32EXadL_ZNS1_L15sha256_compressERKNS1_5HashTILm32EEES6_RS4_EEEUt0_EEE10deallocateEPSA_m
FNDA:13786,_ZNSt15__new_allocatorISt13_Rb_tree_nodeISt4pairIKmN6merkle5HashTILm32EEEEEE10deallocateEPS7_m
FNDA:24141,_ZNSt15__new_allocatorISt23_Sp_counted_ptr_inplaceIN6merkle5HashTILm32EEESaIvELN9__gnu_cxx12_Lock_policyE2EEE10deallocateEPS7_m
FNDA:22259,_ZNSt15__new_allocatorISt23_Sp_counted_ptr_inplaceIN6merkle5PathTILm32EXadL_ZNS1_L15sha256_compressERKNS1_5HashTILm32EEES6_RS4_EEEESaIvELN9__gnu_cxx12_Lock_policyE2EEE10deallocateEPSC_m
FNDA:22050,_ZNSt15__new_allocatorIhE10deallocateEPhm
FNF:25
FNH:25
DA:88,142712
DA:92,24335
DA:104,167047
DA:126,431765
DA:134,431765
DA:138,0
DA:139,0
DA:140,0
DA:151,431765
DA:156,431765
DA:172,431765
DA:183,272636
DA:191,66312768
DA:198,36492190
DA:233,704401
LF:15
LH:12
end_of_record
TN:
SF:/usr/include/c++/13/bits/ptr_traits.h
FN:212,216,_ZSt12__to_addressISt23_Sp_counted_ptr_inplaceIN6merkle5HashTILm32EEESaIvELN9__gnu_cxx12_Lock_policyE2EEEPT_S9_
FN:212,216,_ZSt12__to_addressISt23_Sp_counted_ptr_inplaceIN6merkle5PathTILm32EXadL_ZNS1_L15sha256_compressERKNS1_5HashTILm32EEES6_RS4_EEEESaIvELN9__gnu_cxx12_Lock_policyE2EEEPT_SE_
FNDA:24141,_ZSt12__to_addressISt23_Sp_counted_ptr_inplaceIN6merkle5HashTILm32EEESaIvELN9__gnu_cxx12_Lock_policyE2EEEPT_S9_
FNDA:22259,_ZSt12__to_addressISt23_Sp_counted_ptr_inplaceIN6merkle5PathTILm32EXadL_ZNS1_L15sha256_compressERKNS1_5HashTILm32EEES6_RS4_EEEESaIvELN9__gnu_cxx12_Lock_policyE2EEEPT_SE_
FNF:2
FNH:2
DA:212,46400
DA:215,46400
LF:2
LH:2
end_of_record
TN:
SF:/usr/include/c++/13/bits/shared_ptr.h
FN:1005,1011,_ZSt11make_sharedIN6merkle5HashTILm32EEEJRKS2_EESt10shared_ptrINSt9enable_ifIXntsrSt8is_arrayIT_E5valueES8_E4typeEEDpOT0_
FN:1005,1011,_ZSt11make_sharedIN6merkle5PathTILm32EXadL_ZNS0_L15sha256_compressERKNS0_5HashTILm32EEES5_RS3_EEEEJS5_RmNSt7__cxx114listINS7_Ut0_ESaISB_EEES8_EESt10shared_ptrINSt9enable_ifIXntsrSt8is_arrayIT_E5valueESH_E4typeEEDpOT0_
FN:1005,1011,_ZSt11make_sharedIN6merkle5PathTILm32EXadL_ZNS0_L15sha256_compressERKNS0_5HashTILm32EEES5_RS3_EEEEJS5_RmNSt7__cxx114listINS7_Ut0_ESaISB_EEEmEESt10shared_ptrINSt9enable_ifIXntsrSt8is_arrayIT_E5valueESH_E4typeEEDpOT0_
FN:463,465,_ZNSt10shared_ptrIN6merkle5HashTILm32EEEEC2ISaIvEJRKS2_EEESt20_Sp_alloc_shared_tagIT_EDpOT0_
FN:463,465,_ZNSt10shared_ptrIN6merkle5PathTILm32EXadL_ZNS0_L15sha256_compressERKNS0_5HashTILm32EEES5_RS3_EEEEEC2ISaIvEJS5_RmNSt7__cxx114listINS7_Ut0_ESaISE_EEESB_EEESt20_Sp_alloc_shared_tagIT_EDpOT0_
FN:463,465,_ZNSt10shared_ptrIN6merkle5PathTILm32EXadL_ZNS0_L15sha256_compressERKNS0_5HashTILm32EEES5_RS3_EEEEEC2ISaIvEJS5_RmNSt7__cxx114listINS7_Ut0_ESaISE_EEEmEEESt20_Sp_alloc_shared_tagIT_EDpOT0_
FNDA:24141,_ZSt11make_sharedIN6merkle5HashTILm32EEEJRKS2_EESt10shared_ptrINSt9enable_ifIXntsrSt8is_arrayIT_E5valueES8_E4typeEEDpOT0_
FNDA:2447,_ZSt11make_sharedIN6merkle5PathTILm32EXadL_ZNS0_L15sha256_compressERKNS0_5HashTILm32EEES5_RS3_EEEEJS5_RmNSt7__cxx114listINS7_Ut0_ESaISB_EEES8_EESt10shared_ptrINSt9enable_ifIXntsrSt8is_arrayIT_E5valueESH_E4typeEEDpOT0_
FNDA:19812,_ZSt11make_sharedIN6merkle5PathTILm32EXadL_ZNS0_L15sha256_compressERKNS0_5HashTILm32EEES5_RS3_EEEEJS5_RmNSt7__cxx114listINS7_Ut0_ESaISB_EEEmEESt10shared_ptrINSt9enable_ifIXntsrSt8is_arrayIT_E5valueESH_E4typeEEDpOT0_
FNDA:24141,_ZNSt10shared_ptrIN6merkle5HashTILm32EEEEC2ISaIvEJRKS2_EEESt20_Sp_alloc_shared_tagIT_EDpOT0_
FNDA:2447,_ZNSt10shared_ptrIN6merkle5PathTILm32EXadL_ZNS0_L15sha256_compressERKNS0_5HashTILm32EEES5_RS3_EEEEEC2ISaIvEJS5_RmNSt7__cxx114listINS7_Ut0_ESaISE_EEESB_EEESt20_Sp_alloc_shared_tagIT_EDpOT0_
FNDA:19812,_ZNSt10shared_ptrIN6merkle5PathTILm32EXadL_ZNS0_L15sha256_compressERKNS0_5HashTILm32EEES5_RS3_EEEEEC2ISaIvEJS5_RmNSt7__cxx114listINS7_Ut0_ESaISE_EEEmEEESt20_Sp_alloc_shared_tagIT_EDpOT0_
FNF:6
FNH:6
DA:463,46400
DA:464,46400
DA:465,46400
DA:1005,46400
DA:1010,92800
LF:5
LH:5
end_of_record
TN:
SF:/usr/include/c++/13/bits/shared_ptr_base.h
FN:1068,1072,_ZNSt14__shared_countILN9__gnu_cxx12_Lock_policyE2EED2Ev
FN:129,130,_ZNSt16_Sp_counted_baseILN9__gnu_cxx12_Lock_policyE2EEC2Ev
FN:133,134,_ZNSt16_Sp_counted_baseILN9__gnu_cxx12_Lock_policyE2EED0Ev
FN:133,134,_ZNSt16_Sp_counted_baseILN9__gnu_cxx12_Lock_policyE2EED2Ev
FN:1347,1351,_ZNKSt19__shared_ptr_accessIN6merkle5HashTILm32EEELN9__gnu_cxx12_Lock_policyE2ELb0ELb0EEdeEv
FN:1347,1351,_ZNKSt19__shared_ptr_accessIN6merkle5PathTILm32EXadL_ZNS0_L15sha256_compressERKNS0_5HashTILm32EEES5_RS3_EEEELN9__gnu_cxx12_Lock_policyE2ELb0ELb0EEdeEv
FN:1354,1358,_ZNKSt19__shared_ptr_accessIN6merkle5HashTILm32EEELN9__gnu_cxx12_Lock_policyE2ELb0ELb0EEptEv
FN:1354,1358,_ZNKSt19__shared_ptr_accessIN6merkle5PathTILm32EXadL_ZNS0_L15sha256_compressERKNS0_5HashTILm32EEES5_RS3_EEEELN9__gnu_cxx12_Lock_policyE2ELb0ELb0EEptEv
FN:1362,1363,_ZNKSt19__shared_ptr_accessIN6merkle5HashTILm32EEELN9__gnu_cxx12_Lock_policyE2ELb0ELb0EE6_M_getEv
FN:1362,1363,_ZNKSt19__shared_ptr_accessIN6merkle5PathTILm32EXadL_ZNS0_L15sha256_compressERKNS0_5HashTILm32EEES5_RS3_EEEELN9__gnu_cxx12_Lock_policyE2ELb0ELb0EE6_M_getEv
FN:143,144,_ZNSt16_Sp_counted_baseILN9__gnu_cxx12_Lock_policyE2EE10_M_destroyEv
FN:1524,1524,_ZNSt12__shared_ptrIN6merkle5HashTILm32EEELN9__gnu_cxx12_Lock_policyE2EED2Ev
FN:1524,1524,_ZNSt12__shared_ptrIN6merkle5PathTILm32EXadL_ZNS0_L15sha256_compressERKNS0_5HashTILm32EEES5_RS3_EEEELN9__gnu_cxx12_Lock_policyE2EED2Ev
FN:1665,1666,_ZNKSt12__shared_ptrIN6merkle5HashTILm32EEELN9__gnu_cxx12_Lock_policyE2EE3getEv
FN:1665,1666,_ZNKSt12__shared_ptrIN6merkle5PathTILm32EXadL_ZNS0_L15sha256_compressERKNS0_5HashTILm32EEES5_RS3_EEEELN9__gnu_cxx12_Lock_policyE2EE3getEv
FN:1711,1713,_ZNSt12__shared_ptrIN6merkle5HashTILm32EEELN9__gnu_cxx12_Lock_policyE2EEC2ISaIvEJRKS2_EEESt20_Sp_alloc_shared_tagIT_EDpOT0_
FN:1711,1713,_ZNSt12__shared_ptrIN6merkle5PathTILm32EXadL_ZNS0_L15sha256_compressERKNS0_5HashTILm32EEES5_RS3_EEEELN9__gnu_cxx12_Lock_policyE2EEC2ISaIvEJS5_RmNSt7__cxx114listINS7_Ut0_ESaISG_EEESD_EEESt20_Sp_alloc_shared_tagIT_EDpOT0_
FN:1711,1713,_ZNSt12__shared_ptrIN6merkle5PathTILm32EXadL_ZNS0_L15sha256_compressERKNS0_5HashTILm32EEES5_RS3_EEEELN9__gnu_cxx12_Lock_policyE2EEC2ISaIvEJS5_RmNSt7__cxx114listINS7_Ut0_ESaISG_EEEmEEESt20_Sp_alloc_shared_tagIT_EDpOT0_
FN:172,193,_ZNSt16_Sp_counted_baseILN9__gnu_cxx12_Lock_policyE2EE19_M_release_last_useEv
FN:1765,1766,_ZNSt12__shared_ptrIN6merkle5HashTILm32EEELN9__gnu_cxx12_Lock_policyE2EE31_M_enable_shared_from_this_withIS2_S2_EENSt9enable_ifIXntsrNS5_15__has_esft_baseIT0_vEE5valueEvE4typeEPT_
FN:1765,1766,_ZNSt12__shared_ptrIN6merkle5PathTILm32EXadL_ZNS0_L15sha256_compressERKNS0_5HashTILm32EEES5_RS3_EEEELN9__gnu_cxx12_Lock_policyE2EE31_M_enable_shared_from_this_withIS7_S7_EENSt9enable_ifIXntsrNSA_15__has_esft_baseIT0_vEE5valueEvE4typeEPT_
FN:198,199,_ZNSt16_Sp_counted_baseILN9__gnu_cxx12_Lock_policyE2EE24_M_release_last_use_coldEv
FN:317,363,_ZNSt16_Sp_counted_baseILN9__gnu_cxx12_Lock_policyE2EE10_M_releaseEv
FN:470,470,_ZNSt14_Sp_ebo_helperILi0ESaIvELb1EEC2ERKS0_
FN:474,474,_ZNSt14_Sp_ebo_helperILi0ESaIvELb1EE6_S_getERS1_
FN:564,568,_ZNSt19_Sp_make_shared_tag5_S_tiEv
FN:587,587,_ZNSt23_Sp_counted_ptr_inplaceIN6merkle5HashTILm32EEESaIvELN9__gnu_cxx12_Lock_policyE2EE5_ImplC2ES3_
FN:587,587,_ZNSt23_Sp_counted_ptr_inplaceIN6merkle5PathTILm32EXadL_ZNS0_L15sha256_compressERKNS0_5HashTILm32EEES5_RS3_EEEESaIvELN9__gnu_cxx12_Lock_policyE2EE5_ImplC2ES8_
FN:589,589,_ZNSt23_Sp_counted_ptr_inplaceIN6merkle5HashTILm32EEESaIvELN9__gnu_cxx12_Lock_policyE2EE5_Impl8_M_allocEv
FN:589,589,_ZNSt23_Sp_counted_ptr_inplaceIN6merkle5PathTILm32EXadL_ZNS0_L15sha256_compressERKNS0_5HashTILm32EEES5_RS3_EEEESaIvELN9__gnu_cxx12_Lock_policyE2EE5_Impl8_M_allocEv
FN:599,606,_ZNSt23_Sp_counted_ptr_inplaceIN6merkle5HashTILm32EEESaIvELN9__gnu_cxx12_Lock_policyE2EEC2IJRKS2_EEES3_DpOT_
FN:599,606,_ZNSt23_Sp_counted_ptr_inplaceIN6merkle5PathTILm32EXadL_ZNS0_L15sha256_compressERKNS0_5HashTILm32EEES5_RS3_EEEESaIvELN9__gnu_cxx12_Lock_policyE2EEC2IJS5_RmNSt7__cxx114listINS7_Ut0_ESaISG_EEESD_EEES8_DpOT_
FN:599,606,_ZNSt23_Sp_counted_ptr_inplaceIN6merkle5PathTILm32EXadL_ZNS0_L15sha256_compressERKNS0_5HashTILm32EEES5_RS3_EEEESaIvELN9__gnu_cxx12_Lock_policyE2EEC2IJS5_RmNSt7__cxx114listINS7_Ut0_ESaISG_EEEmEEES8_DpOT_
FN:608,608,_ZNSt23_Sp_counted_ptr_inplaceIN6merkle5HashTILm32EEESaIvELN9__gnu_cxx12_Lock_policyE2EED0Ev
FN:608,608,_ZNSt23_Sp_counted_ptr_inplaceIN6merkle5HashTILm32EEESaIvELN9__gnu_cxx12_Lock_policyE2EED2Ev
FN:608,608,_ZNSt23_Sp_counted_ptr_inplaceIN6merkle5PathTILm32EXadL_ZNS0_L15sha256_compressERKNS0_5HashTILm32EEES5_RS3_EEEESaIvELN9__gnu_cxx12_Lock_policyE2EED0Ev
FN:608,608,_ZNSt23_Sp_counted_ptr_inplaceIN6merkle5PathTILm32EXadL_ZNS0_L15sha256_compressERKNS0_5HashTILm32EEES5_RS3_EEEESaIvELN9__gnu_cxx12_Lock_policyE2EED2Ev
FN:611,614,_ZNSt23_Sp_counted_ptr_inplaceIN6merkle5HashTILm32EEESaIvELN9__gnu_cxx12_Lock_policyE2EE10_M_disposeEv
FN:611,614,_ZNSt23_Sp_counted_ptr_inplaceIN6merkle5PathTILm32EXadL_ZNS0_L15sha256_compressERKNS0_5HashTILm32EEES5_RS3_EEEESaIvELN9__gnu_cxx12_Lock_policyE2EE10_M_disposeEv
FN:618,623,_ZNSt23_Sp_counted_ptr_inplaceIN6merkle5HashTILm32EEESaIvELN9__gnu_cxx12_Lock_policyE2EE10_M_destroyEv
FN:618,623,_ZNSt23_Sp_counted_ptr_inplaceIN6merkle5PathTILm32EXadL_ZNS0_L15sha256_compressERKNS0_5HashTILm32EEES5_RS3_EEEESaIvELN9__gnu_cxx12_Lock_policyE2EE10_M_destroyEv
FN:631,648,_ZNSt23_Sp_counted_ptr_inplaceIN6merkle5HashTILm32EEESaIvELN9__gnu_cxx12_Lock_policyE2EE14_M_get_deleterERKSt9type_info
FN:631,648,_ZNSt23_Sp_counted_ptr_inplaceIN6merkle5PathTILm32EXadL_ZNS0_L15sha256_compressERKNS0_5HashTILm32EEES5_RS3_EEEESaIvELN9__gnu_cxx12_Lock_policyE2EE14_M_get_deleterERKSt9type_info
FN:650,650,_ZNSt23_Sp_counted_ptr_inplaceIN6merkle5HashTILm32EEESaIvELN9__gnu_cxx12_Lock_policyE2EE6_M_ptrEv
FN:650,650,_ZNSt23_Sp_counted_ptr_inplaceIN6merkle5PathTILm32EXadL_ZNS0_L15sha256_compressERKNS0_5HashTILm32EEES5_RS3_EEEESaIvELN9__gnu_cxx12_Lock_policyE2EE6_M_ptrEv
FN:964,976,_ZNSt14__shared_countILN9__gnu_cxx12_Lock_policyE2EEC2IN6merkle5HashTILm32EEESaIvEJRKS6_EEERPT_St20_Sp_alloc_shared_tagIT0_EDpOT1_
FN:964,976,_ZNSt14__shared_countILN9__gnu_cxx12_Lock_policyE2EEC2IN6merkle5PathTILm32EXadL_ZNS4_L15sha256_compressERKNS4_5HashTILm32EEES9_RS7_EEEESaIvEJS9_RmNSt7__cxx114listINSB_Ut0_ESaISG_EEESD_EEERPT_St20_Sp_alloc_shared_tagIT0_EDpOT1_
FN:964,976,_ZNSt14__shared_countILN9__gnu_cxx12_Lock_policyE2EEC2IN6merkle5PathTILm32EXadL_ZNS4_L15sha256_compressERKNS4_5HashTILm32EEES9_RS7_EEEESaIvEJS9_RmNSt7__cxx114listINSB_Ut0_ESaISG_EEEmEEERPT_St20_Sp_alloc_shared_tagIT0_EDpOT1_
FNDA:46400,_ZNSt14__shared_countILN9__gnu_cxx12_Lock_policyE2EED2Ev
FNDA:46400,_ZNSt16_Sp_counted_baseILN9__gnu_cxx12_Lock_policyE2EEC2Ev
FNDA:0,_ZNSt16_Sp_counted_baseILN9__gnu_cxx12_Lock_policyE2EED0Ev
FNDA:46400,_ZNSt16_Sp_counted_baseILN9__gnu_cxx12_Lock_policyE2EED2Ev
FNDA:394491,_ZNKSt19__shared_ptr_accessIN6merkle5HashTILm32EEELN9__gnu_cxx12_Lock_policyE2ELb0ELb0EEdeEv
[...]
FNDA:376878,_ZNSt12_Vector_baseIPN6merkle5TreeTILm32EXadL_ZNS0_L15sha256_compressERKNS0_5HashTILm32EEES5_RS3_EEE4NodeESaIS9_EE19_M_get_Tp_allocatorEv
FNDA:40799,_ZNSt12_Vector_baseIhSaIhEE19_M_get_Tp_allocatorEv
FNDA:12328,_ZNKSt12_Vector_baseIN6merkle5HashTILm32EEESaIS2_EE19_M_get_Tp_allocatorEv
FNDA:4522,_ZNKSt12_Vector_baseIN6merkle5TreeTILm32EXadL_ZNS0_L15sha256_compressERKNS0_5HashTILm32EEES5_RS3_EEEUt_ESaIS8_EE19_M_get_Tp_allocatorEv
FNDA:218196,_ZNKSt12_Vector_baseIPN6merkle5TreeTILm32EXadL_ZNS0_L15sha256_compressERKNS0_5HashTILm32EEES5_RS3_EEE4NodeESaIS9_EE19_M_get_Tp_allocatorEv
FNDA:38628,_ZNKSt12_Vector_baseIhSaIhEE19_M_get_Tp_allocatorEv
FNDA:451,_ZNSt12_Vector_baseIN6merkle5HashTILm32EEESaIS2_EEC2Ev
FNDA:3082,_ZNSt12_Vector_baseIN6merkle5TreeTILm32EXadL_ZNS0_L15sha256_compressERKNS0_5HashTILm32EEES5_RS3_EEEUt_ESaIS8_EEC2Ev
FNDA:14406,_ZNSt12_Vector_baseIPN6merkle5TreeTILm32EXadL_ZNS0_L15sha256_compressERKNS0_5HashTILm32EEES5_RS3_EEE4NodeESaIS9_EEC2Ev
FNDA:2171,_ZNSt12_Vector_baseIhSaIhEEC2Ev
FNDA:1038,_ZNSt12_Vector_baseIPN6merkle5TreeTILm32EXadL_ZNS0_L15sha256_compressERKNS0_5HashTILm32EEES5_RS3_EEE4NodeESaIS9_EEC2EmRKSA_
FNDA:451,_ZNSt12_Vector_baseIN6merkle5HashTILm32EEESaIS2_EED2Ev
FNDA:3082,_ZNSt12_Vector_baseIN6merkle5TreeTILm32EXadL_ZNS0_L15sha256_compressERKNS0_5HashTILm32EEES5_RS3_EEEUt_ESaIS8_EED2Ev
FNDA:15444,_ZNSt12_Vector_baseIPN6merkle5TreeTILm32EXadL_ZNS0_L15sha256_compressERKNS0_5HashTILm32EEES5_RS3_EEE4NodeESaIS9_EED2Ev
FNDA:2171,_ZNSt12_Vector_baseIhSaIhEED2Ev
FNDA:6164,_ZNSt12_Vector_baseIN6merkle5HashTILm32EEESaIS2_EE11_M_allocateEm
FNDA:2261,_ZNSt12_Vector_baseIN6merkle5TreeTILm32EXadL_ZNS0_L15sha256_compressERKNS0_5HashTILm32EEES5_RS3_EEEUt_ESaIS8_EE11_M_allocateEm
FNDA:54434,_ZNSt12_Vector_baseIPN6merkle5TreeTILm32EXadL_ZNS0_L15sha256_compressERKNS0_5HashTILm32EEES5_RS3_EEE4NodeESaIS9_EE11_M_allocateEm
FNDA:22050,_ZNSt12_Vector_baseIhSaIhEE11_M_allocateEm
FNDA:6615,_ZNSt12_Vector_baseIN6merkle5HashTILm32EEESaIS2_EE13_M_deallocateEPS2_m
FNDA:5343,_ZNSt12_Vector_baseIN6merkle5TreeTILm32EXadL_ZNS0_L15sha256_compressERKNS0_5HashTILm32EEES5_RS3_EEEUt_ESaIS8_EE13_M_deallocateEPS8_m
FNDA:68840,_ZNSt12_Vector_baseIPN6merkle5TreeTILm32EXadL_ZNS0_L15sha256_compressERKNS0_5HashTILm32EEES5_RS3_EEE4NodeESaIS9_EE13_M_deallocateEPS9_m
FNDA:24221,_ZNSt12_Vector_baseIhSaIhEE13_M_deallocateEPhm
FNDA:1038,_ZNSt12_Vector_baseIPN6merkle5TreeTILm32EXadL_ZNS0_L15sha256_compressERKNS0_5HashTILm32EEES5_RS3_EEE4NodeESaIS9_EE17_M_create_storageEm
FNDA:12328,_ZNSt6vectorIN6merkle5HashTILm32EEESaIS2_EE11_S_relocateEPS2_S5_S5_RS3_
FNDA:4522,_ZNSt6vectorIN6merkle5TreeTILm32EXadL_ZNS0_L15sha256_compressERKNS0_5HashTILm32EEES5_RS3_EEEUt_ESaIS8_EE11_S_relocateEPS8_SB_SB_RS9_
FNDA:101066,_ZNSt6vectorIPN6merkle5TreeTILm32EXadL_ZNS0_L15sha256_compressERKNS0_5HashTILm32EEES5_RS3_EEE4NodeESaIS9_EE11_S_relocateEPS9_SC_SC_RSA_
FNDA:38628,_ZNSt6vectorIhSaIhEE11_S_relocateEPhS2_S2_RS0_
FNDA:451,_ZNSt6vectorIN6merkle5HashTILm32EEESaIS2_EEC2Ev
FNDA:3082,_ZNSt6vectorIN6merkle5TreeTILm32EXadL_ZNS0_L15sha256_compressERKNS0_5HashTILm32EEES5_RS3_EEEUt_ESaIS8_EEC2Ev
FNDA:14406,_ZNSt6vectorIPN6merkle5TreeTILm32EXadL_ZNS0_L15sha256_compressERKNS0_5HashTILm32EEES5_RS3_EEE4NodeESaIS9_EEC2Ev
FNDA:2171,_ZNSt6vectorIhSaIhEEC2Ev
FNDA:1038,_ZNSt6vectorIPN6merkle5TreeTILm32EXadL_ZNS0_L15sha256_compressERKNS0_5HashTILm32EEES5_RS3_EEE4NodeESaIS9_EEC2ERKSB_
FNDA:451,_ZNSt6vectorIN6merkle5HashTILm32EEESaIS2_EED2Ev
FNDA:3082,_ZNSt6vectorIN6merkle5TreeTILm32EXadL_ZNS0_L15sha256_compressERKNS0_5HashTILm32EEES5_RS3_EEEUt_ESaIS8_EED2Ev
FNDA:15444,_ZNSt6vectorIPN6merkle5TreeTILm32EXadL_ZNS0_L15sha256_compressERKNS0_5HashTILm32EEES5_RS3_EEE4NodeESaIS9_EED2Ev
FNDA:2171,_ZNSt6vectorIhSaIhEED2Ev
FNDA:6486,_ZNSt6vectorIN6merkle5HashTILm32EEESaIS2_EE5beginEv
FNDA:2261,_ZNSt6vectorIN6merkle5TreeTILm32EXadL_ZNS0_L15sha256_compressERKNS0_5HashTILm32EEES5_RS3_EEEUt_ESaIS8_EE5beginEv
FNDA:444979,_ZNSt6vectorIPN6merkle5TreeTILm32EXadL_ZNS0_L15sha256_compressERKNS0_5HashTILm32EEES5_RS3_EEE4NodeESaIS9_EE5beginEv
FNDA:16579,_ZNSt6vectorIhSaIhEE5beginEv
FNDA:12417665,_ZNKSt6vectorIN6merkle5TreeTILm32EXadL_ZNS0_L15sha256_compressERKNS0_5HashTILm32EEES5_RS3_EEEUt_ESaIS8_EE5beginEv
FNDA:11573286,_ZNKSt6vectorIPN6merkle5TreeTILm32EXadL_ZNS0_L15sha256_compressERKNS0_5HashTILm32EEES5_RS3_EEE4NodeESaIS9_EE5beginEv
FNDA:6486,_ZNSt6vectorIN6merkle5HashTILm32EEESaIS2_EE3endEv
FNDA:36766028,_ZNSt6vectorIN6merkle5TreeTILm32EXadL_ZNS0_L15sha256_compressERKNS0_5HashTILm32EEES5_RS3_EEEUt_ESaIS8_EE3endEv
FNDA:29668616,_ZNSt6vectorIPN6merkle5TreeTILm32EXadL_ZNS0_L15sha256_compressERKNS0_5HashTILm32EEES5_RS3_EEE4NodeESaIS9_EE3endEv
FNDA:77252,_ZNSt6vectorIhSaIhEE3endEv
FNDA:12417665,_ZNKSt6vectorIN6merkle5TreeTILm32EXadL_ZNS0_L15sha256_compressERKNS0_5HashTILm32EEES5_RS3_EEEUt_ESaIS8_EE3endEv
FNDA:11573286,_ZNKSt6vectorIPN6merkle5TreeTILm32EXadL_ZNS0_L15sha256_compressERKNS0_5HashTILm32EEES5_RS3_EEE4NodeESaIS9_EE3endEv
FNDA:91095,_ZNKSt6vectorIPN6merkle5TreeTILm32EXadL_ZNS0_L15sha256_compressERKNS0_5HashTILm32EEES5_RS3_EEE4NodeESaIS9_EE6cbeginEv
FNDA:451,_ZNSt12_Vector_baseIN6merkle5HashTILm32EEESaIS2_EE17_Vector_impl_dataC2Ev
FNDA:3082,_ZNSt12_Vector_baseIN6merkle5TreeTILm32EXadL_ZNS0_L15sha256_compressERKNS0_5HashTILm32EEES5_RS3_EEEUt_ESaIS8_EE17_Vector_impl_dataC2Ev
FNDA:26861,_ZNSt12_Vector_baseIPN6merkle5TreeTILm32EXadL_ZNS0_L15sha256_compressERKNS0_5HashTILm32EEES5_RS3_EEE4NodeESaIS9_EE17_Vector_impl_dataC2Ev
FNDA:2171,_ZNSt12_Vector_baseIhSaIhEE17_Vector_impl_dataC2Ev
FNDA:4589733,_ZNKSt6vectorIN6merkle5HashTILm32EEESaIS2_EE4sizeEv
FNDA:9044,_ZNKSt6vectorIN6merkle5TreeTILm32EXadL_ZNS0_L15sha256_compressERKNS0_5HashTILm32EEES5_RS3_EEEUt_ESaIS8_EE4sizeEv
FNDA:48900227,_ZNKSt6vectorIPN6merkle5TreeTILm32EXadL_ZNS0_L15sha256_compressERKNS0_5HashTILm32EEES5_RS3_EEE4NodeESaIS9_EE4sizeEv
FNDA:107039,_ZNKSt6vectorIhSaIhEE4sizeEv
FNDA:12328,_ZNKSt6vectorIN6merkle5HashTILm32EEESaIS2_EE8max_sizeEv
FNDA:4522,_ZNKSt6vectorIN6merkle5TreeTILm32EXadL_ZNS0_L15sha256_compressERKNS0_5HashTILm32EEES5_RS3_EEEUt_ESaIS8_EE8max_sizeEv
FNDA:217158,_ZNKSt6vectorIPN6merkle5TreeTILm32EXadL_ZNS0_L15sha256_compressERKNS0_5HashTILm32EEES5_RS3_EEE4NodeESaIS9_EE8max_sizeEv
FNDA:38628,_ZNKSt6vectorIhSaIhEE8max_sizeEv
FNF:119
FNH:119
DA:99,32565
DA:100,32565
DA:101,32565
DA:113,34251
DA:115,34251
DA:116,34251
DA:117,34251
DA:118,34251
DA:122,11417
DA:126,11417
DA:127,11417
DA:128,11417
DA:129,11417
DA:130,11417
DA:137,20110
DA:142,20110
DA:143,20110
DA:146,1038
DA:147,1038
DA:148,1038
DA:301,438060
DA:302,438060
DA:306,273674
DA:307,273674
DA:315,20110
DA:333,1038
DA:334,1038
DA:335,1038
DA:367,21148
DA:369,21148
DA:370,21148
DA:371,21148
DA:378,84909
DA:381,169818
DA:386,105019
DA:389,105019
DA:390,84909
DA:391,105019
DA:396,1038
DA:398,1038
DA:399,1038
DA:400,1038
DA:401,1038
DA:504,156544
DA:509,156544
DA:531,20110
DA:601,1038
DA:603,2076
DA:605,1038
DA:606,1038
DA:608,1038
DA:609,1038
DA:733,21148
DA:735,21148
DA:736,21148
DA:738,21148
DA:873,470305
DA:874,470305
DA:883,23990951
DA:884,23990951
DA:893,66518382
DA:894,66518382
DA:903,23990951
DA:904,23990951
DA:954,91095
DA:955,91095
DA:992,53606043
DA:993,53606043
DA:998,272636
DA:999,272636
DA:1013,21623
DA:1015,21623
DA:1016,0
DA:1017,21623
DA:1018,21623
DA:1019,21623
DA:1078,127290
DA:1079,127290
DA:1080,127290
DA:1088,23988470
DA:1089,23988470
DA:1126,7009590
DA:1129,7009590
DA:1145,239446
DA:1148,239446
DA:1155,107426
DA:1157,107426
DA:1158,0
DA:1162,107426
DA:1178,60844
DA:1180,60844
DA:1181,60844
DA:1197,46582
DA:1199,46582
DA:1200,46582
DA:1233,66061987
DA:1236,66061987
DA:1265,8392
DA:1266,8392
DA:1281,30755820
DA:1283,30755820
DA:1286,30694748
DA:1288,30694748
DA:1292,61072
DA:1293,30755820
DA:1298,23785903
DA:1299,23785903
DA:1322,24727172
DA:1325,24727172
DA:1326,24727172
DA:1328,24727172
DA:1562,85068
DA:1564,85068
DA:1565,85068
DA:1566,170136
DA:1586,11417
DA:1589,11417
DA:1592,11417
DA:1593,11417
DA:1594,11417
DA:1595,11417
DA:1605,142210
DA:1606,142210
DA:1833,5099
DA:1835,5099
DA:1837,5099
DA:1840,5099
DA:1841,10198
DA:1844,5099
DA:1848,10198
DA:1852,5099
DA:1853,5099
DA:1896,72673
DA:1898,72673
DA:1899,0
DA:1901,72673
DA:1902,72673
DA:1916,272636
DA:1921,272636
DA:1923,272636
DA:1924,272636
DA:1933,248901
DA:1935,248901
DA:1937,236496
DA:1938,236496
DA:1939,236496
DA:1942,248901
DA:1990,8392
DA:1991,8392
DA:2112,5
DA:2114,5
LF:151
LH:148
end_of_record
TN:
SF:/usr/include/c++/13/bits/vector.tcc
FN:111,127,_ZNSt6vectorIN6merkle5TreeTILm32EXadL_ZNS0_L15sha256_compressERKNS0_5HashTILm32EEES5_RS3_EEEUt_ESaIS8_EE12emplace_backIJS8_EEERS8_DpOT_
FN:111,127,_ZNSt6vectorIPN6merkle5TreeTILm32EXadL_ZNS0_L15sha256_compressERKNS0_5HashTILm32EEES5_RS3_EEE4NodeESaIS9_EE12emplace_backIJS9_EEERS9_DpOT_
FN:111,127,_ZNSt6vectorIhSaIhEE12emplace_backIJhEEERhDpOT_
FN:133,176,_ZNSt6vectorIPN6merkle5TreeTILm32EXadL_ZNS0_L15sha256_compressERKNS0_5HashTILm32EEES5_RS3_EEE4NodeESaIS9_EE6insertEN9__gnu_cxx17__normal_iteratorIPKS9_SB_EERSE_
FN:195,205,_ZNSt6vectorIPN6merkle5TreeTILm32EXadL_ZNS0_L15sha256_compressERKNS0_5HashTILm32EEES5_RS3_EEE4NodeESaIS9_EE8_M_eraseEN9__gnu_cxx17__normal_iteratorIPS9_SB_EESF_
FN:413,438,_ZNSt6vectorIPN6merkle5TreeTILm32EXadL_ZNS0_L15sha256_compressERKNS0_5HashTILm32EEES5_RS3_EEE4NodeESaIS9_EE13_M_insert_auxIS9_EEvN9__gnu_cxx17__normal_iteratorIPS9_SB_EEOT_
FN:445,524,_ZNSt6vectorIN6merkle5HashTILm32EEESaIS2_EE17_M_realloc_insertIJRKS2_EEEvN9__gnu_cxx17__normal_iteratorIPS2_S4_EEDpOT_
FN:445,524,_ZNSt6vectorIN6merkle5TreeTILm32EXadL_ZNS0_L15sha256_compressERKNS0_5HashTILm32EEES5_RS3_EEEUt_ESaIS8_EE17_M_realloc_insertIJS8_EEEvN9__gnu_cxx17__normal_iteratorIPS8_SA_EEDpOT_
FN:445,524,_ZNSt6vectorIPN6merkle5TreeTILm32EXadL_ZNS0_L15sha256_compressERKNS0_5HashTILm32EEES5_RS3_EEE4NodeESaIS9_EE17_M_realloc_insertIJRKS9_EEEvN9__gnu_cxx17__normal_iteratorIPS9_SB_EEDpOT_
FN:445,524,_ZNSt6vectorIPN6merkle5TreeTILm32EXadL_ZNS0_L15sha256_compressERKNS0_5HashTILm32EEES5_RS3_EEE4NodeESaIS9_EE17_M_realloc_insertIJS9_EEEvN9__gnu_cxx17__normal_iteratorIPS9_SB_EEDpOT_
FN:445,524,_ZNSt6vectorIhSaIhEE17_M_realloc_insertIJRKhEEEvN9__gnu_cxx17__normal_iteratorIPhS1_EEDpOT_
FN:445,524,_ZNSt6vectorIhSaIhEE17_M_realloc_insertIJhEEEvN9__gnu_cxx17__normal_iteratorIPhS1_EEDpOT_
FN:634,710,_ZNSt6vectorIPN6merkle5TreeTILm32EXadL_ZNS0_L15sha256_compressERKNS0_5HashTILm32EEES5_RS3_EEE4NodeESaIS9_EE17_M_default_appendEm
FN:67,100,_ZNSt6vectorIPN6merkle5TreeTILm32EXadL_ZNS0_L15sha256_compressERKNS0_5HashTILm32EEES5_RS3_EEE4NodeESaIS9_EE7reserveEm
FN:67,100,_ZNSt6vectorIhSaIhEE7reserveEm
FNDA:12254589,_ZNSt6vectorIN6merkle5TreeTILm32EXadL_ZNS0_L15sha256_compressERKNS0_5HashTILm32EEES5_RS3_EEEUt_ESaIS8_EE12emplace_backIJS8_EEERS8_DpOT_
FNDA:11470641,_ZNSt6vectorIPN6merkle5TreeTILm32EXadL_ZNS0_L15sha256_compressERKNS0_5HashTILm32EEES5_RS3_EEE4NodeESaIS9_EE12emplace_backIJS9_EEERS9_DpOT_
FNDA:60673,_ZNSt6vectorIhSaIhEE12emplace_backIJhEEERhDpOT_
FNDA:6027,_ZNSt6vectorIPN6merkle5TreeTILm32EXadL_ZNS0_L15sha256_compressERKNS0_5HashTILm32EEES5_RS3_EEE4NodeESaIS9_EE6insertEN9__gnu_cxx17__normal_iteratorIPKS9_SB_EERSE_
FNDA:85068,_ZNSt6vectorIPN6merkle5TreeTILm32EXadL_ZNS0_L15sha256_compressERKNS0_5HashTILm32EEES5_RS3_EEE4NodeESaIS9_EE8_M_eraseEN9__gnu_cxx17__normal_iteratorIPS9_SB_EESF_
FNDA:5099,_ZNSt6vectorIPN6merkle5TreeTILm32EXadL_ZNS0_L15sha256_compressERKNS0_5HashTILm32EEES5_RS3_EEE4NodeESaIS9_EE13_M_insert_auxIS9_EEvN9__gnu_cxx17__normal_iteratorIPS9_SB_EEOT_
FNDA:6164,_ZNSt6vectorIN6merkle5HashTILm32EEESaIS2_EE17_M_realloc_insertIJRKS2_EEEvN9__gnu_cxx17__normal_iteratorIPS2_S4_EEDpOT_
FNDA:2261,_ZNSt6vectorIN6merkle5TreeTILm32EXadL_ZNS0_L15sha256_compressERKNS0_5HashTILm32EEES5_RS3_EEEUt_ESaIS8_EE17_M_realloc_insertIJS8_EEEvN9__gnu_cxx17__normal_iteratorIPS8_SA_EEDpOT_
FNDA:39268,_ZNSt6vectorIPN6merkle5TreeTILm32EXadL_ZNS0_L15sha256_compressERKNS0_5HashTILm32EEES5_RS3_EEE4NodeESaIS9_EE17_M_realloc_insertIJRKS9_EEEvN9__gnu_cxx17__normal_iteratorIPS9_SB_EEDpOT_
FNDA:8402,_ZNSt6vectorIPN6merkle5TreeTILm32EXadL_ZNS0_L15sha256_compressERKNS0_5HashTILm32EEES5_RS3_EEE4NodeESaIS9_EE17_M_realloc_insertIJS9_EEEvN9__gnu_cxx17__normal_iteratorIPS9_SB_EEDpOT_
FNDA:16568,_ZNSt6vectorIhSaIhEE17_M_realloc_insertIJRKhEEEvN9__gnu_cxx17__normal_iteratorIPhS1_EEDpOT_
FNDA:10,_ZNSt6vectorIhSaIhEE17_M_realloc_insertIJhEEEvN9__gnu_cxx17__normal_iteratorIPhS1_EEDpOT_
FNDA:0,_ZNSt6vectorIPN6merkle5TreeTILm32EXadL_ZNS0_L15sha256_compressERKNS0_5HashTILm32EEES5_RS3_EEE4NodeESaIS9_EE17_M_default_appendEm
FNDA:121818,_ZNSt6vectorIPN6merkle5TreeTILm32EXadL_ZNS0_L15sha256_compressERKNS0_5HashTILm32EEES5_RS3_EEE4NodeESaIS9_EE7reserveEm
FNDA:5472,_ZNSt6vectorIhSaIhEE7reserveEm
FNF:15
FNH:14
DA:67,127290
DA:70,127290
DA:71,0
DA:72,127290
DA:74,11198
DA:79,11198
DA:80,11198
DA:81,11198
DA:93,11198
DA:94,11198
DA:95,11198
DA:96,11198
DA:97,11198
DA:98,11198
DA:100,127290
DA:111,23785903
DA:114,23785903
DA:117,23775230
DA:119,23775230
DA:123,10673
DA:125,23785903
DA:133,6027
DA:140,6027
DA:141,6027
DA:143,5099
DA:144,5099
DA:145,0
DA:147,5099
DA:150,0
DA:152,0
DA:158,5099
DA:161,5099
DA:162,5099
DA:166,5099
DA:170,928
DA:175,6027
DA:195,85068
DA:198,85068
DA:200,85068
DA:201,85068
DA:202,85068
DA:204,85068
DA:413,5099
DA:423,5099
DA:424,5099
DA:425,5099
DA:430,5099
DA:436,5099
DA:438,5099
DA:445,72673
DA:455,72673
DA:456,72673
DA:457,72673
DA:458,72673
DA:459,72673
DA:460,72673
DA:468,72673
DA:469,56095
DA:475,72673
DA:480,72673
DA:481,72673
DA:483,72673
DA:485,72673
DA:486,72673
DA:519,72673
DA:520,72673
DA:521,72673
DA:522,72673
DA:523,72673
DA:524,72673
DA:634,0
DA:637,0
DA:639,0
DA:640,0
DA:641,0
DA:643,0
DA:644,0
DA:646,0
DA:649,0
DA:650,0
DA:651,0
DA:658,0
DA:659,0
DA:662,0
DA:663,0
DA:668,0
DA:669,0
DA:671,0
DA:673,0
DA:674,0
DA:676,0
DA:677,0
DA:703,0
DA:704,0
DA:705,0
DA:706,0
DA:707,0
DA:710,0
LF:98
LH:66
end_of_record
TN:
SF:/usr/include/c++/13/ext/aligned_buffer.h
FN:104,107,_ZN9__gnu_cxx16__aligned_bufferIN6merkle5HashTILm32EEEE7_M_addrEv
FN:104,107,_ZN9__gnu_cxx16__aligned_bufferIN6merkle5PathTILm32EXadL_ZNS1_L15sha256_compressERKNS1_5HashTILm32EEES6_RS4_EEEEE7_M_addrEv
FN:116,117,_ZN9__gnu_cxx16__aligned_bufferIN6merkle5HashTILm32EEEE6_M_ptrEv
FN:116,117,_ZN9__gnu_cxx16__aligned_bufferIN6merkle5PathTILm32EXadL_ZNS1_L15sha256_compressERKNS1_5HashTILm32EEES6_RS4_EEEEE6_M_ptrEv
FN:64,65,_ZN9__gnu_cxx16__aligned_membufIN6merkle5PathTILm32EXadL_ZNS1_L15sha256_compressERKNS1_5HashTILm32EEES6_RS4_EEEUt0_EE7_M_addrEv
FN:64,65,_ZN9__gnu_cxx16__aligned_membufISt4pairIKmN6merkle5HashTILm32EEEEE7_M_addrEv
FN:68,69,_ZNK9__gnu_cxx16__aligned_membufIN6merkle5PathTILm32EXadL_ZNS1_L15sha256_compressERKNS1_5HashTILm32EEES6_RS4_EEEUt0_EE7_M_addrEv
FN:68,69,_ZNK9__gnu_cxx16__aligned_membufISt4pairIKmN6merkle5HashTILm32EEEEE7_M_addrEv
FN:72,73,_ZN9__gnu_cxx16__aligned_membufIN6merkle5PathTILm32EXadL_ZNS1_L15sha256_compressERKNS1_5HashTILm32EEES6_RS4_EEEUt0_EE6_M_ptrEv
FN:72,73,_ZN9__gnu_cxx16__aligned_membufISt4pairIKmN6merkle5HashTILm32EEEEE6_M_ptrEv
FN:76,77,_ZNK9__gnu_cxx16__aligned_membufIN6merkle5PathTILm32EXadL_ZNS1_L15sha256_compressERKNS1_5HashTILm32EEES6_RS4_EEEUt0_EE6_M_ptrEv
FN:76,77,_ZNK9__gnu_cxx16__aligned_membufISt4pairIKmN6merkle5HashTILm32EEEEE6_M_ptrEv
FNDA:72423,_ZN9__gnu_cxx16__aligned_bufferIN6merkle5HashTILm32EEEE7_M_addrEv
FNDA:66777,_ZN9__gnu_cxx16__aligned_bufferIN6merkle5PathTILm32EXadL_ZNS1_L15sha256_compressERKNS1_5HashTILm32EEES6_RS4_EEEEE7_M_addrEv
FNDA:72423,_ZN9__gnu_cxx16__aligned_bufferIN6merkle5HashTILm32EEEE6_M_ptrEv
FNDA:66777,_ZN9__gnu_cxx16__aligned_bufferIN6merkle5PathTILm32EXadL_ZNS1_L15sha256_compressERKNS1_5HashTILm32EEES6_RS4_EEEEE6_M_ptrEv
FNDA:605037,_ZN9__gnu_cxx16__aligned_membufIN6merkle5PathTILm32EXadL_ZNS1_L15sha256_compressERKNS1_5HashTILm32EEES6_RS4_EEEUt0_EE7_M_addrEv
FNDA:55144,_ZN9__gnu_cxx16__aligned_membufISt4pairIKmN6merkle5HashTILm32EEEEE7_M_addrEv
FNDA:397133,_ZNK9__gnu_cxx16__aligned_membufIN6merkle5PathTILm32EXadL_ZNS1_L15sha256_compressERKNS1_5HashTILm32EEES6_RS4_EEEUt0_EE7_M_addrEv
FNDA:186418,_ZNK9__gnu_cxx16__aligned_membufISt4pairIKmN6merkle5HashTILm32EEEEE7_M_addrEv
FNDA:605037,_ZN9__gnu_cxx16__aligned_membufIN6merkle5PathTILm32EXadL_ZNS1_L15sha256_compressERKNS1_5HashTILm32EEES6_RS4_EEEUt0_EE6_M_ptrEv
FNDA:55144,_ZN9__gnu_cxx16__aligned_membufISt4pairIKmN6merkle5HashTILm32EEEEE6_M_ptrEv
FNDA:397133,_ZNK9__gnu_cxx16__aligned_membufIN6merkle5PathTILm32EXadL_ZNS1_L15sha256_compressERKNS1_5HashTILm32EEES6_RS4_EEEUt0_EE6_M_ptrEv
FNDA:186418,_ZNK9__gnu_cxx16__aligned_membufISt4pairIKmN6merkle5HashTILm32EEEEE6_M_ptrEv
FNF:12
FNH:12
DA:64,660181
DA:65,660181
DA:68,583551
DA:69,583551
DA:72,660181
DA:73,660181
DA:76,583551
DA:77,583551
DA:104,139200
DA:106,139200
DA:116,139200
DA:117,139200
LF:12
LH:12
end_of_record
TN:
SF:/usr/include/c++/13/ext/alloc_traits.h
FNF:0
FNH:0
DA:98,1038
DA:102,11417
LF:2
LH:2
end_of_record
TN:
SF:/usr/include/c++/13/ext/atomicity.h
FNF:0
FNH:0
DA:52,0
DA:66,0
DA:84,0
DA:85,0
DA:86,0
DA:98,0
DA:99,0
DA:101,0
LF:8
LH:0
end_of_record
TN:
SF:/usr/include/c++/13/iomanip
FN:167,168,_ZSt7setfillIcESt8_SetfillIT_ES1_
FN:227,228,_ZSt4setwi
FNDA:11,_ZSt7setfillIcESt8_SetfillIT_ES1_
FNDA:11,_ZSt4setwi
FNF:2
FNH:2
DA:167,11
DA:168,11
DA:227,11
DA:228,11
LF:4
LH:4
end_of_record
TN:
SF:/usr/include/c++/13/new
FN:174,175,_ZnwmPv
FN:180,180,_ZdlPvS_
FNDA:66548967,_ZnwmPv
FNDA:0,_ZdlPvS_
FNF:2
FNH:1
DA:174,66548967
DA:175,66548967
DA:180,0
LF:3
LH:2
end_of_record
TN:
SF:/usr/include/c++/13/tuple
FN:1787,1788,_ZSt12__get_helperILm0ERKmJEERT0_RSt11_Tuple_implIXT_EJS2_DpT1_EE
FN:1803,1804,_ZSt3getILm0EJRKmEERNSt13tuple_elementIXT_ESt5tupleIJDpT0_EEE4typeERS6_
FN:193,194,_ZNSt10_Head_baseILm0ERKmLb0EEC2ES1_
FN:2252,2258,_ZNSt4pairIKmN6merkle5HashTILm32EEEEC2IJRS0_EJEEESt21piecewise_construct_tSt5tupleIJDpT_EES8_IJDpT0_EE
FN:2264,2269,_ZNSt4pairIKmN6merkle5HashTILm32EEEEC2IJRS0_EJLm0EEJEJEEERSt5tupleIJDpT_EERS7_IJDpT1_EESt12_Index_tupleIJXspT0_EEESG_IJXspT2_EEE
FN:234,234,_ZNSt10_Head_baseILm0ERKmLb0EE7_M_headERS2_
FN:497,497,_ZNSt11_Tuple_implILm0EJRKmEE7_M_headERS2_
FN:507,509,_ZNSt11_Tuple_implILm0EJRKmEEC2ES1_
FN:527,530,_ZNSt11_Tuple_implILm0EJRKmEEC2EOS2_
FN:874,876,_ZNSt5tupleIJRKmEEC2ILb1ELb1EEES1_
FN:903,903,_ZNSt5tupleIJRKmEEC2EOS2_
FNDA:13786,_ZSt12__get_helperILm0ERKmJEERT0_RSt11_Tuple_implIXT_EJS2_DpT1_EE
FNDA:13786,_ZSt3getILm0EJRKmEERNSt13tuple_elementIXT_ESt5tupleIJDpT0_EEE4typeERS6_
FNDA:13786,_ZNSt10_Head_baseILm0ERKmLb0EEC2ES1_
FNDA:13786,_ZNSt4pairIKmN6merkle5HashTILm32EEEEC2IJRS0_EJEEESt21piecewise_construct_tSt5tupleIJDpT_EES8_IJDpT0_EE
FNDA:13786,_ZNSt4pairIKmN6merkle5HashTILm32EEEEC2IJRS0_EJLm0EEJEJEEERSt5tupleIJDpT_EERS7_IJDpT1_EESt12_Index_tupleIJXspT0_EEESG_IJXspT2_EEE
FNDA:13786,_ZNSt10_Head_baseILm0ERKmLb0EE7_M_headERS2_
FNDA:13786,_ZNSt11_Tuple_implILm0EJRKmEE7_M_headERS2_
FNDA:13786,_ZNSt11_Tuple_implILm0EJRKmEEC2ES1_
FNDA:13786,_ZNSt11_Tuple_implILm0EJRKmEEC2EOS2_
FNDA:13786,_ZNSt5tupleIJRKmEEC2ILb1ELb1EEES1_
FNDA:13786,_ZNSt5tupleIJRKmEEC2EOS2_
FNF:11
FNH:11
DA:193,13786
DA:194,13786
DA:234,13786
DA:497,13786
DA:507,13786
DA:508,13786
DA:509,13786
DA:527,13786
DA:529,13786
DA:530,13786
DA:874,13786
DA:876,13786
DA:903,13786
DA:1787,13786
DA:1788,13786
DA:1803,13786
DA:1804,13786
DA:2252,13786
DA:2257,13786
DA:2258,13786
DA:2264,13786
DA:2267,13786
DA:2268,13786
DA:2269,13786
LF:24
LH:24
end_of_record
TN:
SF:/usr/include/c++/13/typeinfo
FN:103,104,_ZNKSt9type_info4nameEv
FN:193,210,_ZNKSt9type_infoeqERKS_
FNDA:0,_ZNKSt9type_info4nameEv
FNDA:0,_ZNKSt9type_infoeqERKS_
FNF:2
FNH:0
DA:103,0
DA:104,0
DA:193,0
DA:195,0
DA:196,0
DA:198,0
DA:199,0
DA:206,0
LF:8
LH:0
end_of_record
TN:
SF:/usr/include/x86_64-linux-gnu/bits/byteswap.h
FN:49,56,__bswap_32
FNDA:134609928,__bswap_32
FNF:1
FNH:1
DA:49,134609928
DA:52,134609928
LF:2
LH:2
end_of_record
TN:
SF:/usr/include/x86_64-linux-gnu/c++/13/bits/c++config.h
FN:540,551,_ZSt23__is_constant_evaluatedv
FNDA:432145,_ZSt23__is_constant_evaluatedv
FNF:1
FNH:1
DA:540,432145
DA:547,432145
LF:2
LH:2
end_of_record
