TN:
SF:/home/runner/work/merklecpp/merklecpp/merklecpp.h
FN:100,103,_ZN6merkle5HashTILm32EEC2Ev
FN:100,103,_ZN6merkle5HashTILm48EEC2Ev
FN:100,103,_ZN6merkle5HashTILm64EEC2Ev
FN:1023,1079,_ZN6merkle5TreeTILm32EXadL_ZNS_L14sha256_opensslERKNS_5HashTILm32EEES4_RS2_EEE7walk_toEmbOKSt8functionIFbRPNS6_4NodeEbEE
FN:1023,1079,_ZN6merkle5TreeTILm32EXadL_ZNS_L15sha256_compressERKNS_5HashTILm32EEES4_RS2_EEE7walk_toEmbOKSt8functionIFbRPNS6_4NodeEbEE
FN:1023,1079,_ZN6merkle5TreeTILm48EXadL_ZNS_L14sha384_opensslERKNS_5HashTILm48EEES4_RS2_EEE7walk_toEmbOKSt8functionIFbRPNS6_4NodeEbEE
FN:1023,1079,_ZN6merkle5TreeTILm64EXadL_ZNS_L14sha512_opensslERKNS_5HashTILm64EEES4_RS2_EEE7walk_toEmbOKSt8functionIFbRPNS6_4NodeEbEE
FN:107,110,_ZN6merkle5HashTILm32EEC2EPKh
FN:107,110,_ZN6merkle5HashTILm48EEC2EPKh
FN:107,110,_ZN6merkle5HashTILm64EEC2EPKh
FN:1084,1100,_ZN6merkle5TreeTILm32EXadL_ZNS_L14sha256_opensslERKNS_5HashTILm32EEES4_RS2_EEE4pathEm
FN:1084,1100,_ZN6merkle5TreeTILm32EXadL_ZNS_L15sha256_compressERKNS_5HashTILm32EEES4_RS2_EEE4pathEm
FN:1084,1100,_ZN6merkle5TreeTILm48EXadL_ZNS_L14sha384_opensslERKNS_5HashTILm48EEES4_RS2_EEE4pathEm
FN:1084,1100,_ZN6merkle5TreeTILm64EXadL_ZNS_L14sha512_opensslERKNS_5HashTILm64EEES4_RS2_EEE4pathEm
FN:1090,1090,_ZZN6merkle5TreeTILm32EXadL_ZNS_L14sha256_opensslERKNS_5HashTILm32EEES4_RS2_EEE4pathEmENKUlPNS6_4NodeEbE_clES8_b
FN:1090,1090,_ZZN6merkle5TreeTILm32EXadL_ZNS_L15sha256_compressERKNS_5HashTILm32EEES4_RS2_EEE4pathEmENKUlPNS6_4NodeEbE_clES8_b
FN:1090,1090,_ZZN6merkle5TreeTILm48EXadL_ZNS_L14sha384_opensslERKNS_5HashTILm48EEES4_RS2_EEE4pathEmENKUlPNS6_4NodeEbE_clES8_b
FN:1090,1090,_ZZN6merkle5TreeTILm64EXadL_ZNS_L14sha512_opensslERKNS_5HashTILm64EEES4_RS2_EEE4pathEmENKUlPNS6_4NodeEbE_clES8_b
FN:1109,1286,_ZN6merkle5TreeTILm32EXadL_ZNS_L15sha256_compressERKNS_5HashTILm32EEES4_RS2_EEE9past_pathEmm
FN:1109,1286,_ZN6merkle5TreeTILm48EXadL_ZNS_L14sha384_opensslERKNS_5HashTILm48EEES4_RS2_EEE9past_pathEmm
FN:1109,1286,_ZN6merkle5TreeTILm64EXadL_ZNS_L14sha512_opensslERKNS_5HashTILm64EEES4_RS2_EEE9past_pathEmm
FN:1290,1329,_ZN6merkle5TreeTILm32EXadL_ZNS_L15sha256_compressERKNS_5HashTILm32EEES4_RS2_EEE9serialiseERSt6vectorIhSaIhEE
FN:1290,1329,_ZN6merkle5TreeTILm48EXadL_ZNS_L14sha384_opensslERKNS_5HashTILm48EEES4_RS2_EEE9serialiseERSt6vectorIhSaIhEE
FN:1290,1329,_ZN6merkle5TreeTILm64EXadL_ZNS_L14sha512_opensslERKNS_5HashTILm64EEES4_RS2_EEE9serialiseERSt6vectorIhSaIhEE
FN:1316,1316,_ZZN6merkle5TreeTILm32EXadL_ZNS_L15sha256_compressERKNS_5HashTILm32EEES4_RS2_EEE9serialiseERSt6vectorIhSaIhEEENKUlRPNS6_4NodeEbE_clESD_b
FN:1316,1316,_ZZN6merkle5TreeTILm48EXadL_ZNS_L14sha384_opensslERKNS_5HashTILm48EEES4_RS2_EEE9serialiseERSt6vectorIhSaIhEEENKUlRPNS6_4NodeEbE_clESD_b
FN:1316,1316,_ZZN6merkle5TreeTILm64EXadL_ZNS_L14sha512_opensslERKNS_5HashTILm64EEES4_RS2_EEE9serialiseERSt6vectorIhSaIhEEENKUlRPNS6_4NodeEbE_clESD_b
FN:1335,1377,_ZN6merkle5TreeTILm32EXadL_ZNS_L15sha256_compressERKNS_5HashTILm32EEES4_RS2_EEE9serialiseEmmRSt6vectorIhSaIhEE
FN:1364,1364,_ZZN6merkle5TreeTILm32EXadL_ZNS_L15sha256_compressERKNS_5HashTILm32EEES4_RS2_EEE9serialiseEmmRSt6vectorIhSaIhEEENKUlRPNS6_4NodeEbE_clESD_b
FN:1381,1385,_ZN6merkle5TreeTILm32EXadL_ZNS_L15sha256_compressERKNS_5HashTILm32EEES4_RS2_EEE11deserialiseERKSt6vectorIhSaIhEE
FN:1381,1385,_ZN6merkle5TreeTILm48EXadL_ZNS_L14sha384_opensslERKNS_5HashTILm48EEES4_RS2_EEE11deserialiseERKSt6vectorIhSaIhEE
FN:1381,1385,_ZN6merkle5TreeTILm64EXadL_ZNS_L14sha512_opensslERKNS_5HashTILm64EEES4_RS2_EEE11deserialiseERKSt6vectorIhSaIhEE
FN:1390,1467,_ZN6merkle5TreeTILm32EXadL_ZNS_L15sha256_compressERKNS_5HashTILm32EEES4_RS2_EEE11deserialiseERKSt6vectorIhSaIhEERm
FN:1390,1467,_ZN6merkle5TreeTILm48EXadL_ZNS_L14sha384_opensslERKNS_5HashTILm48EEES4_RS2_EEE11deserialiseERKSt6vectorIhSaIhEERm
FN:1390,1467,_ZN6merkle5TreeTILm64EXadL_ZNS_L14sha512_opensslERKNS_5HashTILm64EEES4_RS2_EEE11deserialiseERKSt6vectorIhSaIhEERm
FN:142,149,_ZN6merkle5HashTILm32EEC2ERKSt6vectorIhSaIhEERm
FN:142,149,_ZN6merkle5HashTILm48EEC2ERKSt6vectorIhSaIhEERm
FN:142,149,_ZN6merkle5HashTILm64EEC2ERKSt6vectorIhSaIhEERm
FN:1488,1502,_ZNK6merkle5TreeTILm32EXadL_ZNS_L15sha256_compressERKNS_5HashTILm32EEES4_RS2_EEE4leafEm
FN:1488,1502,_ZNK6merkle5TreeTILm48EXadL_ZNS_L14sha384_opensslERKNS_5HashTILm48EEES4_RS2_EEE4leafEm
FN:1488,1502,_ZNK6merkle5TreeTILm64EXadL_ZNS_L14sha512_opensslERKNS_5HashTILm64EEES4_RS2_EEE4leafEm
FN:1508,1511,_ZNK6merkle5TreeTILm32EXadL_ZNS_L14sha256_opensslERKNS_5HashTILm32EEES4_RS2_EEE10num_leavesEv
FN:1508,1511,_ZNK6merkle5TreeTILm32EXadL_ZNS_L15sha256_compressERKNS_5HashTILm32EEES4_RS2_EEE10num_leavesEv
FN:1508,1511,_ZNK6merkle5TreeTILm48EXadL_ZNS_L14sha384_opensslERKNS_5HashTILm48EEES4_RS2_EEE10num_leavesEv
FN:1508,1511,_ZNK6merkle5TreeTILm64EXadL_ZNS_L14sha512_opensslERKNS_5HashTILm64EEES4_RS2_EEE10num_leavesEv
FN:1517,1520,_ZNK6merkle5TreeTILm32EXadL_ZNS_L14sha256_opensslERKNS_5HashTILm32EEES4_RS2_EEE9min_indexEv
FN:1517,1520,_ZNK6merkle5TreeTILm32EXadL_ZNS_L15sha256_compressERKNS_5HashTILm32EEES4_RS2_EEE9min_indexEv
FN:1517,1520,_ZNK6merkle5TreeTILm48EXadL_ZNS_L14sha384_opensslERKNS_5HashTILm48EEES4_RS2_EEE9min_indexEv
FN:1517,1520,_ZNK6merkle5TreeTILm64EXadL_ZNS_L14sha512_opensslERKNS_5HashTILm64EEES4_RS2_EEE9min_indexEv
FN:1526,1530,_ZNK6merkle5TreeTILm32EXadL_ZNS_L14sha256_opensslERKNS_5HashTILm32EEES4_RS2_EEE9max_indexEv
FN:1526,1530,_ZNK6merkle5TreeTILm32EXadL_ZNS_L15sha256_compressERKNS_5HashTILm32EEES4_RS2_EEE9max_indexEv
FN:1526,1530,_ZNK6merkle5TreeTILm48EXadL_ZNS_L14sha384_opensslERKNS_5HashTILm48EEES4_RS2_EEE9max_indexEv
FN:1526,1530,_ZNK6merkle5TreeTILm64EXadL_ZNS_L14sha512_opensslERKNS_5HashTILm64EEES4_RS2_EEE9max_indexEv
FN:1534,1537,_ZNK6merkle5TreeTILm32EXadL_ZNS_L15sha256_compressERKNS_5HashTILm32EEES4_RS2_EEE5emptyEv
FN:1534,1537,_ZNK6merkle5TreeTILm48EXadL_ZNS_L14sha384_opensslERKNS_5HashTILm48EEES4_RS2_EEE5emptyEv
FN:1534,1537,_ZNK6merkle5TreeTILm64EXadL_ZNS_L14sha512_opensslERKNS_5HashTILm64EEES4_RS2_EEE5emptyEv
FN:1543,1550,_ZN6merkle5TreeTILm32EXadL_ZNS_L15sha256_compressERKNS_5HashTILm32EEES4_RS2_EEE4sizeEv
FN:1543,1550,_ZN6merkle5TreeTILm48EXadL_ZNS_L14sha384_opensslERKNS_5HashTILm48EEES4_RS2_EEE4sizeEv
FN:1543,1550,_ZN6merkle5TreeTILm64EXadL_ZNS_L14sha512_opensslERKNS_5HashTILm64EEES4_RS2_EEE4sizeEv
FN:1555,1572,_ZN6merkle5TreeTILm32EXadL_ZNS_L15sha256_compressERKNS_5HashTILm32EEES4_RS2_EEE15serialised_sizeEv
FN:1561,1561,_ZZN6merkle5TreeTILm32EXadL_ZNS_L15sha256_compressERKNS_5HashTILm32EEES4_RS2_EEE15serialised_sizeEvENKUlRPNS6_4NodeEbE_clES9_b
FN:1578,1591,_ZN6merkle5TreeTILm32EXadL_ZNS_L15sha256_compressERKNS_5HashTILm32EEES4_RS2_EEE15serialised_sizeEmm
FN:1581,1581,_ZZN6merkle5TreeTILm32EXadL_ZNS_L15sha256_compressERKNS_5HashTILm32EEES4_RS2_EEE15serialised_sizeEmmENKUlRPNS6_4NodeEbE_clES9_b
FN:159,162,_ZNK6merkle5HashTILm32EE4sizeEv
FN:159,162,_ZNK6merkle5HashTILm48EE4sizeEv
FN:159,162,_ZNK6merkle5HashTILm64EE4sizeEv
FN:1622,1630,_ZNK6merkle5TreeTILm32EXadL_ZNS_L15sha256_compressERKNS_5HashTILm32EEES4_RS2_EEE10Statistics9to_stringEv
FN:1622,1630,_ZNK6merkle5TreeTILm48EXadL_ZNS_L14sha384_opensslERKNS_5HashTILm48EEES4_RS2_EEE10Statistics9to_stringEv
FN:1622,1630,_ZNK6merkle5TreeTILm64EXadL_ZNS_L14sha512_opensslERKNS_5HashTILm64EEES4_RS2_EEE10Statistics9to_stringEv
FN:1638,1689,_ZNK6merkle5TreeTILm32EXadL_ZNS_L15sha256_compressERKNS_5HashTILm32EEES4_RS2_EEE9to_stringEm
FN:1735,1748,_ZNK6merkle5TreeTILm32EXadL_ZNS_L14sha256_opensslERKNS_5HashTILm32EEES4_RS2_EEE9leaf_nodeEm
FN:1735,1748,_ZNK6merkle5TreeTILm32EXadL_ZNS_L15sha256_compressERKNS_5HashTILm32EEES4_RS2_EEE9leaf_nodeEm
FN:1735,1748,_ZNK6merkle5TreeTILm48EXadL_ZNS_L14sha384_opensslERKNS_5HashTILm48EEES4_RS2_EEE9leaf_nodeEm
FN:1735,1748,_ZNK6merkle5TreeTILm64EXadL_ZNS_L14sha512_opensslERKNS_5HashTILm64EEES4_RS2_EEE9leaf_nodeEm
FN:1755,1798,_ZNK6merkle5TreeTILm32EXadL_ZNS_L14sha256_opensslERKNS_5HashTILm32EEES4_RS2_EEE4hashEPNS6_4NodeEm
FN:1755,1798,_ZNK6merkle5TreeTILm32EXadL_ZNS_L15sha256_compressERKNS_5HashTILm32EEES4_RS2_EEE4hashEPNS6_4NodeEm
FN:1755,1798,_ZNK6merkle5TreeTILm48EXadL_ZNS_L14sha384_opensslERKNS_5HashTILm48EEES4_RS2_EEE4hashEPNS6_4NodeEm
FN:1755,1798,_ZNK6merkle5TreeTILm64EXadL_ZNS_L14sha512_opensslERKNS_5HashTILm64EEES4_RS2_EEE4hashEPNS6_4NodeEm
FN:179,193,_ZNK6merkle5HashTILm32EE9to_stringB5cxx11Emb
FN:1801,1815,_ZN6merkle5TreeTILm32EXadL_ZNS_L14sha256_opensslERKNS_5HashTILm32EEES4_RS2_EEE12compute_rootEv
FN:1801,1815,_ZN6merkle5TreeTILm32EXadL_ZNS_L15sha256_compressERKNS_5HashTILm32EEES4_RS2_EEE12compute_rootEv
FN:1801,1815,_ZN6merkle5TreeTILm48EXadL_ZNS_L14sha384_opensslERKNS_5HashTILm48EEES4_RS2_EEE12compute_rootEv
FN:1801,1815,_ZN6merkle5TreeTILm64EXadL_ZNS_L14sha512_opensslERKNS_5HashTILm64EEES4_RS2_EEE12compute_rootEv
FN:1822,1855,_ZN6merkle5TreeTILm32EXadL_ZNS_L14sha256_opensslERKNS_5HashTILm32EEES4_RS2_EEE24continue_insertion_stackEPNS6_4NodeES8_
FN:1822,1855,_ZN6merkle5TreeTILm32EXadL_ZNS_L15sha256_compressERKNS_5HashTILm32EEES4_RS2_EEE24continue_insertion_stackEPNS6_4NodeES8_
FN:1822,1855,_ZN6merkle5TreeTILm48EXadL_ZNS_L14sha384_opensslERKNS_5HashTILm48EEES4_RS2_EEE24continue_insertion_stackEPNS6_4NodeES8_
FN:1822,1855,_ZN6merkle5TreeTILm64EXadL_ZNS_L14sha512_opensslERKNS_5HashTILm64EEES4_RS2_EEE24continue_insertion_stackEPNS6_4NodeES8_
FN:1860,1910,_ZN6merkle5TreeTILm32EXadL_ZNS_L14sha256_opensslERKNS_5HashTILm32EEES4_RS2_EEE23process_insertion_stackEb
FN:1860,1910,_ZN6merkle5TreeTILm32EXadL_ZNS_L15sha256_compressERKNS_5HashTILm32EEES4_RS2_EEE23process_insertion_stackEb
FN:1860,1910,_ZN6merkle5TreeTILm48EXadL_ZNS_L14sha384_opensslERKNS_5HashTILm48EEES4_RS2_EEE23process_insertion_stackEb
FN:1860,1910,_ZN6merkle5TreeTILm64EXadL_ZNS_L14sha512_opensslERKNS_5HashTILm64EEES4_RS2_EEE23process_insertion_stackEb
FN:1915,1930,_ZN6merkle5TreeTILm32EXadL_ZNS_L14sha256_opensslERKNS_5HashTILm32EEES4_RS2_EEE11insert_leafERPNS6_4NodeES8_
FN:1915,1930,_ZN6merkle5TreeTILm32EXadL_ZNS_L15sha256_compressERKNS_5HashTILm32EEES4_RS2_EEE11insert_leafERPNS6_4NodeES8_
FN:1915,1930,_ZN6merkle5TreeTILm48EXadL_ZNS_L14sha384_opensslERKNS_5HashTILm48EEES4_RS2_EEE11insert_leafERPNS6_4NodeES8_
FN:1915,1930,_ZN6merkle5TreeTILm64EXadL_ZNS_L14sha512_opensslERKNS_5HashTILm64EEES4_RS2_EEE11insert_leafERPNS6_4NodeES8_
FN:1935,1954,_ZN6merkle5TreeTILm32EXadL_ZNS_L14sha256_opensslERKNS_5HashTILm32EEES4_RS2_EEE13insert_leavesEb
FN:1935,1954,_ZN6merkle5TreeTILm32EXadL_ZNS_L15sha256_compressERKNS_5HashTILm32EEES4_RS2_EEE13insert_leavesEb
FN:1935,1954,_ZN6merkle5TreeTILm48EXadL_ZNS_L14sha384_opensslERKNS_5HashTILm48EEES4_RS2_EEE13insert_leavesEb
FN:1935,1954,_ZN6merkle5TreeTILm64EXadL_ZNS_L14sha512_opensslERKNS_5HashTILm64EEES4_RS2_EEE13insert_leavesEb
FN:196,200,_ZN6merkle5HashTILm32EEaSERKS1_
FN:196,200,_ZN6merkle5HashTILm48EEaSERKS1_
FN:196,200,_ZN6merkle5HashTILm64EEaSERKS1_
FN:1965,2030,_ZN6merkleL15sha256_compressERKNS_5HashTILm32EEES3_RS1_
FN:203,206,_ZNK6merkle5HashTILm32EEeqERKS1_
FN:203,206,_ZNK6merkle5HashTILm48EEeqERKS1_
FN:203,206,_ZNK6merkle5HashTILm64EEeqERKS1_
FN:2039,2055,_ZN6merkleL14sha256_opensslERKNS_5HashTILm32EEES3_RS1_
FN:2061,2077,_ZN6merkleL14sha384_opensslERKNS_5HashTILm48EEES3_RS1_
FN:2083,2099,_ZN6merkleL14sha512_opensslERKNS_5HashTILm64EEES3_RS1_
FN:209,212,_ZNK6merkle5HashTILm32EEneERKS1_
FN:216,223,_ZNK6merkle5HashTILm32EE9serialiseERSt6vectorIhSaIhEE
FN:216,223,_ZNK6merkle5HashTILm48EE9serialiseERSt6vectorIhSaIhEE
FN:216,223,_ZNK6merkle5HashTILm64EE9serialiseERSt6vectorIhSaIhEE
FN:228,239,_ZN6merkle5HashTILm32EE11deserialiseERKSt6vectorIhSaIhEERm
FN:228,239,_ZN6merkle5HashTILm48EE11deserialiseERKSt6vectorIhSaIhEERm
FN:228,239,_ZN6merkle5HashTILm64EE11deserialiseERKSt6vectorIhSaIhEERm
FN:290,299,_ZN6merkle5PathTILm32EXadL_ZNS_L14sha256_opensslERKNS_5HashTILm32EEES4_RS2_EEEC2ES4_mONSt7__cxx114listINS6_Ut0_ESaIS9_EEEm
FN:290,299,_ZN6merkle5PathTILm32EXadL_ZNS_L15sha256_compressERKNS_5HashTILm32EEES4_RS2_EEEC2ES4_mONSt7__cxx114listINS6_Ut0_ESaIS9_EEEm
FN:290,299,_ZN6merkle5PathTILm48EXadL_ZNS_L14sha384_opensslERKNS_5HashTILm48EEES4_RS2_EEEC2ES4_mONSt7__cxx114listINS6_Ut0_ESaIS9_EEEm
FN:290,299,_ZN6merkle5PathTILm64EXadL_ZNS_L14sha512_opensslERKNS_5HashTILm64EEES4_RS2_EEEC2ES4_mONSt7__cxx114listINS6_Ut0_ESaIS9_EEEm
FN:327,357,_ZNK6merkle5PathTILm32EXadL_ZNS_L14sha256_opensslERKNS_5HashTILm32EEES4_RS2_EEE4rootEv
FN:327,357,_ZNK6merkle5PathTILm32EXadL_ZNS_L15sha256_compressERKNS_5HashTILm32EEES4_RS2_EEE4rootEv
FN:327,357,_ZNK6merkle5PathTILm48EXadL_ZNS_L14sha384_opensslERKNS_5HashTILm48EEES4_RS2_EEE4rootEv
FN:327,357,_ZNK6merkle5PathTILm64EXadL_ZNS_L14sha512_opensslERKNS_5HashTILm64EEES4_RS2_EEE4rootEv
FN:362,365,_ZNK6merkle5PathTILm32EXadL_ZNS_L14sha256_opensslERKNS_5HashTILm32EEES4_RS2_EEE6verifyES4_
FN:362,365,_ZNK6merkle5PathTILm32EXadL_ZNS_L15sha256_compressERKNS_5HashTILm32EEES4_RS2_EEE6verifyES4_
FN:362,365,_ZNK6merkle5PathTILm48EXadL_ZNS_L14sha384_opensslERKNS_5HashTILm48EEES4_RS2_EEE6verifyES4_
FN:362,365,_ZNK6merkle5PathTILm64EXadL_ZNS_L14sha512_opensslERKNS_5HashTILm64EEES4_RS2_EEE6verifyES4_
FN:369,381,_ZNK6merkle5PathTILm32EXadL_ZNS_L15sha256_compressERKNS_5HashTILm32EEES4_RS2_EEE9serialiseERSt6vectorIhSaIhEE
FN:369,381,_ZNK6merkle5PathTILm48EXadL_ZNS_L14sha384_opensslERKNS_5HashTILm48EEES4_RS2_EEE9serialiseERSt6vectorIhSaIhEE
FN:369,381,_ZNK6merkle5PathTILm64EXadL_ZNS_L14sha512_opensslERKNS_5HashTILm64EEES4_RS2_EEE9serialiseERSt6vectorIhSaIhEE
FN:415,420,_ZNK6merkle5PathTILm32EXadL_ZNS_L15sha256_compressERKNS_5HashTILm32EEES4_RS2_EEEcvSt6vectorIhSaIhEEEv
FN:423,426,_ZNK6merkle5PathTILm32EXadL_ZNS_L15sha256_compressERKNS_5HashTILm32EEES4_RS2_EEE4sizeEv
FN:423,426,_ZNK6merkle5PathTILm48EXadL_ZNS_L14sha384_opensslERKNS_5HashTILm48EEES4_RS2_EEE4sizeEv
FN:423,426,_ZNK6merkle5PathTILm64EXadL_ZNS_L14sha512_opensslERKNS_5HashTILm64EEES4_RS2_EEE4sizeEv
FN:429,439,_ZNK6merkle5PathTILm32EXadL_ZNS_L15sha256_compressERKNS_5HashTILm32EEES4_RS2_EEE15serialised_sizeEv
FN:429,439,_ZNK6merkle5PathTILm48EXadL_ZNS_L14sha384_opensslERKNS_5HashTILm48EEES4_RS2_EEE15serialised_sizeEv
FN:429,439,_ZNK6merkle5PathTILm64EXadL_ZNS_L14sha512_opensslERKNS_5HashTILm64EEES4_RS2_EEE15serialised_sizeEv
FN:455,458,_ZNK6merkle5PathTILm32EXadL_ZNS_L15sha256_compressERKNS_5HashTILm32EEES4_RS2_EEEixEm
FN:455,458,_ZNK6merkle5PathTILm48EXadL_ZNS_L14sha384_opensslERKNS_5HashTILm48EEES4_RS2_EEEixEm
FN:455,458,_ZNK6merkle5PathTILm64EXadL_ZNS_L14sha512_opensslERKNS_5HashTILm64EEES4_RS2_EEEixEm
FN:464,467,_ZNK6merkle5PathTILm32EXadL_ZNS_L15sha256_compressERKNS_5HashTILm32EEES4_RS2_EEE5beginEv
FN:464,467,_ZNK6merkle5PathTILm48EXadL_ZNS_L14sha384_opensslERKNS_5HashTILm48EEES4_RS2_EEE5beginEv
FN:464,467,_ZNK6merkle5PathTILm64EXadL_ZNS_L14sha512_opensslERKNS_5HashTILm64EEES4_RS2_EEE5beginEv
FN:470,473,_ZNK6merkle5PathTILm32EXadL_ZNS_L15sha256_compressERKNS_5HashTILm32EEES4_RS2_EEE3endEv
FN:470,473,_ZNK6merkle5PathTILm48EXadL_ZNS_L14sha384_opensslERKNS_5HashTILm48EEES4_RS2_EEE3endEv
FN:470,473,_ZNK6merkle5PathTILm64EXadL_ZNS_L14sha512_opensslERKNS_5HashTILm64EEES4_RS2_EEE3endEv
FN:478,489,_ZNK6merkle5PathTILm32EXadL_ZNS_L15sha256_compressERKNS_5HashTILm32EEES4_RS2_EEE9to_stringEmb
FN:48,67,_ZN6merkleL18convert_endiannessEj
FN:492,495,_ZNK6merkle5PathTILm32EXadL_ZNS_L15sha256_compressERKNS_5HashTILm32EEES4_RS2_EEE4leafEv
FN:492,495,_ZNK6merkle5PathTILm48EXadL_ZNS_L14sha384_opensslERKNS_5HashTILm48EEES4_RS2_EEE4leafEv
FN:492,495,_ZNK6merkle5PathTILm64EXadL_ZNS_L14sha512_opensslERKNS_5HashTILm64EEES4_RS2_EEE4leafEv
FN:498,516,_ZNK6merkle5PathTILm32EXadL_ZNS_L15sha256_compressERKNS_5HashTILm32EEES4_RS2_EEEeqERKS6_
FN:519,522,_ZN6merkle5PathTILm32EXadL_ZNS_L15sha256_compressERKNS_5HashTILm32EEES4_RS2_EEEneERKS6_
FN:555,564,_ZN6merkle5TreeTILm32EXadL_ZNS_L14sha256_opensslERKNS_5HashTILm32EEES4_RS2_EEE4Node4makeES4_
FN:555,564,_ZN6merkle5TreeTILm32EXadL_ZNS_L15sha256_compressERKNS_5HashTILm32EEES4_RS2_EEE4Node4makeES4_
FN:555,564,_ZN6merkle5TreeTILm48EXadL_ZNS_L14sha384_opensslERKNS_5HashTILm48EEES4_RS2_EEE4Node4makeES4_
FN:555,564,_ZN6merkle5TreeTILm64EXadL_ZNS_L14sha512_opensslERKNS_5HashTILm64EEES4_RS2_EEE4Node4makeES4_
FN:569,579,_ZN6merkle5TreeTILm32EXadL_ZNS_L14sha256_opensslERKNS_5HashTILm32EEES4_RS2_EEE4Node4makeEPS7_S8_
FN:569,579,_ZN6merkle5TreeTILm32EXadL_ZNS_L15sha256_compressERKNS_5HashTILm32EEES4_RS2_EEE4Node4makeEPS7_S8_
FN:569,579,_ZN6merkle5TreeTILm48EXadL_ZNS_L14sha384_opensslERKNS_5HashTILm48EEES4_RS2_EEE4Node4makeEPS7_S8_
FN:569,579,_ZN6merkle5TreeTILm64EXadL_ZNS_L14sha512_opensslERKNS_5HashTILm64EEES4_RS2_EEE4Node4makeEPS7_S8_
FN:588,631,_ZN6merkle5TreeTILm32EXadL_ZNS_L15sha256_compressERKNS_5HashTILm32EEES4_RS2_EEE4Node9copy_nodeEPKS7_PSt6vectorIPS7_SaISB_EEPmmmm
FN:588,631,_ZN6merkle5TreeTILm48EXadL_ZNS_L14sha384_opensslERKNS_5HashTILm48EEES4_RS2_EEE4Node9copy_nodeEPKS7_PSt6vectorIPS7_SaISB_EEPmmmm
FN:588,631,_ZN6merkle5TreeTILm64EXadL_ZNS_L14sha512_opensslERKNS_5HashTILm64EEES4_RS2_EEE4Node9copy_nodeEPKS7_PSt6vectorIPS7_SaISB_EEPmmmm
FN:636,645,_ZN6merkle5TreeTILm32EXadL_ZNS_L14sha256_opensslERKNS_5HashTILm32EEES4_RS2_EEE4Node9invariantEv
FN:636,645,_ZN6merkle5TreeTILm32EXadL_ZNS_L15sha256_compressERKNS_5HashTILm32EEES4_RS2_EEE4Node9invariantEv
FN:636,645,_ZN6merkle5TreeTILm48EXadL_ZNS_L14sha384_opensslERKNS_5HashTILm48EEES4_RS2_EEE4Node9invariantEv
FN:636,645,_ZN6merkle5TreeTILm64EXadL_ZNS_L14sha512_opensslERKNS_5HashTILm64EEES4_RS2_EEE4Node9invariantEv
FN:647,654,_ZN6merkle5TreeTILm32EXadL_ZNS_L14sha256_opensslERKNS_5HashTILm32EEES4_RS2_EEE4NodeD2Ev
FN:647,654,_ZN6merkle5TreeTILm32EXadL_ZNS_L15sha256_compressERKNS_5HashTILm32EEES4_RS2_EEE4NodeD2Ev
FN:647,654,_ZN6merkle5TreeTILm48EXadL_ZNS_L14sha384_opensslERKNS_5HashTILm48EEES4_RS2_EEE4NodeD2Ev
FN:647,654,_ZN6merkle5TreeTILm64EXadL_ZNS_L14sha512_opensslERKNS_5HashTILm64EEES4_RS2_EEE4NodeD2Ev
FN:659,664,_ZNK6merkle5TreeTILm32EXadL_ZNS_L14sha256_opensslERKNS_5HashTILm32EEES4_RS2_EEE4Node7is_fullEv
FN:659,664,_ZNK6merkle5TreeTILm32EXadL_ZNS_L15sha256_compressERKNS_5HashTILm32EEES4_RS2_EEE4Node7is_fullEv
FN:659,664,_ZNK6merkle5TreeTILm48EXadL_ZNS_L14sha384_opensslERKNS_5HashTILm48EEES4_RS2_EEE4Node7is_fullEv
FN:659,664,_ZNK6merkle5TreeTILm64EXadL_ZNS_L14sha512_opensslERKNS_5HashTILm64EEES4_RS2_EEE4Node7is_fullEv
FN:667,678,_ZN6merkle5TreeTILm32EXadL_ZNS_L14sha256_opensslERKNS_5HashTILm32EEES4_RS2_EEE4Node12update_sizesEv
FN:667,678,_ZN6merkle5TreeTILm32EXadL_ZNS_L15sha256_compressERKNS_5HashTILm32EEES4_RS2_EEE4Node12update_sizesEv
FN:667,678,_ZN6merkle5TreeTILm48EXadL_ZNS_L14sha384_opensslERKNS_5HashTILm48EEES4_RS2_EEE4Node12update_sizesEv
FN:667,678,_ZN6merkle5TreeTILm64EXadL_ZNS_L14sha512_opensslERKNS_5HashTILm64EEES4_RS2_EEE4Node12update_sizesEv
FN:69,77,_ZN6merkleL18serialise_uint64_tEmRSt6vectorIhSaIhEE
FN:712,712,_ZN6merkle5TreeTILm32EXadL_ZNS_L14sha256_opensslERKNS_5HashTILm32EEES4_RS2_EEEC2Ev
FN:712,712,_ZN6merkle5TreeTILm32EXadL_ZNS_L15sha256_compressERKNS_5HashTILm32EEES4_RS2_EEEC2Ev
FN:712,712,_ZN6merkle5TreeTILm48EXadL_ZNS_L14sha384_opensslERKNS_5HashTILm48EEES4_RS2_EEEC2Ev
FN:712,712,_ZN6merkle5TreeTILm64EXadL_ZNS_L14sha512_opensslERKNS_5HashTILm64EEES4_RS2_EEEC2Ev
FN:715,718,_ZN6merkle5TreeTILm32EXadL_ZNS_L15sha256_compressERKNS_5HashTILm32EEES4_RS2_EEEC2ERKS6_
FN:715,718,_ZN6merkle5TreeTILm48EXadL_ZNS_L14sha384_opensslERKNS_5HashTILm48EEES4_RS2_EEEC2ERKS6_
FN:715,718,_ZN6merkle5TreeTILm64EXadL_ZNS_L14sha512_opensslERKNS_5HashTILm64EEES4_RS2_EEEC2ERKS6_
FN:734,737,_ZN6merkle5TreeTILm32EXadL_ZNS_L15sha256_compressERKNS_5HashTILm32EEES4_RS2_EEEC2ERKSt6vectorIhSaIhEE
FN:734,737,_ZN6merkle5TreeTILm48EXadL_ZNS_L14sha384_opensslERKNS_5HashTILm48EEES4_RS2_EEEC2ERKSt6vectorIhSaIhEE
FN:734,737,_ZN6merkle5TreeTILm64EXadL_ZNS_L14sha512_opensslERKNS_5HashTILm64EEES4_RS2_EEEC2ERKSt6vectorIhSaIhEE
FN:749,752,_ZN6merkle5TreeTILm32EXadL_ZNS_L15sha256_compressERKNS_5HashTILm32EEES4_RS2_EEEC2ES4_
FN:749,752,_ZN6merkle5TreeTILm48EXadL_ZNS_L14sha384_opensslERKNS_5HashTILm48EEES4_RS2_EEEC2ES4_
FN:749,752,_ZN6merkle5TreeTILm64EXadL_ZNS_L14sha512_opensslERKNS_5HashTILm64EEES4_RS2_EEEC2ES4_
FN:755,762,_ZN6merkle5TreeTILm32EXadL_ZNS_L14sha256_opensslERKNS_5HashTILm32EEES4_RS2_EEED2Ev
FN:755,762,_ZN6merkle5TreeTILm32EXadL_ZNS_L15sha256_compressERKNS_5HashTILm32EEES4_RS2_EEED2Ev
FN:755,762,_ZN6merkle5TreeTILm48EXadL_ZNS_L14sha384_opensslERKNS_5HashTILm48EEES4_RS2_EEED2Ev
FN:755,762,_ZN6merkle5TreeTILm64EXadL_ZNS_L14sha512_opensslERKNS_5HashTILm64EEES4_RS2_EEED2Ev
FN:765,768,_ZN6merkle5TreeTILm32EXadL_ZNS_L15sha256_compressERKNS_5HashTILm32EEES4_RS2_EEE9invariantEv
FN:779,786,_ZN6merkle5TreeTILm32EXadL_ZNS_L14sha256_opensslERKNS_5HashTILm32EEES4_RS2_EEE6insertES4_
FN:779,786,_ZN6merkle5TreeTILm32EXadL_ZNS_L15sha256_compressERKNS_5HashTILm32EEES4_RS2_EEE6insertES4_
FN:779,786,_ZN6merkle5TreeTILm48EXadL_ZNS_L14sha384_opensslERKNS_5HashTILm48EEES4_RS2_EEE6insertES4_
FN:779,786,_ZN6merkle5TreeTILm64EXadL_ZNS_L14sha512_opensslERKNS_5HashTILm64EEES4_RS2_EEE6insertES4_
FN:79,89,_ZN6merkleL20deserialise_uint64_tERKSt6vectorIhSaIhEERm
FN:812,845,_ZN6merkle5TreeTILm32EXadL_ZNS_L15sha256_compressERKNS_5HashTILm32EEES4_RS2_EEE8flush_toEm
FN:812,845,_ZN6merkle5TreeTILm48EXadL_ZNS_L14sha384_opensslERKNS_5HashTILm48EEES4_RS2_EEE8flush_toEm
FN:812,845,_ZN6merkle5TreeTILm64EXadL_ZNS_L14sha512_opensslERKNS_5HashTILm64EEES4_RS2_EEE8flush_toEm
FN:822,822,_ZZN6merkle5TreeTILm32EXadL_ZNS_L15sha256_compressERKNS_5HashTILm32EEES4_RS2_EEE8flush_toEmENKUlRPNS6_4NodeEbE_clES9_b
FN:822,822,_ZZN6merkle5TreeTILm48EXadL_ZNS_L14sha384_opensslERKNS_5HashTILm48EEES4_RS2_EEE8flush_toEmENKUlRPNS6_4NodeEbE_clES9_b
FN:822,822,_ZZN6merkle5TreeTILm64EXadL_ZNS_L14sha512_opensslERKNS_5HashTILm64EEES4_RS2_EEE8flush_toEmENKUlRPNS6_4NodeEbE_clES9_b
FN:851,937,_ZN6merkle5TreeTILm32EXadL_ZNS_L15sha256_compressERKNS_5HashTILm32EEES4_RS2_EEE10retract_toEm
FN:851,937,_ZN6merkle5TreeTILm48EXadL_ZNS_L14sha384_opensslERKNS_5HashTILm48EEES4_RS2_EEE10retract_toEm
FN:851,937,_ZN6merkle5TreeTILm64EXadL_ZNS_L14sha512_opensslERKNS_5HashTILm64EEES4_RS2_EEE10retract_toEm
FN:878,878,_ZZN6merkle5TreeTILm32EXadL_ZNS_L15sha256_compressERKNS_5HashTILm32EEES4_RS2_EEE10retract_toEmENKUlRPNS6_4NodeEbE_clES9_b
FN:878,878,_ZZN6merkle5TreeTILm48EXadL_ZNS_L14sha384_opensslERKNS_5HashTILm48EEES4_RS2_EEE10retract_toEmENKUlRPNS6_4NodeEbE_clES9_b
FN:878,878,_ZZN6merkle5TreeTILm64EXadL_ZNS_L14sha512_opensslERKNS_5HashTILm64EEES4_RS2_EEE10retract_toEmENKUlRPNS6_4NodeEbE_clES9_b
FN:942,969,_ZN6merkle5TreeTILm32EXadL_ZNS_L15sha256_compressERKNS_5HashTILm32EEES4_RS2_EEEaSERKS6_
FN:942,969,_ZN6merkle5TreeTILm48EXadL_ZNS_L14sha384_opensslERKNS_5HashTILm48EEES4_RS2_EEEaSERKS6_
FN:942,969,_ZN6merkle5TreeTILm64EXadL_ZNS_L14sha512_opensslERKNS_5HashTILm64EEES4_RS2_EEEaSERKS6_
FN:973,983,_ZN6merkle5TreeTILm32EXadL_ZNS_L14sha256_opensslERKNS_5HashTILm32EEES4_RS2_EEE4rootEv
FN:973,983,_ZN6merkle5TreeTILm32EXadL_ZNS_L15sha256_compressERKNS_5HashTILm32EEES4_RS2_EEE4rootEv
FN:973,983,_ZN6merkle5TreeTILm48EXadL_ZNS_L14sha384_opensslERKNS_5HashTILm48EEES4_RS2_EEE4rootEv
FN:973,983,_ZN6merkle5TreeTILm64EXadL_ZNS_L14sha512_opensslERKNS_5HashTILm64EEES4_RS2_EEE4rootEv
FN:992,1014,_ZN6merkle5TreeTILm32EXadL_ZNS_L15sha256_compressERKNS_5HashTILm32EEES4_RS2_EEE9past_rootEm
FN:992,1014,_ZN6merkle5TreeTILm48EXadL_ZNS_L14sha384_opensslERKNS_5HashTILm48EEES4_RS2_EEE9past_rootEm
FN:992,1014,_ZN6merkle5TreeTILm64EXadL_ZNS_L14sha512_opensslERKNS_5HashTILm64EEES4_RS2_EEE9past_rootEm
FNDA:69094572,_ZN6merkle5HashTILm32EEC2Ev
FNDA:1049113,_ZN6merkle5HashTILm48EEC2Ev
FNDA:1049113,_ZN6merkle5HashTILm64EEC2Ev
FNDA:2,_ZN6merkle5TreeTILm32EXadL_ZNS_L14sha256_opensslERKNS_5HashTILm32EEES4_RS2_EEE7walk_toEmbOKSt8functionIFbRPNS6_4NodeEbEE
FNDA:262706,_ZN6merkle5TreeTILm32EXadL_ZNS_L15sha256_compressERKNS_5HashTILm32EEES4_RS2_EEE7walk_toEmbOKSt8functionIFbRPNS6_4NodeEbEE
FNDA:79,_ZN6merkle5TreeTILm48EXadL_ZNS_L14sha384_opensslERKNS_5HashTILm48EEES4_RS2_EEE7walk_toEmbOKSt8functionIFbRPNS6_4NodeEbEE
FNDA:79,_ZN6merkle5TreeTILm64EXadL_ZNS_L14sha512_opensslERKNS_5HashTILm64EEES4_RS2_EEE7walk_toEmbOKSt8functionIFbRPNS6_4NodeEbEE
FNDA:16787,_ZN6merkle5HashTILm32EEC2EPKh
FNDA:3,_ZN6merkle5HashTILm48EEC2EPKh
FNDA:3,_ZN6merkle5HashTILm64EEC2EPKh
FNDA:2,_ZN6merkle5TreeTILm32EXadL_ZNS_L14sha256_opensslERKNS_5HashTILm32EEES4_RS2_EEE4pathEm
FNDA:43296,_ZN6merkle5TreeTILm32EXadL_ZNS_L15sha256_compressERKNS_5HashTILm32EEES4_RS2_EEE4pathEm
FNDA:72,_ZN6merkle5TreeTILm48EXadL_ZNS_L14sha384_opensslERKNS_5HashTILm48EEES4_RS2_EEE4pathEm
FNDA:72,_ZN6merkle5TreeTILm64EXadL_ZNS_L14sha512_opensslERKNS_5HashTILm64EEES4_RS2_EEE4pathEm
FNDA:4,_ZZN6merkle5TreeTILm32EXadL_ZNS_L14sha256_opensslERKNS_5HashTILm32EEES4_RS2_EEE4pathEmENKUlPNS6_4NodeEbE_clES8_b
FNDA:498103,_ZZN6merkle5TreeTILm32EXadL_ZNS_L15sha256_compressERKNS_5HashTILm32EEES4_RS2_EEE4pathEmENKUlPNS6_4NodeEbE_clES8_b
FNDA:387,_ZZN6merkle5TreeTILm48EXadL_ZNS_L14sha384_opensslERKNS_5HashTILm48EEES4_RS2_EEE4pathEmENKUlPNS6_4NodeEbE_clES8_b
FNDA:387,_ZZN6merkle5TreeTILm64EXadL_ZNS_L14sha512_opensslERKNS_5HashTILm64EEES4_RS2_EEE4pathEmENKUlPNS6_4NodeEbE_clES8_b
FNDA:4700,_ZN6merkle5TreeTILm32EXadL_ZNS_L15sha256_compressERKNS_5HashTILm32EEES4_RS2_EEE9past_pathEmm
FNDA:5,_ZN6merkle5TreeTILm48EXadL_ZNS_L14sha384_opensslERKNS_5HashTILm48EEES4_RS2_EEE9past_pathEmm
FNDA:5,_ZN6merkle5TreeTILm64EXadL_ZNS_L14sha512_opensslERKNS_5HashTILm64EEES4_RS2_EEE9past_pathEmm
FNDA:70,_ZN6merkle5TreeTILm32EXadL_ZNS_L15sha256_compressERKNS_5HashTILm32EEES4_RS2_EEE9serialiseERSt6vectorIhSaIhEE
FNDA:3,_ZN6merkle5TreeTILm48EXadL_ZNS_L14sha384_opensslERKNS_5HashTILm48EEES4_RS2_EEE9serialiseERSt6vectorIhSaIhEE
FNDA:3,_ZN6merkle5TreeTILm64EXadL_ZNS_L14sha512_opensslERKNS_5HashTILm64EEES4_RS2_EEE9serialiseERSt6vectorIhSaIhEE
FNDA:637,_ZZN6merkle5TreeTILm32EXadL_ZNS_L15sha256_compressERKNS_5HashTILm32EEES4_RS2_EEE9serialiseERSt6vectorIhSaIhEEENKUlRPNS6_4NodeEbE_clESD_b
FNDA:1,_ZZN6merkle5TreeTILm48EXadL_ZNS_L14sha384_opensslERKNS_5HashTILm48EEES4_RS2_EEE9serialiseERSt6vectorIhSaIhEEENKUlRPNS6_4NodeEbE_clESD_b
FNDA:1,_ZZN6merkle5TreeTILm64EXadL_ZNS_L14sha512_opensslERKNS_5HashTILm64EEES4_RS2_EEE9serialiseERSt6vectorIhSaIhEEENKUlRPNS6_4NodeEbE_clESD_b
FNDA:2008,_ZN6merkle5TreeTILm32EXadL_ZNS_L15sha256_compressERKNS_5HashTILm32EEES4_RS2_EEE9serialiseEmmRSt6vectorIhSaIhEE
FNDA:16864,_ZZN6merkle5TreeTILm32EXadL_ZNS_L15sha256_compressERKNS_5HashTILm32EEES4_RS2_EEE9serialiseEmmRSt6vectorIhSaIhEEENKUlRPNS6_4NodeEbE_clESD_b
FNDA:2079,_ZN6merkle5TreeTILm32EXadL_ZNS_L15sha256_compressERKNS_5HashTILm32EEES4_RS2_EEE11deserialiseERKSt6vectorIhSaIhEE
FNDA:3,_ZN6merkle5TreeTILm48EXadL_ZNS_L14sha384_opensslERKNS_5HashTILm48EEES4_RS2_EEE11deserialiseERKSt6vectorIhSaIhEE
FNDA:3,_ZN6merkle5TreeTILm64EXadL_ZNS_L14sha512_opensslERKNS_5HashTILm64EEES4_RS2_EEE11deserialiseERKSt6vectorIhSaIhEE
FNDA:2079,_ZN6merkle5TreeTILm32EXadL_ZNS_L15sha256_compressERKNS_5HashTILm32EEES4_RS2_EEE11deserialiseERKSt6vectorIhSaIhEERm
FNDA:3,_ZN6merkle5TreeTILm48EXadL_ZNS_L14sha384_opensslERKNS_5HashTILm48EEES4_RS2_EEE11deserialiseERKSt6vectorIhSaIhEERm
FNDA:3,_ZN6merkle5TreeTILm64EXadL_ZNS_L14sha512_opensslERKNS_5HashTILm64EEES4_RS2_EEE11deserialiseERKSt6vectorIhSaIhEERm
FNDA:12054,_ZN6merkle5HashTILm32EEC2ERKSt6vectorIhSaIhEERm
FNDA:0,_ZN6merkle5HashTILm48EEC2ERKSt6vectorIhSaIhEERm
FNDA:0,_ZN6merkle5HashTILm64EEC2ERKSt6vectorIhSaIhEERm
FNDA:15433,_ZNK6merkle5TreeTILm32EXadL_ZNS_L15sha256_compressERKNS_5HashTILm32EEES4_RS2_EEE4leafEm
FNDA:3,_ZNK6merkle5TreeTILm48EXadL_ZNS_L14sha384_opensslERKNS_5HashTILm48EEES4_RS2_EEE4leafEm
FNDA:3,_ZNK6merkle5TreeTILm64EXadL_ZNS_L14sha512_opensslERKNS_5HashTILm64EEES4_RS2_EEE4leafEm
FNDA:2060,_ZNK6merkle5TreeTILm32EXadL_ZNS_L14sha256_opensslERKNS_5HashTILm32EEES4_RS2_EEE10num_leavesEv
FNDA:27996964,_ZNK6merkle5TreeTILm32EXadL_ZNS_L15sha256_compressERKNS_5HashTILm32EEES4_RS2_EEE10num_leavesEv
FNDA:4446,_ZNK6merkle5TreeTILm48EXadL_ZNS_L14sha384_opensslERKNS_5HashTILm48EEES4_RS2_EEE10num_leavesEv
FNDA:4446,_ZNK6merkle5TreeTILm64EXadL_ZNS_L14sha512_opensslERKNS_5HashTILm64EEES4_RS2_EEE10num_leavesEv
FNDA:2,_ZNK6merkle5TreeTILm32EXadL_ZNS_L14sha256_opensslERKNS_5HashTILm32EEES4_RS2_EEE9min_indexEv
FNDA:11065069,_ZNK6merkle5TreeTILm32EXadL_ZNS_L15sha256_compressERKNS_5HashTILm32EEES4_RS2_EEE9min_indexEv
FNDA:108,_ZNK6merkle5TreeTILm48EXadL_ZNS_L14sha384_opensslERKNS_5HashTILm48EEES4_RS2_EEE9min_indexEv
FNDA:108,_ZNK6merkle5TreeTILm64EXadL_ZNS_L14sha512_opensslERKNS_5HashTILm64EEES4_RS2_EEE9min_indexEv
FNDA:4,_ZNK6merkle5TreeTILm32EXadL_ZNS_L14sha256_opensslERKNS_5HashTILm32EEES4_RS2_EEE9max_indexEv
FNDA:27528219,_ZNK6merkle5TreeTILm32EXadL_ZNS_L15sha256_compressERKNS_5HashTILm32EEES4_RS2_EEE9max_indexEv
FNDA:169,_ZNK6merkle5TreeTILm48EXadL_ZNS_L14sha384_opensslERKNS_5HashTILm48EEES4_RS2_EEE9max_indexEv
FNDA:169,_ZNK6merkle5TreeTILm64EXadL_ZNS_L14sha512_opensslERKNS_5HashTILm64EEES4_RS2_EEE9max_indexEv
FNDA:4215,_ZNK6merkle5TreeTILm32EXadL_ZNS_L15sha256_compressERKNS_5HashTILm32EEES4_RS2_EEE5emptyEv
FNDA:4,_ZNK6merkle5TreeTILm48EXadL_ZNS_L14sha384_opensslERKNS_5HashTILm48EEES4_RS2_EEE5emptyEv
FNDA:4,_ZNK6merkle5TreeTILm64EXadL_ZNS_L14sha512_opensslERKNS_5HashTILm64EEES4_RS2_EEE5emptyEv
FNDA:129,_ZN6merkle5TreeTILm32EXadL_ZNS_L15sha256_compressERKNS_5HashTILm32EEES4_RS2_EEE4sizeEv
FNDA:1,_ZN6merkle5TreeTILm48EXadL_ZNS_L14sha384_opensslERKNS_5HashTILm48EEES4_RS2_EEE4sizeEv
FNDA:1,_ZN6merkle5TreeTILm64EXadL_ZNS_L14sha512_opensslERKNS_5HashTILm64EEES4_RS2_EEE4sizeEv
FNDA:2136,_ZN6merkle5TreeTILm32EXadL_ZNS_L15sha256_compressERKNS_5HashTILm32EEES4_RS2_EEE15serialised_sizeEv
FNDA:16688,_ZZN6merkle5TreeTILm32EXadL_ZNS_L15sha256_compressERKNS_5HashTILm32EEES4_RS2_EEE15serialised_sizeEvENKUlRPNS6_4NodeEbE_clES9_b
FNDA:2008,_ZN6merkle5TreeTILm32EXadL_ZNS_L15sha256_compressERKNS_5HashTILm32EEES4_RS2_EEE15serialised_sizeEmm
FNDA:16864,_ZZN6merkle5TreeTILm32EXadL_ZNS_L15sha256_compressERKNS_5HashTILm32EEES4_RS2_EEE15serialised_sizeEmmENKUlRPNS6_4NodeEbE_clES9_b
FNDA:1,_ZNK6merkle5HashTILm32EE4sizeEv
FNDA:1,_ZNK6merkle5HashTILm48EE4sizeEv
FNDA:1,_ZNK6merkle5HashTILm64EE4sizeEv
FNDA:4,_ZNK6merkle5TreeTILm32EXadL_ZNS_L15sha256_compressERKNS_5HashTILm32EEES4_RS2_EEE10Statistics9to_stringEv
FNDA:2,_ZNK6merkle5TreeTILm48EXadL_ZNS_L14sha384_opensslERKNS_5HashTILm48EEES4_RS2_EEE10Statistics9to_stringEv
FNDA:2,_ZNK6merkle5TreeTILm64EXadL_ZNS_L14sha512_opensslERKNS_5HashTILm64EEES4_RS2_EEE10Statistics9to_stringEv
FNDA:2,_ZNK6merkle5TreeTILm32EXadL_ZNS_L15sha256_compressERKNS_5HashTILm32EEES4_RS2_EEE9to_stringEm
FNDA:2,_ZNK6merkle5TreeTILm32EXadL_ZNS_L14sha256_opensslERKNS_5HashTILm32EEES4_RS2_EEE9leaf_nodeEm
FNDA:47991,_ZNK6merkle5TreeTILm32EXadL_ZNS_L15sha256_compressERKNS_5HashTILm32EEES4_RS2_EEE9leaf_nodeEm
FNDA:72,_ZNK6merkle5TreeTILm48EXadL_ZNS_L14sha384_opensslERKNS_5HashTILm48EEES4_RS2_EEE9leaf_nodeEm
FNDA:72,_ZNK6merkle5TreeTILm64EXadL_ZNS_L14sha512_opensslERKNS_5HashTILm64EEES4_RS2_EEE9leaf_nodeEm
FNDA:2050,_ZNK6merkle5TreeTILm32EXadL_ZNS_L14sha256_opensslERKNS_5HashTILm32EEES4_RS2_EEE4hashEPNS6_4NodeEm
FNDA:247473,_ZNK6merkle5TreeTILm32EXadL_ZNS_L15sha256_compressERKNS_5HashTILm32EEES4_RS2_EEE4hashEPNS6_4NodeEm
FNDA:4101,_ZNK6merkle5TreeTILm48EXadL_ZNS_L14sha384_opensslERKNS_5HashTILm48EEES4_RS2_EEE4hashEPNS6_4NodeEm
FNDA:4101,_ZNK6merkle5TreeTILm64EXadL_ZNS_L14sha512_opensslERKNS_5HashTILm64EEES4_RS2_EEE4hashEPNS6_4NodeEm
FNDA:148,_ZNK6merkle5HashTILm32EE9to_stringB5cxx11Emb
FNDA:2054,_ZN6merkle5TreeTILm32EXadL_ZNS_L14sha256_opensslERKNS_5HashTILm32EEES4_RS2_EEE12compute_rootEv
FNDA:312868,_ZN6merkle5TreeTILm32EXadL_ZNS_L15sha256_compressERKNS_5HashTILm32EEES4_RS2_EEE12compute_rootEv
FNDA:4192,_ZN6merkle5TreeTILm48EXadL_ZNS_L14sha384_opensslERKNS_5HashTILm48EEES4_RS2_EEE12compute_rootEv
FNDA:4192,_ZN6merkle5TreeTILm64EXadL_ZNS_L14sha512_opensslERKNS_5HashTILm64EEES4_RS2_EEE12compute_rootEv
FNDA:262162,_ZN6merkle5TreeTILm32EXadL_ZNS_L14sha256_opensslERKNS_5HashTILm32EEES4_RS2_EEE24continue_insertion_stackEPNS6_4NodeES8_
FNDA:9747432,_ZN6merkle5TreeTILm32EXadL_ZNS_L15sha256_compressERKNS_5HashTILm32EEES4_RS2_EEE24continue_insertion_stackEPNS6_4NodeES8_
FNDA:524349,_ZN6merkle5TreeTILm48EXadL_ZNS_L14sha384_opensslERKNS_5HashTILm48EEES4_RS2_EEE24continue_insertion_stackEPNS6_4NodeES8_
FNDA:524349,_ZN6merkle5TreeTILm64EXadL_ZNS_L14sha512_opensslERKNS_5HashTILm64EEES4_RS2_EEE24continue_insertion_stackEPNS6_4NodeES8_
FNDA:264098,_ZN6merkle5TreeTILm32EXadL_ZNS_L14sha256_opensslERKNS_5HashTILm32EEES4_RS2_EEE23process_insertion_stackEb
FNDA:9982667,_ZN6merkle5TreeTILm32EXadL_ZNS_L15sha256_compressERKNS_5HashTILm32EEES4_RS2_EEE23process_insertion_stackEb
FNDA:528221,_ZN6merkle5TreeTILm48EXadL_ZNS_L14sha384_opensslERKNS_5HashTILm48EEES4_RS2_EEE23process_insertion_stackEb
FNDA:528221,_ZN6merkle5TreeTILm64EXadL_ZNS_L14sha512_opensslERKNS_5HashTILm64EEES4_RS2_EEE23process_insertion_stackEb
FNDA:262166,_ZN6merkle5TreeTILm32EXadL_ZNS_L14sha256_opensslERKNS_5HashTILm32EEES4_RS2_EEE11insert_leafERPNS6_4NodeES8_
FNDA:9748431,_ZN6merkle5TreeTILm32EXadL_ZNS_L15sha256_compressERKNS_5HashTILm32EEES4_RS2_EEE11insert_leafERPNS6_4NodeES8_
FNDA:524357,_ZN6merkle5TreeTILm48EXadL_ZNS_L14sha384_opensslERKNS_5HashTILm48EEES4_RS2_EEE11insert_leafERPNS6_4NodeES8_
FNDA:524357,_ZN6merkle5TreeTILm64EXadL_ZNS_L14sha512_opensslERKNS_5HashTILm64EEES4_RS2_EEE11insert_leafERPNS6_4NodeES8_
FNDA:2054,_ZN6merkle5TreeTILm32EXadL_ZNS_L14sha256_opensslERKNS_5HashTILm32EEES4_RS2_EEE13insert_leavesEb
FNDA:312868,_ZN6merkle5TreeTILm32EXadL_ZNS_L15sha256_compressERKNS_5HashTILm32EEES4_RS2_EEE13insert_leavesEb
FNDA:4192,_ZN6merkle5TreeTILm48EXadL_ZNS_L14sha384_opensslERKNS_5HashTILm48EEES4_RS2_EEE13insert_leavesEb
FNDA:4192,_ZN6merkle5TreeTILm64EXadL_ZNS_L14sha512_opensslERKNS_5HashTILm64EEES4_RS2_EEE13insert_leavesEb
FNDA:59172638,_ZN6merkle5HashTILm32EEaSERKS1_
FNDA:524755,_ZN6merkle5HashTILm48EEaSERKS1_
FNDA:524755,_ZN6merkle5HashTILm64EEaSERKS1_
FNDA:11583318,_ZN6merkleL15sha256_compressERKNS_5HashTILm32EEES3_RS1_
FNDA:11677,_ZNK6merkle5HashTILm32EEeqERKS1_
FNDA:82,_ZNK6merkle5HashTILm48EEeqERKS1_
FNDA:82,_ZNK6merkle5HashTILm64EEeqERKS1_
FNDA:272406,_ZN6merkleL14sha256_opensslERKNS_5HashTILm32EEES3_RS1_
FNDA:545218,_ZN6merkleL14sha384_opensslERKNS_5HashTILm48EEES3_RS1_
FNDA:545218,_ZN6merkleL14sha512_opensslERKNS_5HashTILm64EEES3_RS1_
FNDA:87270,_ZNK6merkle5HashTILm32EEneERKS1_
FNDA:64150,_ZNK6merkle5HashTILm32EE9serialiseERSt6vectorIhSaIhEE
FNDA:451,_ZNK6merkle5HashTILm48EE9serialiseERSt6vectorIhSaIhEE
FNDA:451,_ZNK6merkle5HashTILm64EE9serialiseERSt6vectorIhSaIhEE
FNDA:12054,_ZN6merkle5HashTILm32EE11deserialiseERKSt6vectorIhSaIhEERm
FNDA:0,_ZN6merkle5HashTILm48EE11deserialiseERKSt6vectorIhSaIhEERm
FNDA:0,_ZN6merkle5HashTILm64EE11deserialiseERKSt6vectorIhSaIhEERm
FNDA:2,_ZN6merkle5PathTILm32EXadL_ZNS_L14sha256_opensslERKNS_5HashTILm32EEES4_RS2_EEEC2ES4_mONSt7__cxx114listINS6_Ut0_ESaIS9_EEEm
FNDA:47991,_ZN6merkle5PathTILm32EXadL_ZNS_L15sha256_compressERKNS_5HashTILm32EEES4_RS2_EEEC2ES4_mONSt7__cxx114listINS6_Ut0_ESaIS9_EEEm
FNDA:72,_ZN6merkle5PathTILm48EXadL_ZNS_L14sha384_opensslERKNS_5HashTILm48EEES4_RS2_EEEC2ES4_mONSt7__cxx114listINS6_Ut0_ESaIS9_EEEm
FNDA:72,_ZN6merkle5PathTILm64EXadL_ZNS_L14sha512_opensslERKNS_5HashTILm64EEES4_RS2_EEEC2ES4_mONSt7__cxx114listINS6_Ut0_ESaIS9_EEEm
FNDA:2,_ZNK6merkle5PathTILm32EXadL_ZNS_L14sha256_opensslERKNS_5HashTILm32EEES4_RS2_EEE4rootEv
FNDA:15025,_ZNK6merkle5PathTILm32EXadL_ZNS_L15sha256_compressERKNS_5HashTILm32EEES4_RS2_EEE4rootEv
FNDA:69,_ZNK6merkle5PathTILm48EXadL_ZNS_L14sha384_opensslERKNS_5HashTILm48EEES4_RS2_EEE4rootEv
FNDA:69,_ZNK6merkle5PathTILm64EXadL_ZNS_L14sha512_opensslERKNS_5HashTILm64EEES4_RS2_EEE4rootEv
FNDA:2,_ZNK6merkle5PathTILm32EXadL_ZNS_L14sha256_opensslERKNS_5HashTILm32EEES4_RS2_EEE6verifyES4_
FNDA:9646,_ZNK6merkle5PathTILm32EXadL_ZNS_L15sha256_compressERKNS_5HashTILm32EEES4_RS2_EEE6verifyES4_
FNDA:64,_ZNK6merkle5PathTILm48EXadL_ZNS_L14sha384_opensslERKNS_5HashTILm48EEES4_RS2_EEE6verifyES4_
FNDA:64,_ZNK6merkle5PathTILm64EXadL_ZNS_L14sha512_opensslERKNS_5HashTILm64EEES4_RS2_EEE6verifyES4_
FNDA:2264,_ZNK6merkle5PathTILm32EXadL_ZNS_L15sha256_compressERKNS_5HashTILm32EEES4_RS2_EEE9serialiseERSt6vectorIhSaIhEE
FNDA:64,_ZNK6merkle5PathTILm48EXadL_ZNS_L14sha384_opensslERKNS_5HashTILm48EEES4_RS2_EEE9serialiseERSt6vectorIhSaIhEE
FNDA:64,_ZNK6merkle5PathTILm64EXadL_ZNS_L14sha512_opensslERKNS_5HashTILm64EEES4_RS2_EEE9serialiseERSt6vectorIhSaIhEE
FNDA:22,_ZNK6merkle5PathTILm32EXadL_ZNS_L15sha256_compressERKNS_5HashTILm32EEES4_RS2_EEEcvSt6vectorIhSaIhEEEv
FNDA:2,_ZNK6merkle5PathTILm32EXadL_ZNS_L15sha256_compressERKNS_5HashTILm32EEES4_RS2_EEE4sizeEv
FNDA:2,_ZNK6merkle5PathTILm48EXadL_ZNS_L14sha384_opensslERKNS_5HashTILm48EEES4_RS2_EEE4sizeEv
FNDA:2,_ZNK6merkle5PathTILm64EXadL_ZNS_L14sha512_opensslERKNS_5HashTILm64EEES4_RS2_EEE4sizeEv
FNDA:2242,_ZNK6merkle5PathTILm32EXadL_ZNS_L15sha256_compressERKNS_5HashTILm32EEES4_RS2_EEE15serialised_sizeEv
FNDA:64,_ZNK6merkle5PathTILm48EXadL_ZNS_L14sha384_opensslERKNS_5HashTILm48EEES4_RS2_EEE15serialised_sizeEv
FNDA:64,_ZNK6merkle5PathTILm64EXadL_ZNS_L14sha512_opensslERKNS_5HashTILm64EEES4_RS2_EEE15serialised_sizeEv
FNDA:1,_ZNK6merkle5PathTILm32EXadL_ZNS_L15sha256_compressERKNS_5HashTILm32EEES4_RS2_EEEixEm
FNDA:1,_ZNK6merkle5PathTILm48EXadL_ZNS_L14sha384_opensslERKNS_5HashTILm48EEES4_RS2_EEEixEm
FNDA:1,_ZNK6merkle5PathTILm64EXadL_ZNS_L14sha512_opensslERKNS_5HashTILm64EEES4_RS2_EEEixEm
FNDA:36335,_ZNK6merkle5PathTILm32EXadL_ZNS_L15sha256_compressERKNS_5HashTILm32EEES4_RS2_EEE5beginEv
FNDA:4,_ZNK6merkle5PathTILm48EXadL_ZNS_L14sha384_opensslERKNS_5HashTILm48EEES4_RS2_EEE5beginEv
FNDA:4,_ZNK6merkle5PathTILm64EXadL_ZNS_L14sha512_opensslERKNS_5HashTILm64EEES4_RS2_EEE5beginEv
FNDA:36334,_ZNK6merkle5PathTILm32EXadL_ZNS_L15sha256_compressERKNS_5HashTILm32EEES4_RS2_EEE3endEv
FNDA:3,_ZNK6merkle5PathTILm48EXadL_ZNS_L14sha384_opensslERKNS_5HashTILm48EEES4_RS2_EEE3endEv
FNDA:3,_ZNK6merkle5PathTILm64EXadL_ZNS_L14sha512_opensslERKNS_5HashTILm64EEES4_RS2_EEE3endEv
FNDA:22,_ZNK6merkle5PathTILm32EXadL_ZNS_L15sha256_compressERKNS_5HashTILm32EEES4_RS2_EEE9to_stringEmb
FNDA:277999632,_ZN6merkleL18convert_endiannessEj
FNDA:36334,_ZNK6merkle5PathTILm32EXadL_ZNS_L15sha256_compressERKNS_5HashTILm32EEES4_RS2_EEE4leafEv
FNDA:5,_ZNK6merkle5PathTILm48EXadL_ZNS_L14sha384_opensslERKNS_5HashTILm48EEES4_RS2_EEE4leafEv
FNDA:5,_ZNK6merkle5PathTILm64EXadL_ZNS_L14sha512_opensslERKNS_5HashTILm64EEES4_RS2_EEE4leafEv
FNDA:4695,_ZNK6merkle5PathTILm32EXadL_ZNS_L15sha256_compressERKNS_5HashTILm32EEES4_RS2_EEEeqERKS6_
FNDA:2687,_ZN6merkle5PathTILm32EXadL_ZNS_L15sha256_compressERKNS_5HashTILm32EEES4_RS2_EEEneERKS6_
FNDA:262166,_ZN6merkle5TreeTILm32EXadL_ZNS_L14sha256_opensslERKNS_5HashTILm32EEES4_RS2_EEE4Node4makeES4_
FNDA:58190934,_ZN6merkle5TreeTILm32EXadL_ZNS_L15sha256_compressERKNS_5HashTILm32EEES4_RS2_EEE4Node4makeES4_
FNDA:524363,_ZN6merkle5TreeTILm48EXadL_ZNS_L14sha384_opensslERKNS_5HashTILm48EEES4_RS2_EEE4Node4makeES4_
FNDA:524363,_ZN6merkle5TreeTILm64EXadL_ZNS_L14sha512_opensslERKNS_5HashTILm64EEES4_RS2_EEE4Node4makeES4_
FNDA:262162,_ZN6merkle5TreeTILm32EXadL_ZNS_L14sha256_opensslERKNS_5HashTILm32EEES4_RS2_EEE4Node4makeEPS7_S8_
FNDA:9774195,_ZN6merkle5TreeTILm32EXadL_ZNS_L15sha256_compressERKNS_5HashTILm32EEES4_RS2_EEE4Node4makeEPS7_S8_
FNDA:524350,_ZN6merkle5TreeTILm48EXadL_ZNS_L14sha384_opensslERKNS_5HashTILm48EEES4_RS2_EEE4Node4makeEPS7_S8_
FNDA:524350,_ZN6merkle5TreeTILm64EXadL_ZNS_L14sha512_opensslERKNS_5HashTILm64EEES4_RS2_EEE4Node4makeEPS7_S8_
FNDA:68917663,_ZN6merkle5TreeTILm32EXadL_ZNS_L15sha256_compressERKNS_5HashTILm32EEES4_RS2_EEE4Node9copy_nodeEPKS7_PSt6vectorIPS7_SaISB_EEPmmmm
FNDA:7,_ZN6merkle5TreeTILm48EXadL_ZNS_L14sha384_opensslERKNS_5HashTILm48EEES4_RS2_EEE4Node9copy_nodeEPKS7_PSt6vectorIPS7_SaISB_EEPmmmm
FNDA:7,_ZN6merkle5TreeTILm64EXadL_ZNS_L14sha512_opensslERKNS_5HashTILm64EEES4_RS2_EEE4Node9copy_nodeEPKS7_PSt6vectorIPS7_SaISB_EEPmmmm
FNDA:1010318518,_ZN6merkle5TreeTILm32EXadL_ZNS_L14sha256_opensslERKNS_5HashTILm32EEES4_RS2_EEE4Node9invariantEv
FNDA:7291949408,_ZN6merkle5TreeTILm32EXadL_ZNS_L15sha256_compressERKNS_5HashTILm32EEES4_RS2_EEE4Node9invariantEv
FNDA:2020663601,_ZN6merkle5TreeTILm48EXadL_ZNS_L14sha384_opensslERKNS_5HashTILm48EEES4_RS2_EEE4Node9invariantEv
FNDA:2020663601,_ZN6merkle5TreeTILm64EXadL_ZNS_L14sha512_opensslERKNS_5HashTILm64EEES4_RS2_EEE4Node9invariantEv
FNDA:524328,_ZN6merkle5TreeTILm32EXadL_ZNS_L14sha256_opensslERKNS_5HashTILm32EEES4_RS2_EEE4NodeD2Ev
FNDA:67965129,_ZN6merkle5TreeTILm32EXadL_ZNS_L15sha256_compressERKNS_5HashTILm32EEES4_RS2_EEE4NodeD2Ev
FNDA:1048713,_ZN6merkle5TreeTILm48EXadL_ZNS_L14sha384_opensslERKNS_5HashTILm48EEES4_RS2_EEE4NodeD2Ev
FNDA:1048713,_ZN6merkle5TreeTILm64EXadL_ZNS_L14sha512_opensslERKNS_5HashTILm64EEES4_RS2_EEE4NodeD2Ev
FNDA:1453978,_ZNK6merkle5TreeTILm32EXadL_ZNS_L14sha256_opensslERKNS_5HashTILm32EEES4_RS2_EEE4Node7is_fullEv
FNDA:55517893,_ZNK6merkle5TreeTILm32EXadL_ZNS_L15sha256_compressERKNS_5HashTILm32EEES4_RS2_EEE4Node7is_fullEv
FNDA:2908146,_ZNK6merkle5TreeTILm48EXadL_ZNS_L14sha384_opensslERKNS_5HashTILm48EEES4_RS2_EEE4Node7is_fullEv
FNDA:2908146,_ZNK6merkle5TreeTILm64EXadL_ZNS_L14sha512_opensslERKNS_5HashTILm64EEES4_RS2_EEE4Node7is_fullEv
FNDA:1185818,_ZN6merkle5TreeTILm32EXadL_ZNS_L14sha256_opensslERKNS_5HashTILm32EEES4_RS2_EEE4Node12update_sizesEv
FNDA:93926471,_ZN6merkle5TreeTILm32EXadL_ZNS_L15sha256_compressERKNS_5HashTILm32EEES4_RS2_EEE4Node12update_sizesEv
FNDA:2371776,_ZN6merkle5TreeTILm48EXadL_ZNS_L14sha384_opensslERKNS_5HashTILm48EEES4_RS2_EEE4Node12update_sizesEv
FNDA:2371776,_ZN6merkle5TreeTILm64EXadL_ZNS_L14sha512_opensslERKNS_5HashTILm64EEES4_RS2_EEE4Node12update_sizesEv
FNDA:11344,_ZN6merkleL18serialise_uint64_tEmRSt6vectorIhSaIhEE
FNDA:4,_ZN6merkle5TreeTILm32EXadL_ZNS_L14sha256_opensslERKNS_5HashTILm32EEES4_RS2_EEEC2Ev
FNDA:3257,_ZN6merkle5TreeTILm32EXadL_ZNS_L15sha256_compressERKNS_5HashTILm32EEES4_RS2_EEEC2Ev
FNDA:8,_ZN6merkle5TreeTILm48EXadL_ZNS_L14sha384_opensslERKNS_5HashTILm48EEES4_RS2_EEEC2Ev
FNDA:8,_ZN6merkle5TreeTILm64EXadL_ZNS_L14sha512_opensslERKNS_5HashTILm64EEES4_RS2_EEEC2Ev
FNDA:2688,_ZN6merkle5TreeTILm32EXadL_ZNS_L15sha256_compressERKNS_5HashTILm32EEES4_RS2_EEEC2ERKS6_
FNDA:1,_ZN6merkle5TreeTILm48EXadL_ZNS_L14sha384_opensslERKNS_5HashTILm48EEES4_RS2_EEEC2ERKS6_
FNDA:1,_ZN6merkle5TreeTILm64EXadL_ZNS_L14sha512_opensslERKNS_5HashTILm64EEES4_RS2_EEEC2ERKS6_
FNDA:2077,_ZN6merkle5TreeTILm32EXadL_ZNS_L15sha256_compressERKNS_5HashTILm32EEES4_RS2_EEEC2ERKSt6vectorIhSaIhEE
FNDA:3,_ZN6merkle5TreeTILm48EXadL_ZNS_L14sha384_opensslERKNS_5HashTILm48EEES4_RS2_EEEC2ERKSt6vectorIhSaIhEE
FNDA:3,_ZN6merkle5TreeTILm64EXadL_ZNS_L14sha512_opensslERKNS_5HashTILm64EEES4_RS2_EEEC2ERKSt6vectorIhSaIhEE
FNDA:1,_ZN6merkle5TreeTILm32EXadL_ZNS_L15sha256_compressERKNS_5HashTILm32EEES4_RS2_EEEC2ES4_
FNDA:1,_ZN6merkle5TreeTILm48EXadL_ZNS_L14sha384_opensslERKNS_5HashTILm48EEES4_RS2_EEEC2ES4_
FNDA:1,_ZN6merkle5TreeTILm64EXadL_ZNS_L14sha512_opensslERKNS_5HashTILm64EEES4_RS2_EEEC2ES4_
FNDA:4,_ZN6merkle5TreeTILm32EXadL_ZNS_L14sha256_opensslERKNS_5HashTILm32EEES4_RS2_EEED2Ev
FNDA:8023,_ZN6merkle5TreeTILm32EXadL_ZNS_L15sha256_compressERKNS_5HashTILm32EEES4_RS2_EEED2Ev
FNDA:13,_ZN6merkle5TreeTILm48EXadL_ZNS_L14sha384_opensslERKNS_5HashTILm48EEES4_RS2_EEED2Ev
FNDA:13,_ZN6merkle5TreeTILm64EXadL_ZNS_L14sha512_opensslERKNS_5HashTILm64EEES4_RS2_EEED2Ev
FNDA:3650796,_ZN6merkle5TreeTILm32EXadL_ZNS_L15sha256_compressERKNS_5HashTILm32EEES4_RS2_EEE9invariantEv
FNDA:262166,_ZN6merkle5TreeTILm32EXadL_ZNS_L14sha256_opensslERKNS_5HashTILm32EEES4_RS2_EEE6insertES4_
FNDA:23891762,_ZN6merkle5TreeTILm32EXadL_ZNS_L15sha256_compressERKNS_5HashTILm32EEES4_RS2_EEE6insertES4_
FNDA:524357,_ZN6merkle5TreeTILm48EXadL_ZNS_L14sha384_opensslERKNS_5HashTILm48EEES4_RS2_EEE6insertES4_
FNDA:524357,_ZN6merkle5TreeTILm64EXadL_ZNS_L14sha512_opensslERKNS_5HashTILm64EEES4_RS2_EEE6insertES4_
FNDA:4170,_ZN6merkleL20deserialise_uint64_tERKSt6vectorIhSaIhEERm
FNDA:182401,_ZN6merkle5TreeTILm32EXadL_ZNS_L15sha256_compressERKNS_5HashTILm32EEES4_RS2_EEE8flush_toEm
FNDA:6,_ZN6merkle5TreeTILm48EXadL_ZNS_L14sha384_opensslERKNS_5HashTILm48EEES4_RS2_EEE8flush_toEm
FNDA:6,_ZN6merkle5TreeTILm64EXadL_ZNS_L14sha512_opensslERKNS_5HashTILm64EEES4_RS2_EEE8flush_toEm
FNDA:1612664,_ZZN6merkle5TreeTILm32EXadL_ZNS_L15sha256_compressERKNS_5HashTILm32EEES4_RS2_EEE8flush_toEmENKUlRPNS6_4NodeEbE_clES9_b
FNDA:1,_ZZN6merkle5TreeTILm48EXadL_ZNS_L14sha384_opensslERKNS_5HashTILm48EEES4_RS2_EEE8flush_toEmENKUlRPNS6_4NodeEbE_clES9_b
FNDA:1,_ZZN6merkle5TreeTILm64EXadL_ZNS_L14sha512_opensslERKNS_5HashTILm64EEES4_RS2_EEE8flush_toEmENKUlRPNS6_4NodeEbE_clES9_b
FNDA:9175002,_ZN6merkle5TreeTILm32EXadL_ZNS_L15sha256_compressERKNS_5HashTILm32EEES4_RS2_EEE10retract_toEm
FNDA:5,_ZN6merkle5TreeTILm48EXadL_ZNS_L14sha384_opensslERKNS_5HashTILm48EEES4_RS2_EEE10retract_toEm
FNDA:5,_ZN6merkle5TreeTILm64EXadL_ZNS_L14sha512_opensslERKNS_5HashTILm64EEES4_RS2_EEE10retract_toEm
FNDA:384165,_ZZN6merkle5TreeTILm32EXadL_ZNS_L15sha256_compressERKNS_5HashTILm32EEES4_RS2_EEE10retract_toEmENKUlRPNS6_4NodeEbE_clES9_b
FNDA:2,_ZZN6merkle5TreeTILm48EXadL_ZNS_L14sha384_opensslERKNS_5HashTILm48EEES4_RS2_EEE10retract_toEmENKUlRPNS6_4NodeEbE_clES9_b
FNDA:2,_ZZN6merkle5TreeTILm64EXadL_ZNS_L14sha512_opensslERKNS_5HashTILm64EEES4_RS2_EEE10retract_toEmENKUlRPNS6_4NodeEbE_clES9_b
FNDA:2688,_ZN6merkle5TreeTILm32EXadL_ZNS_L15sha256_compressERKNS_5HashTILm32EEES4_RS2_EEEaSERKS6_
FNDA:1,_ZN6merkle5TreeTILm48EXadL_ZNS_L14sha384_opensslERKNS_5HashTILm48EEES4_RS2_EEEaSERKS6_
FNDA:1,_ZN6merkle5TreeTILm64EXadL_ZNS_L14sha512_opensslERKNS_5HashTILm64EEES4_RS2_EEEaSERKS6_
FNDA:2052,_ZN6merkle5TreeTILm32EXadL_ZNS_L14sha256_opensslERKNS_5HashTILm32EEES4_RS2_EEE4rootEv
FNDA:43389,_ZN6merkle5TreeTILm32EXadL_ZNS_L15sha256_compressERKNS_5HashTILm32EEES4_RS2_EEE4rootEv
FNDA:4110,_ZN6merkle5TreeTILm48EXadL_ZNS_L14sha384_opensslERKNS_5HashTILm48EEES4_RS2_EEE4rootEv
FNDA:4110,_ZN6merkle5TreeTILm64EXadL_ZNS_L14sha512_opensslERKNS_5HashTILm64EEES4_RS2_EEE4rootEv
FNDA:36334,_ZN6merkle5TreeTILm32EXadL_ZNS_L15sha256_compressERKNS_5HashTILm32EEES4_RS2_EEE9past_rootEm
FNDA:5,_ZN6merkle5TreeTILm48EXadL_ZNS_L14sha384_opensslERKNS_5HashTILm48EEES4_RS2_EEE9past_rootEm
FNDA:5,_ZN6merkle5TreeTILm64EXadL_ZNS_L14sha512_opensslERKNS_5HashTILm64EEES4_RS2_EEE9past_rootEm
FNF:227
FNH:223
DA:48,277999632
DA:50,277999632
DA:53,277999632
DA:69,11344
DA:71,11344
DA:72,11344
DA:73,102096
DA:75,90752
DA:77,11344
DA:79,4170
DA:82,4170
DA:83,4170
DA:84,37530
DA:86,33360
DA:88,4170
DA:100,71192798
DA:102,71192798
DA:103,71192798
DA:107,16793
DA:109,16793
DA:110,16793
DA:142,12054
DA:144,12054
DA:146,0
DA:148,12054
DA:149,12054
DA:159,3
DA:161,3
DA:179,148
DA:182,148
DA:183,148
DA:184,708
DA:186,560
DA:187,560
DA:188,560
DA:190,560
DA:192,148
DA:196,60222148
DA:198,60222148
DA:199,60222148
DA:203,11841
DA:205,11841
DA:209,87270
DA:211,87270
DA:216,65052
DA:219,2168364
DA:221,2103312
DA:223,65052
DA:228,12054
DA:231,12054
DA:233,0
DA:235,397782
DA:237,385728
DA:239,12054
DA:290,48137
DA:295,48137
DA:296,48137
DA:297,48137
DA:298,48137
DA:299,48137
DA:327,15165
DA:329,15165
DA:330,15165
DA:334,195455
DA:336,180290
DA:342,93902
DA:350,86388
DA:356,15165
DA:357,0
DA:362,9776
DA:364,9776
DA:369,2392
DA:372,2392
DA:373,2392
DA:374,2392
DA:375,2392
DA:376,36216
DA:378,33824
DA:379,33824
DA:381,2392
DA:415,22
DA:417,22
DA:418,22
DA:419,22
DA:420,0
DA:423,6
DA:425,6
DA:429,2370
DA:435,2370
DA:438,2370
DA:455,3
DA:457,6
DA:464,36343
DA:466,36343
DA:470,36340
DA:472,36340
DA:478,22
DA:481,22
DA:482,22
DA:483,102
DA:486,80
DA:488,44
DA:489,22
DA:492,36344
DA:494,36344
DA:498,4695
DA:500,4695
DA:502,0
DA:504,4695
DA:505,4695
DA:506,52883
DA:508,48188
DA:510,0
DA:512,48188
DA:513,48188
DA:515,4695
DA:519,2687
DA:521,2687
DA:555,59501826
DA:557,59501826
DA:558,59501826
DA:559,59501826
DA:560,59501826
DA:561,59501826
DA:562,59501826
DA:563,59501826
DA:569,11085057
DA:571,11085057
DA:572,11085057
DA:573,11085057
DA:574,11085057
DA:575,11085057
DA:576,11085057
DA:577,11085057
DA:578,11085057
DA:588,68917677
DA:596,68917677
DA:598,34647340
DA:601,34270337
DA:602,34270337
DA:603,34270337
DA:604,34270337
DA:605,68540674
DA:606,34270337
DA:612,68540674
DA:613,34270337
DA:619,34270337
DA:621,16938870
DA:623,16937787
DA:627,1083
DA:630,34270337
DA:636,12343595128
DA:638,12343595128
DA:639,12343595128
DA:640,12343595128
DA:641,12343595128
DA:642,12343595128
DA:643,12343595128
DA:644,12343595128
DA:647,70586883
DA:649,70586883
DA:652,70586883
DA:653,70586883
DA:654,70586883
DA:659,62788163
DA:661,62788163
DA:662,62788163
DA:663,62788163
DA:667,99855841
DA:669,99855841
DA:671,40271723
DA:672,40271723
DA:676,59584118
DA:678,99855841
DA:712,3277
DA:715,2690
DA:716,2690
DA:717,2690
DA:718,2690
DA:734,2083
DA:735,2083
DA:736,2083
DA:737,2083
DA:749,3
DA:750,3
DA:751,3
DA:752,3
DA:755,8053
DA:757,8053
DA:758,1060742
DA:760,1052689
DA:762,8053
DA:765,3650796
DA:767,3650796
DA:779,25202642
DA:784,25202642
DA:785,25202642
DA:786,25202642
DA:812,182413
DA:815,182413
DA:817,182413
DA:819,12270
DA:822,170149
DA:823,1612666
DA:829,1168435
DA:831,0
DA:833,1168435
DA:834,1168435
DA:835,1168435
DA:836,1168435
DA:838,1612666
DA:841,170140
DA:842,340280
DA:843,340280
DA:844,170140
DA:851,9175012
DA:854,9175012
DA:856,9175012
DA:858,0
DA:861,9175012
DA:863,3
DA:866,9175009
DA:868,9131953
DA:869,22596908
DA:871,13464955
DA:872,13464955
DA:874,9131953
DA:878,43062
DA:879,384169
DA:880,384169
DA:881,384169
DA:887,117383
DA:889,117383
DA:890,117383
DA:891,117383
DA:893,117383
DA:895,117383
DA:896,117383
DA:897,117383
DA:899,117383
DA:901,95658
DA:904,117383
DA:910,2233
DA:913,117383
DA:918,117383
DA:920,266786
DA:924,43056
DA:926,43056
DA:927,43056
DA:929,43056
DA:933,0
DA:936,43056
DA:942,2690
DA:944,2690
DA:945,2690
DA:947,0
DA:949,2690
DA:950,2690
DA:951,2690
DA:952,2690
DA:954,2690
DA:955,2690
DA:956,2690
DA:961,377003
DA:963,374313
DA:965,2690
DA:966,2690
DA:967,2690
DA:968,2690
DA:973,53661
DA:976,53661
DA:977,53661
DA:978,53658
DA:982,53658
DA:992,36344
DA:995,36344
DA:997,36344
DA:998,36338
DA:1005,453200
DA:1007,416862
DA:1009,205164
DA:1013,72676
DA:1014,36338
DA:1023,262866
DA:1026,262866
DA:1028,6
DA:1031,262860
DA:1033,262854
DA:1035,262854
DA:1036,262854
DA:1037,262854
DA:1039,262842
DA:1041,262854
DA:1043,3708160
DA:1045,3445306
DA:1046,3445306
DA:1047,3445306
DA:1049,626212
DA:1057,3445306
DA:1059,2546771
DA:1061,117383
DA:1063,2429388
DA:1065,3327923
DA:1066,3327923
DA:1069,262854
DA:1071,669268
DA:1073,626212
DA:1074,626212
DA:1078,262854
DA:1084,43442
DA:1087,43442
DA:1088,43442
DA:1090,44314
DA:1091,498881
DA:1092,498881
DA:1093,498881
DA:1094,498881
DA:1095,498881
DA:1099,86866
DA:1100,43442
DA:1109,4710
DA:1113,4710
DA:1115,4710
DA:1116,9420
DA:1117,9420
DA:1119,6
DA:1122,4704
DA:1124,4704
DA:1130,4704
DA:1131,4704
DA:1132,4704
DA:1133,4704
DA:1135,4704
DA:1136,4704
DA:1137,4704
DA:1138,4704
DA:1139,4704
DA:1141,4701
DA:1142,4701
DA:1145,61659
DA:1147,56955
DA:1148,56955
DA:1149,56955
DA:1161,56955
DA:1163,4489
DA:1164,4489
DA:1169,4489
DA:1172,56955
DA:1175,18183
DA:1176,18183
DA:1178,12904
DA:1180,9419
DA:1181,9419
DA:1182,9419
DA:1183,9419
DA:1185,12904
DA:1191,38772
DA:1193,38772
DA:1194,38772
DA:1195,38772
DA:1196,38772
DA:1197,38772
DA:1199,38772
DA:1204,36427
DA:1206,19743
DA:1207,19743
DA:1208,19743
DA:1209,19743
DA:1211,36427
DA:1215,56955
DA:1216,56955
DA:1217,56955
DA:1239,4704
DA:1242,4704
DA:1244,4489
DA:1246,38987
DA:1248,34283
DA:1251,4704
DA:1256,4489
DA:1257,4489
DA:1259,4489
DA:1261,19743
DA:1263,15254
DA:1271,4489
DA:1272,4489
DA:1273,4489
DA:1274,4489
DA:1279,14123
DA:1281,9419
DA:1285,9408
DA:1286,4704
DA:1290,76
DA:1294,76
DA:1295,76
DA:1296,76
DA:1297,720
DA:1299,644
DA:1301,784
DA:1303,708
DA:1306,76
DA:1310,73
DA:1315,73
DA:1316,76
DA:1317,639
DA:1319,444
DA:1321,639
DA:1324,517
DA:1326,444
DA:1328,73
DA:1329,76
DA:1335,2008
DA:1340,2008
DA:1341,6024
DA:1342,6024
DA:1344,0
DA:1347,2008
DA:1348,2008
DA:1349,17438
DA:1351,15430
DA:1354,2008
DA:1358,2008
DA:1363,2008
DA:1364,2008
DA:1365,16864
DA:1367,11610
DA:1369,16864
DA:1372,13618
DA:1374,11610
DA:1376,2008
DA:1377,2008
DA:1381,2085
DA:1383,2085
DA:1384,2085
DA:1385,2085
DA:1390,2085
DA:1394,2085
DA:1395,2085
DA:1396,2085
DA:1398,0
DA:1400,2085
DA:1401,2085
DA:1402,2085
DA:1403,2085
DA:1404,2085
DA:1406,2085
DA:1407,2085
DA:1409,2085
DA:1410,18878
DA:1412,16793
DA:1413,16793
DA:1414,16793
DA:1417,2085
DA:1418,2085
DA:1419,2085
DA:1420,2085
DA:1421,24912
DA:1424,22827
DA:1426,12054
DA:1428,12054
DA:1429,12054
DA:1430,12054
DA:1431,12054
DA:1432,12054
DA:1441,60380
DA:1443,37553
DA:1445,10788
DA:1449,26765
DA:1453,22827
DA:1454,22827
DA:1456,22827
DA:1457,22827
DA:1460,2085
DA:1462,2085
DA:1464,2082
DA:1465,2082
DA:1467,2085
DA:1488,15439
DA:1491,15439
DA:1493,0
DA:1495,15439
DA:1498,502
DA:1499,502
DA:1501,14937
DA:1508,28007916
DA:1510,28007916
DA:1517,11065287
DA:1519,11065287
DA:1526,27528561
DA:1528,27528561
DA:1529,27528561
DA:1534,4223
DA:1536,4223
DA:1543,131
DA:1545,131
DA:1547,0
DA:1549,131
DA:1555,2136
DA:1557,2136
DA:1559,2136
DA:1561,2136
DA:1562,16688
DA:1564,12490
DA:1566,16688
DA:1571,4272
DA:1578,2008
DA:1580,2008
DA:1581,2008
DA:1582,16864
DA:1584,11610
DA:1586,16864
DA:1590,2008
DA:1622,8
DA:1624,8
DA:1625,8
DA:1626,8
DA:1627,8
DA:1628,8
DA:1629,16
DA:1630,8
DA:1638,2
DA:1640,6
DA:1641,2
DA:1642,2
DA:1643,2
DA:1645,2
DA:1647,0
DA:1648,0
DA:1651,2
DA:1653,0
DA:1657,2
DA:1658,2
DA:1659,12
DA:1661,10
DA:1662,52
DA:1664,42
DA:1665,42
DA:1666,42
DA:1668,20
DA:1670,42
DA:1672,20
DA:1674,42
DA:1676,10
DA:1677,10
DA:1678,10
DA:1683,2
DA:1684,2
DA:1685,2
DA:1686,2
DA:1688,2
DA:1689,2
DA:1735,48137
DA:1738,48137
DA:1740,0
DA:1742,48137
DA:1744,0
DA:1745,0
DA:1747,48137
DA:1755,257725
DA:1761,257725
DA:1762,257725
DA:1763,257725
DA:1765,25090904
DA:1767,24833179
DA:1768,24833179
DA:1770,24833179
DA:1772,5437154
DA:1774,19396025
DA:1776,6850573
DA:1780,12545452
DA:1781,12545452
DA:1783,0
DA:1785,12545452
DA:1786,12545452
DA:1794,12545452
DA:1795,12545452
DA:1798,257725
DA:1801,323306
DA:1803,323306
DA:1804,323306
DA:1806,9
DA:1808,323297
DA:1809,323297
DA:1810,323297
DA:1812,257725
DA:1813,257725
DA:1815,323297
DA:1822,11058292
DA:1824,17584454
DA:1829,28642746
DA:1831,28642746
DA:1833,11058292
DA:1834,11058292
DA:1835,11058292
DA:1836,11058292
DA:1839,17584454
DA:1840,17584454
DA:1841,17584454
DA:1842,17584454
DA:1843,17584454
DA:1844,17584454
DA:1846,0
DA:1847,0
DA:1851,17584454
DA:1852,17584454
DA:1860,11303207
DA:1871,11303207
DA:1872,11303207
DA:1874,11303207
DA:1875,11303207
DA:1877,17606215
DA:1879,17339539
DA:1880,17339539
DA:1881,17339539
DA:1882,17339539
DA:1884,17339539
DA:1886,0
DA:1890,17339539
DA:1892,17339539
DA:1893,17339539
DA:1895,17339539
DA:1897,17339539
DA:1903,11036531
DA:1907,266676
DA:1909,266676
DA:1915,11059311
DA:1920,11059311
DA:1921,11059311
DA:1923,1019
DA:1927,11058292
DA:1928,11058292
DA:1930,11059311
DA:1935,323306
DA:1937,323306
DA:1944,11312460
DA:1946,11059311
DA:1948,253149
DA:1950,323306
DA:1952,244915
DA:1954,323306
DA:1965,11583318
DA:1978,11583318
DA:1979,11583318
DA:1984,11583318
DA:1986,196916406
DA:1987,185333088
DA:1990,567582582
DA:1991,555999264
DA:1992,555999264
DA:1993,555999264
DA:1994,555999264
DA:1995,555999264
DA:1996,555999264
DA:1997,555999264
DA:2001,104249862
DA:2002,92666544
DA:2005,752915670
DA:2006,741332352
DA:2007,741332352
DA:2008,741332352
DA:2009,741332352
DA:2010,741332352
DA:2011,741332352
DA:2012,741332352
DA:2013,741332352
DA:2014,741332352
DA:2015,741332352
DA:2016,741332352
DA:2017,741332352
DA:2018,741332352
DA:2019,741332352
DA:2020,741332352
DA:2021,741332352
DA:2022,741332352
DA:2023,741332352
DA:2024,741332352
DA:2027,104249862
DA:2028,92666544
DA:2030,11583318
DA:2039,272406
DA:2045,272406
DA:2046,272406
DA:2048,272406
DA:2050,272406
DA:2051,272406
DA:2053,0
DA:2055,272406
DA:2061,545218
DA:2067,545218
DA:2068,545218
DA:2070,545218
DA:2072,545218
DA:2073,545218
DA:2075,0
DA:2077,545218
DA:2083,545218
DA:2089,545218
DA:2090,545218
DA:2092,545218
DA:2094,545218
DA:2095,545218
DA:2097,0
DA:2099,545218
LF:702
LH:675
end_of_record
TN:
SF:/home/runner/work/merklecpp/merklecpp/test/compare_hash_functions.cpp
FN:194,219,_Z5benchIN6merkle5TreeTILm32EXadL_ZNS0_L14sha256_opensslERKNS0_5HashTILm32EEES5_RS3_EEEEEvRKSt6vectorIS3_SaIS3_EERKNSt7__cxx1112basic_stringIcSt11char_traitsIcESaIcEEEm
FN:194,219,_Z5benchIN6merkle5TreeTILm32EXadL_ZNS0_L15sha256_compressERKNS0_5HashTILm32EEES5_RS3_EEEEEvRKSt6vectorIS3_SaIS3_EERKNSt7__cxx1112basic_stringIcSt11char_traitsIcESaIcEEEm
FN:222,247,_Z6benchTIN6merkle5TreeTILm48EXadL_ZNS0_L14sha384_opensslERKNS0_5HashTILm48EEES5_RS3_EEEELm48EEvRKSt6vectorINS2_IXT0_EEESaIS9_EERKNSt7__cxx1112basic_stringIcSt11char_traitsIcESaIcEEEm
FN:222,247,_Z6benchTIN6merkle5TreeTILm64EXadL_ZNS0_L14sha512_opensslERKNS0_5HashTILm64EEES5_RS3_EEEELm64EEvRKSt6vectorINS2_IXT0_EEESaIS9_EERKNSt7__cxx1112basic_stringIcSt11char_traitsIcESaIcEEEm
FN:284,371,main
FN:80,134,_Z26compare_compression_hashesv
FNDA:2,_Z5benchIN6merkle5TreeTILm32EXadL_ZNS0_L14sha256_opensslERKNS0_5HashTILm32EEES5_RS3_EEEEEvRKSt6vectorIS3_SaIS3_EERKNSt7__cxx1112basic_stringIcSt11char_traitsIcESaIcEEEm
FNDA:2,_Z5benchIN6merkle5TreeTILm32EXadL_ZNS0_L15sha256_compressERKNS0_5HashTILm32EEES5_RS3_EEEEEvRKSt6vectorIS3_SaIS3_EERKNSt7__cxx1112basic_stringIcSt11char_traitsIcESaIcEEEm
FNDA:2,_Z6benchTIN6merkle5TreeTILm48EXadL_ZNS0_L14sha384_opensslERKNS0_5HashTILm48EEES5_RS3_EEEELm48EEvRKSt6vectorINS2_IXT0_EEESaIS9_EERKNSt7__cxx1112basic_stringIcSt11char_traitsIcESaIcEEEm
FNDA:2,_Z6benchTIN6merkle5TreeTILm64EXadL_ZNS0_L14sha512_opensslERKNS0_5HashTILm64EEES5_RS3_EEEELm64EEvRKSt6vectorINS2_IXT0_EEESaIS9_EERKNSt7__cxx1112basic_stringIcSt11char_traitsIcESaIcEEEm
FNDA:2,main
FNDA:2,_Z26compare_compression_hashesv
FNF:6
FNH:6
DA:80,2
DA:83,2
DA:84,2
DA:90,2
DA:91,2
DA:93,2050
DA:95,2048
DA:102,2048
DA:103,2048
DA:105,1051648
DA:107,1049600
DA:113,1049600
DA:115,1049600
DA:121,34850
DA:129,2048
DA:131,2
DA:132,2
DA:133,2
DA:134,2
DA:194,4
DA:199,4
DA:200,4
DA:201,4
DA:202,524292
DA:204,524288
DA:205,524288
DA:207,4096
DA:210,4
DA:211,4
DA:212,4
DA:213,4
DA:215,4
DA:216,4
DA:217,4
DA:218,4
DA:219,4
DA:222,4
DA:227,4
DA:228,4
DA:229,4
DA:230,524292
DA:232,524288
DA:233,524288
DA:235,4096
DA:238,4
DA:239,4
DA:240,4
DA:241,4
DA:243,4
DA:244,4
DA:245,4
DA:246,4
DA:247,4
DA:284,2
DA:289,2
DA:291,2
DA:298,2
DA:299,2
DA:305,2
DA:308,2
DA:310,2
DA:316,2
DA:319,2
DA:324,2
DA:325,2
DA:326,2
DA:327,2
DA:330,2
DA:331,2
DA:332,2
DA:333,2
DA:358,2
DA:359,0
DA:361,0
DA:362,0
DA:363,0
DA:364,0
DA:366,0
DA:367,0
DA:368,0
DA:370,2
LF:81
LH:73
end_of_record
TN:
SF:/home/runner/work/merklecpp/merklecpp/test/demo_tree.cpp
FN:18,91,main
FNDA:2,main
FNF:1
FNH:1
DA:18,2
DA:22,2
DA:24,2
DA:27,2
DA:28,24
DA:30,22
DA:32,2
DA:33,2
DA:36,2
DA:37,24
DA:39,22
DA:40,22
DA:41,22
DA:42,22
DA:43,22
DA:45,0
DA:47,22
DA:48,22
DA:51,2
DA:52,2
DA:53,2
DA:54,2
DA:56,0
DA:59,2
DA:60,2
DA:64,2
DA:66,2
DA:67,24
DA:69,22
DA:71,2
DA:72,2
DA:73,2
DA:75,2
DA:79,0
DA:81,0
DA:82,0
DA:83,0
DA:84,0
DA:86,0
DA:87,0
DA:88,0
DA:90,2
LF:42
LH:32
end_of_record
TN:
SF:/home/runner/work/merklecpp/merklecpp/test/flush.cpp
FN:14,86,main
FNDA:2,main
FNF:1
FNH:1
DA:14,2
DA:16,2
DA:17,2
DA:18,2
DA:19,2
DA:24,2
DA:25,2
DA:26,2
DA:33,2
DA:34,2
DA:36,66
DA:40,64
DA:41,64
DA:43,64
DA:45,64
DA:46,1959966
DA:48,1959902
DA:49,1959902
DA:51,98314
DA:52,98314
DA:56,1088
DA:58,1024
DA:59,1024
DA:60,1024
DA:62,0
DA:66,64
DA:68,2
DA:69,2
DA:70,2
DA:72,64
DA:74,0
DA:76,0
DA:77,0
DA:78,0
DA:79,0
DA:81,0
DA:82,0
DA:83,0
DA:85,2
LF:39
LH:30
end_of_record
TN:
SF:/home/runner/work/merklecpp/merklecpp/test/partial_serialisation.cpp
FN:17,139,main
FNDA:2,main
FNF:1
FNH:1
DA:17,2
DA:19,2
DA:20,2
DA:21,2
DA:22,2
DA:27,2
DA:28,2
DA:29,2
DA:36,2
DA:37,2
DA:38,2
DA:39,2
DA:41,130
DA:44,128
DA:46,128
DA:47,128
DA:48,128
DA:51,128
DA:52,509340
DA:54,509212
DA:55,509212
DA:56,509212
DA:57,509212
DA:59,25332
DA:60,25332
DA:61,25332
DA:62,25332
DA:64,509212
DA:66,25512
DA:67,25512
DA:68,25512
DA:69,25512
DA:73,2136
DA:74,2136
DA:77,2008
DA:78,2008
DA:79,2008
DA:81,874
DA:85,2008
DA:86,2008
DA:89,2008
DA:92,2008
DA:93,2008
DA:94,2008
DA:95,2008
DA:96,2008
DA:97,2008
DA:98,2008
DA:100,2008
DA:101,4016
DA:102,4016
DA:105,0
DA:107,0
DA:108,0
DA:111,2008
DA:113,2008
DA:114,2008
DA:115,24
DA:117,2
DA:118,2
DA:119,2
DA:120,2
DA:122,2008
DA:123,128
DA:125,0
DA:127,0
DA:128,0
DA:129,0
DA:130,0
DA:131,0
DA:133,0
DA:134,0
DA:135,0
DA:136,0
DA:138,2
LF:75
LH:62
end_of_record
TN:
SF:/home/runner/work/merklecpp/merklecpp/test/past_paths.cpp
FN:15,29,_Z14past_root_specRKN6merkle5TreeTILm32EXadL_ZNS_L15sha256_compressERKNS_5HashTILm32EEES4_RS2_EEEEmm
FN:31,169,main
FNDA:2687,_Z14past_root_specRKN6merkle5TreeTILm32EXadL_ZNS_L15sha256_compressERKNS_5HashTILm32EEES4_RS2_EEEEmm
FNDA:2,main
FNF:2
FNH:2
DA:15,2687
DA:18,2687
DA:19,2687
DA:20,2687
DA:25,2687
DA:26,2687
DA:27,2687
DA:28,5374
DA:29,2687
DA:31,2
DA:33,2
DA:34,2
DA:35,2
DA:36,2
DA:38,2
DA:43,2
DA:44,2
DA:45,2
DA:52,2
DA:53,2
DA:54,2
DA:56,2
DA:58,2
DA:59,50
DA:61,48
DA:62,48
DA:64,48
DA:65,48
DA:67,48
DA:68,374361
DA:70,374313
DA:78,2735
DA:79,2735
DA:82,2687
DA:83,2687
DA:84,2687
DA:86,1342
DA:89,2687
DA:90,2687
DA:92,2687
DA:94,149
DA:96,41
DA:97,41
DA:98,41
DA:116,2687
DA:117,2687
DA:118,2687
DA:129,2687
DA:131,0
DA:134,2687
DA:136,0
DA:139,2687
DA:141,0
DA:144,2687
DA:146,48
DA:147,48
DA:148,48
DA:151,2687
DA:152,2687
DA:153,48
DA:154,2
DA:155,0
DA:157,0
DA:158,0
DA:159,0
DA:160,0
DA:161,0
DA:163,0
DA:164,0
DA:165,0
DA:166,0
DA:168,2
LF:72
LH:59
end_of_record
TN:
SF:/home/runner/work/merklecpp/merklecpp/test/past_root.cpp
FN:17,141,main
FNDA:2,main
FNF:1
FNH:1
DA:17,2
DA:19,2
DA:20,2
DA:21,2
DA:22,2
DA:24,2
DA:30,128
DA:32,126
DA:35,126
DA:37,126
DA:38,4284
DA:40,4158
DA:41,4158
DA:43,126
DA:46,126
DA:47,4284
DA:49,4158
DA:52,4284
DA:54,4158
DA:55,4158
DA:57,0
DA:58,0
DA:59,0
DA:60,0
DA:61,0
DA:63,4158
DA:64,126
DA:66,2
DA:69,2
DA:70,2
DA:76,2
DA:77,2
DA:79,130
DA:82,128
DA:83,128
DA:84,128
DA:85,128
DA:89,128
DA:90,557590
DA:92,557462
DA:93,557462
DA:95,27474
DA:98,128
DA:101,128
DA:102,557590
DA:104,557462
DA:108,27602
DA:110,27474
DA:111,27474
DA:112,27474
DA:114,0
DA:115,0
DA:116,0
DA:117,0
DA:119,27474
DA:121,128
DA:123,2
DA:124,2
DA:125,2
DA:127,128
DA:129,0
DA:131,0
DA:132,0
DA:133,0
DA:134,0
DA:136,0
DA:137,0
DA:138,0
DA:140,2
LF:69
LH:52
end_of_record
TN:
SF:/home/runner/work/merklecpp/merklecpp/test/paths.cpp
FN:15,88,main
FNDA:2,main
FNF:1
FNH:1
DA:15,2
DA:17,2
DA:18,2
DA:19,2
DA:20,2
DA:25,2
DA:26,2
DA:27,2
DA:34,2
DA:35,2
DA:37,130
DA:40,128
DA:41,128
DA:43,128
DA:44,128
DA:46,128
DA:48,128
DA:49,4219700
DA:51,4219572
DA:53,128
DA:55,2370
DA:58,2242
DA:59,2242
DA:60,2242
DA:62,0
DA:64,2242
DA:65,2242
DA:66,2242
DA:68,0
DA:70,2242
DA:71,128
DA:73,2
DA:74,2
DA:76,0
DA:78,0
DA:79,0
DA:80,0
DA:81,0
DA:83,0
DA:84,0
DA:85,0
DA:87,2
LF:42
LH:32
end_of_record
TN:
SF:/home/runner/work/merklecpp/merklecpp/test/retract.cpp
FN:15,99,main
FNDA:2,main
FNF:1
FNH:1
DA:15,2
DA:17,2
DA:18,2
DA:19,2
DA:20,2
DA:25,2
DA:26,2
DA:27,2
DA:34,2
DA:35,2
DA:37,258
DA:40,256
DA:41,256
DA:43,256
DA:45,256
DA:46,8653266
DA:48,8653010
DA:49,8653010
DA:51,4328452
DA:52,4328452
DA:53,4328452
DA:54,4328452
DA:55,4328452
DA:56,4328452
DA:58,0
DA:62,8653010
DA:64,431402
DA:65,431402
DA:69,936
DA:71,936
DA:72,936
DA:73,936
DA:75,256
DA:79,256
DA:81,2
DA:82,2
DA:83,2
DA:85,256
DA:87,0
DA:89,0
DA:90,0
DA:91,0
DA:92,0
DA:94,0
DA:95,0
DA:96,0
DA:98,2
LF:47
LH:38
end_of_record
TN:
SF:/home/runner/work/merklecpp/merklecpp/test/serialisation.cpp
FN:17,113,main
FNDA:2,main
FNF:1
FNH:1
DA:17,2
DA:19,2
DA:20,2
DA:21,2
DA:22,2
DA:27,2
DA:28,2
DA:34,2
DA:35,2
DA:36,2
DA:38,66
DA:41,64
DA:42,64
DA:43,64
DA:46,64
DA:47,1150188
DA:49,1150124
DA:50,1150124
DA:51,1150124
DA:52,1150124
DA:54,57662
DA:55,57662
DA:56,57662
DA:57,57662
DA:59,1150124
DA:61,57556
DA:62,57556
DA:63,57556
DA:64,57556
DA:69,64
DA:70,64
DA:73,64
DA:76,64
DA:77,128
DA:78,128
DA:79,64
DA:80,192
DA:81,64
DA:84,0
DA:86,0
DA:87,0
DA:90,64
DA:92,2
DA:93,2
DA:95,2
DA:97,64
DA:99,0
DA:101,0
DA:102,0
DA:103,0
DA:104,0
DA:105,0
DA:107,0
DA:108,0
DA:109,0
DA:110,0
DA:112,2
LF:57
LH:44
end_of_record
TN:
SF:/home/runner/work/merklecpp/merklecpp/test/serialise_to_file.cpp
FN:19,87,main
FNDA:2,main
FNF:1
FNH:1
DA:19,2
DA:23,2
DA:25,2
DA:26,2
DA:27,24
DA:29,22
DA:31,2
DA:32,2
DA:36,2
DA:37,2
DA:39,1
DA:40,1
DA:41,1
DA:42,369
DA:44,368
DA:45,368
DA:47,1
DA:48,1
DA:49,1
DA:50,2
DA:53,2
DA:54,2
DA:56,2
DA:57,2
DA:58,2
DA:59,740
DA:61,738
DA:62,738
DA:64,2
DA:65,2
DA:66,2
DA:67,2
DA:68,2
DA:70,0
DA:72,2
DA:73,2
DA:75,0
DA:77,0
DA:78,0
DA:79,0
DA:80,0
DA:82,0
DA:83,0
DA:84,0
DA:86,2
LF:45
LH:36
end_of_record
TN:
SF:/home/runner/work/merklecpp/merklecpp/test/time_large_trees.cpp
FN:17,150,main
FNDA:2,main
FNF:1
FNH:1
DA:17,2
DA:22,2
DA:23,2
DA:29,2
DA:31,2
DA:32,2
DA:33,2
DA:34,262146
DA:36,262144
DA:37,262144
DA:39,2048
DA:42,2
DA:43,2
DA:45,2
DA:46,2
DA:47,2
DA:48,4
DA:49,2
DA:53,2
DA:55,2
DA:56,2
DA:57,2
DA:58,262146
DA:60,262144
DA:61,262144
DA:63,2048
DA:66,2
DA:67,2
DA:69,2
DA:70,2
DA:71,2
DA:72,4
DA:73,2
DA:74,2
DA:77,2
DA:79,2
DA:80,2
DA:81,2
DA:82,262146
DA:84,262144
DA:85,262144
DA:87,2048
DA:90,2
DA:91,2
DA:93,2
DA:94,2
DA:95,2
DA:96,4
DA:97,2
DA:98,2
DA:137,2
DA:138,0
DA:140,0
DA:141,0
DA:142,0
DA:143,0
DA:145,0
DA:146,0
DA:147,0
DA:149,2
LF:60
LH:52
end_of_record
TN:
SF:/home/runner/work/merklecpp/merklecpp/test/unit_tests.cpp
FN:10,29,_ZL20DOCTEST_ANON_FUNC_14v
FN:117,136,_ZL20DOCTEST_ANON_FUNC_20v
FN:138,161,_ZL20DOCTEST_ANON_FUNC_22v
FN:163,213,_ZL20DOCTEST_ANON_FUNC_24v
FN:215,233,_ZL20DOCTEST_ANON_FUNC_26v
FN:235,254,_ZL20DOCTEST_ANON_FUNC_28v
FN:256,279,_ZL20DOCTEST_ANON_FUNC_30v
FN:281,331,_ZL20DOCTEST_ANON_FUNC_32v
FN:31,54,_ZL20DOCTEST_ANON_FUNC_16v
FN:333,351,_ZL20DOCTEST_ANON_FUNC_34v
FN:353,381,_ZL20DOCTEST_ANON_FUNC_36v
FN:56,114,_ZL20DOCTEST_ANON_FUNC_18v
FNDA:1,_ZL20DOCTEST_ANON_FUNC_14v
FNDA:1,_ZL20DOCTEST_ANON_FUNC_20v
FNDA:1,_ZL20DOCTEST_ANON_FUNC_22v
FNDA:1,_ZL20DOCTEST_ANON_FUNC_24v
FNDA:1,_ZL20DOCTEST_ANON_FUNC_26v
FNDA:1,_ZL20DOCTEST_ANON_FUNC_28v
FNDA:1,_ZL20DOCTEST_ANON_FUNC_30v
FNDA:1,_ZL20DOCTEST_ANON_FUNC_32v
FNDA:1,_ZL20DOCTEST_ANON_FUNC_16v
FNDA:1,_ZL20DOCTEST_ANON_FUNC_34v
FNDA:1,_ZL20DOCTEST_ANON_FUNC_36v
FNDA:1,_ZL20DOCTEST_ANON_FUNC_18v
FNF:12
FNH:12
DA:10,1
DA:12,1
DA:14,1
DA:15,1
DA:16,1
DA:18,1
DA:19,1
DA:20,1
DA:21,1
DA:23,1
DA:24,1
DA:26,1
DA:27,1
DA:28,2
DA:29,1
DA:31,1
DA:33,1
DA:34,1
DA:36,1
DA:37,1
DA:39,1
DA:40,1
DA:41,1
DA:42,1
DA:43,1
DA:44,1
DA:45,1
DA:47,1
DA:48,1
DA:50,1
DA:51,1
DA:52,1
DA:53,1
DA:54,1
DA:56,1
DA:58,1
DA:59,1
DA:61,1
DA:63,1
DA:64,1
DA:66,1
DA:68,1
DA:69,1
DA:71,1
DA:72,1
DA:73,1
DA:74,1
DA:75,1
DA:76,1
DA:77,1
DA:79,1
DA:80,1
DA:81,1
DA:82,1
DA:83,1
DA:85,1
DA:86,1
DA:87,1
DA:88,1
DA:89,1
DA:90,1
DA:91,1
DA:92,1
DA:93,1
DA:94,1
DA:96,1
DA:97,1
DA:98,1
DA:99,1
DA:101,1
DA:103,1
DA:104,1
DA:105,1
DA:107,1
DA:108,1
DA:109,1
DA:110,1
DA:112,1
DA:113,1
DA:114,1
DA:117,1
DA:119,1
DA:121,1
DA:122,1
DA:123,1
DA:125,1
DA:126,1
DA:127,1
DA:128,1
DA:130,1
DA:131,1
DA:133,1
DA:134,1
DA:135,2
DA:136,1
DA:138,1
DA:140,1
DA:141,1
DA:143,1
DA:144,1
DA:146,1
DA:147,1
DA:148,1
DA:149,1
DA:150,1
DA:151,1
DA:152,1
DA:154,1
DA:155,1
DA:157,1
DA:158,1
DA:159,1
DA:160,1
DA:161,1
DA:163,1
DA:165,1
DA:166,1
DA:168,1
DA:170,1
DA:171,1
DA:173,1
DA:175,1
DA:176,1
DA:178,1
DA:179,1
DA:180,1
DA:181,1
DA:182,1
DA:184,1
DA:185,1
DA:186,1
DA:187,1
DA:189,1
DA:190,1
DA:191,1
DA:192,1
DA:193,1
DA:195,1
DA:196,1
DA:197,1
DA:198,1
DA:200,1
DA:202,1
DA:203,1
DA:204,1
DA:206,1
DA:207,1
DA:208,1
DA:209,1
DA:211,1
DA:212,1
DA:213,1
DA:215,1
DA:217,1
DA:218,1
DA:220,1
DA:221,65
DA:222,64
DA:223,1
DA:225,65
DA:227,64
DA:228,64
DA:229,64
DA:230,64
DA:231,64
DA:232,64
DA:233,1
DA:235,1
DA:237,1
DA:239,1
DA:240,1
DA:241,1
DA:243,1
DA:244,1
DA:245,1
DA:246,1
DA:248,1
DA:249,1
DA:251,1
DA:252,1
DA:253,2
DA:254,1
DA:256,1
DA:258,1
DA:259,1
DA:261,1
DA:262,1
DA:264,1
DA:265,1
DA:266,1
DA:267,1
DA:268,1
DA:269,1
DA:270,1
DA:272,1
DA:273,1
DA:275,1
DA:276,1
DA:277,1
DA:278,1
DA:279,1
DA:281,1
DA:283,1
DA:284,1
DA:286,1
DA:288,1
DA:289,1
DA:291,1
DA:293,1
DA:294,1
DA:296,1
DA:297,1
DA:298,1
DA:299,1
DA:300,1
DA:302,1
DA:303,1
DA:304,1
DA:305,1
DA:307,1
DA:308,1
DA:309,1
DA:310,1
DA:311,1
DA:313,1
DA:314,1
DA:315,1
DA:316,1
DA:318,1
DA:320,1
DA:321,1
DA:322,1
DA:324,1
DA:325,1
DA:326,1
DA:327,1
DA:329,1
DA:330,1
DA:331,1
DA:333,1
DA:335,1
DA:336,1
DA:338,1
DA:339,65
DA:340,64
DA:341,1
DA:343,65
DA:345,64
DA:346,64
DA:347,64
DA:348,64
DA:349,64
DA:350,64
DA:351,1
DA:353,1
DA:355,1
DA:356,1
DA:357,1
DA:359,1
DA:360,1
DA:361,1
DA:363,1
DA:364,1
DA:365,1
DA:367,1
DA:368,1
DA:369,1
DA:370,1
DA:371,1
DA:372,1
DA:374,1
DA:375,1
DA:376,1
DA:378,1
DA:379,1
DA:380,1
DA:381,1
LF:277
LH:277
end_of_record
TN:
SF:/home/runner/work/merklecpp/merklecpp/test/util.h
FN:11,22,_Z11make_hashesmm
FN:25,37,_Z12make_hashesTILm48EESt6vectorIN6merkle5HashTIXT_EEESaIS3_EEmm
FN:25,37,_Z12make_hashesTILm64EESt6vectorIN6merkle5HashTIXT_EEESaIS3_EEmm
FN:39,44,_Z12random_indexRN6merkle5TreeTILm32EXadL_ZNS_L15sha256_compressERKNS_5HashTILm32EEES4_RS2_EEEE
FN:46,57,_Z11get_timeoutv
FN:59,69,_Z9timed_outdRKNSt6chrono10time_pointINS_3_V212system_clockENS_8durationIlSt5ratioILl1ELl1000000000EEEEEE
FNDA:2954,_Z11make_hashesmm
FNDA:5,_Z12make_hashesTILm48EESt6vectorIN6merkle5HashTIXT_EEESaIS3_EEmm
FNDA:5,_Z12make_hashesTILm64EESt6vectorIN6merkle5HashTIXT_EEESaIS3_EEmm
FNDA:707128,_Z12random_indexRN6merkle5TreeTILm32EXadL_ZNS_L15sha256_compressERKNS_5HashTILm32EEES4_RS2_EEEE
FNDA:14,_Z11get_timeoutv
FNDA:7705,_Z9timed_outdRKNSt6chrono10time_pointINS_3_V212system_clockENS_8durationIlSt5ratioILl1ELl1000000000EEEEEE
FNF:6
FNH:6
DA:11,2954
DA:13,2954
DA:14,2954
DA:15,18663116
DA:17,18660162
DA:18,18731645
DA:21,5908
DA:22,0
DA:25,10
DA:28,10
DA:29,10
DA:30,1048714
DA:32,1048704
DA:33,1052816
DA:36,20
DA:37,0
DA:39,707128
DA:42,707128
DA:43,707128
DA:46,14
DA:48,14
DA:49,14
DA:50,14
DA:52,0
DA:53,0
DA:55,14
DA:56,14
DA:59,7705
DA:63,7705
DA:65,7705
DA:66,7705
DA:67,7705
DA:68,7705
LF:33
LH:29
end_of_record
TN:
SF:/usr/include/c++/13/atomic
FN:79,80,_ZNSt6atomicIbEaSEb
FN:86,87,_ZNKSt6atomicIbEcvbEv
FNDA:12,_ZNSt6atomicIbEaSEb
FNDA:0,_ZNKSt6atomicIbEcvbEv
FNF:2
FNH:1
DA:79,12
DA:80,12
DA:86,0
DA:87,0
LF:4
LH:2
end_of_record
TN:
SF:/usr/include/c++/13/bit
FN:195,237,_ZSt13__countl_zeroImEiT_
FN:365,369,_ZSt11__bit_widthImEiT_
FNDA:1,_ZSt13__countl_zeroImEiT_
FNDA:1,_ZSt11__bit_widthImEiT_
FNF:2
FNH:2
DA:195,1
DA:198,1
DA:200,1
DA:201,0
DA:203,1
DA:204,1
DA:205,1
DA:214,1
DA:215,1
DA:365,1
DA:367,1
DA:368,1
LF:12
LH:11
end_of_record
TN:
SF:/usr/include/c++/13/bits/alloc_traits.h
FNF:0
FNH:0
DA:482,954164
DA:517,954164
DA:538,143787386
DA:542,143787386
DA:562,81662286
DA:574,637559
DA:588,2085
DA:661,99640
DA:675,99640
DA:792,22837
DA:948,543157
DA:949,543157
LF:12
LH:12
end_of_record
TN:
SF:/usr/include/c++/13/bits/allocated_ptr.h
FN:53,55,_ZNSt15__allocated_ptrISaISt10_List_nodeIN6merkle5PathTILm32EXadL_ZNS1_L14sha256_opensslERKNS1_5HashTILm32EEES6_RS4_EEEUt0_EEEEC2ERSB_PSA_
FN:53,55,_ZNSt15__allocated_ptrISaISt10_List_nodeIN6merkle5PathTILm32EXadL_ZNS1_L15sha256_compressERKNS1_5HashTILm32EEES6_RS4_EEEUt0_EEEEC2ERSB_PSA_
FN:53,55,_ZNSt15__allocated_ptrISaISt10_List_nodeIN6merkle5PathTILm48EXadL_ZNS1_L14sha384_opensslERKNS1_5HashTILm48EEES6_RS4_EEEUt0_EEEEC2ERSB_PSA_
FN:53,55,_ZNSt15__allocated_ptrISaISt10_List_nodeIN6merkle5PathTILm64EXadL_ZNS1_L14sha512_opensslERKNS1_5HashTILm64EEES6_RS4_EEEUt0_EEEEC2ERSB_PSA_
FN:53,55,_ZNSt15__allocated_ptrISaISt23_Sp_counted_ptr_inplaceIN6merkle5HashTILm32EEESaIvELN9__gnu_cxx12_Lock_policyE2EEEEC2ERS8_PS7_
FN:53,55,_ZNSt15__allocated_ptrISaISt23_Sp_counted_ptr_inplaceIN6merkle5HashTILm48EEESaIvELN9__gnu_cxx12_Lock_policyE2EEEEC2ERS8_PS7_
FN:53,55,_ZNSt15__allocated_ptrISaISt23_Sp_counted_ptr_inplaceIN6merkle5HashTILm64EEESaIvELN9__gnu_cxx12_Lock_policyE2EEEEC2ERS8_PS7_
FN:53,55,_ZNSt15__allocated_ptrISaISt23_Sp_counted_ptr_inplaceIN6merkle5PathTILm32EXadL_ZNS1_L14sha256_opensslERKNS1_5HashTILm32EEES6_RS4_EEEESaIvELN9__gnu_cxx12_Lock_policyE2EEEEC2ERSD_PSC_
FN:53,55,_ZNSt15__allocated_ptrISaISt23_Sp_counted_ptr_inplaceIN6merkle5PathTILm32EXadL_ZNS1_L15sha256_compressERKNS1_5HashTILm32EEES6_RS4_EEEESaIvELN9__gnu_cxx12_Lock_policyE2EEEEC2ERSD_PSC_
FN:53,55,_ZNSt15__allocated_ptrISaISt23_Sp_counted_ptr_inplaceIN6merkle5PathTILm48EXadL_ZNS1_L14sha384_opensslERKNS1_5HashTILm48EEES6_RS4_EEEESaIvELN9__gnu_cxx12_Lock_policyE2EEEEC2ERSD_PSC_
FN:53,55,_ZNSt15__allocated_ptrISaISt23_Sp_counted_ptr_inplaceIN6merkle5PathTILm64EXadL_ZNS1_L14sha512_opensslERKNS1_5HashTILm64EEES6_RS4_EEEESaIvELN9__gnu_cxx12_Lock_policyE2EEEEC2ERSD_PSC_
FN:71,75,_ZNSt15__allocated_ptrISaISt10_List_nodeIN6merkle5PathTILm32EXadL_ZNS1_L14sha256_opensslERKNS1_5HashTILm32EEES6_RS4_EEEUt0_EEEED2Ev
FN:71,75,_ZNSt15__allocated_ptrISaISt10_List_nodeIN6merkle5PathTILm32EXadL_ZNS1_L15sha256_compressERKNS1_5HashTILm32EEES6_RS4_EEEUt0_EEEED2Ev
FN:71,75,_ZNSt15__allocated_ptrISaISt10_List_nodeIN6merkle5PathTILm48EXadL_ZNS1_L14sha384_opensslERKNS1_5HashTILm48EEES6_RS4_EEEUt0_EEEED2Ev
FN:71,75,_ZNSt15__allocated_ptrISaISt10_List_nodeIN6merkle5PathTILm64EXadL_ZNS1_L14sha512_opensslERKNS1_5HashTILm64EEES6_RS4_EEEUt0_EEEED2Ev
FN:71,75,_ZNSt15__allocated_ptrISaISt23_Sp_counted_ptr_inplaceIN6merkle5HashTILm32EEESaIvELN9__gnu_cxx12_Lock_policyE2EEEED2Ev
FN:71,75,_ZNSt15__allocated_ptrISaISt23_Sp_counted_ptr_inplaceIN6merkle5HashTILm48EEESaIvELN9__gnu_cxx12_Lock_policyE2EEEED2Ev
FN:71,75,_ZNSt15__allocated_ptrISaISt23_Sp_counted_ptr_inplaceIN6merkle5HashTILm64EEESaIvELN9__gnu_cxx12_Lock_policyE2EEEED2Ev
FN:71,75,_ZNSt15__allocated_ptrISaISt23_Sp_counted_ptr_inplaceIN6merkle5PathTILm32EXadL_ZNS1_L14sha256_opensslERKNS1_5HashTILm32EEES6_RS4_EEEESaIvELN9__gnu_cxx12_Lock_policyE2EEEED2Ev
FN:71,75,_ZNSt15__allocated_ptrISaISt23_Sp_counted_ptr_inplaceIN6merkle5PathTILm32EXadL_ZNS1_L15sha256_compressERKNS1_5HashTILm32EEES6_RS4_EEEESaIvELN9__gnu_cxx12_Lock_policyE2EEEED2Ev
FN:71,75,_ZNSt15__allocated_ptrISaISt23_Sp_counted_ptr_inplaceIN6merkle5PathTILm48EXadL_ZNS1_L14sha384_opensslERKNS1_5HashTILm48EEES6_RS4_EEEESaIvELN9__gnu_cxx12_Lock_policyE2EEEED2Ev
FN:71,75,_ZNSt15__allocated_ptrISaISt23_Sp_counted_ptr_inplaceIN6merkle5PathTILm64EXadL_ZNS1_L14sha512_opensslERKNS1_5HashTILm64EEES6_RS4_EEEESaIvELN9__gnu_cxx12_Lock_policyE2EEEED2Ev
FN:79,83,_ZNSt15__allocated_ptrISaISt10_List_nodeIN6merkle5PathTILm32EXadL_ZNS1_L14sha256_opensslERKNS1_5HashTILm32EEES6_RS4_EEEUt0_EEEEaSEDn
FN:79,83,_ZNSt15__allocated_ptrISaISt10_List_nodeIN6merkle5PathTILm32EXadL_ZNS1_L15sha256_compressERKNS1_5HashTILm32EEES6_RS4_EEEUt0_EEEEaSEDn
FN:79,83,_ZNSt15__allocated_ptrISaISt10_List_nodeIN6merkle5PathTILm48EXadL_ZNS1_L14sha384_opensslERKNS1_5HashTILm48EEES6_RS4_EEEUt0_EEEEaSEDn
FN:79,83,_ZNSt15__allocated_ptrISaISt10_List_nodeIN6merkle5PathTILm64EXadL_ZNS1_L14sha512_opensslERKNS1_5HashTILm64EEES6_RS4_EEEUt0_EEEEaSEDn
FN:79,83,_ZNSt15__allocated_ptrISaISt23_Sp_counted_ptr_inplaceIN6merkle5HashTILm32EEESaIvELN9__gnu_cxx12_Lock_policyE2EEEEaSEDn
FN:79,83,_ZNSt15__allocated_ptrISaISt23_Sp_counted_ptr_inplaceIN6merkle5HashTILm48EEESaIvELN9__gnu_cxx12_Lock_policyE2EEEEaSEDn
FN:79,83,_ZNSt15__allocated_ptrISaISt23_Sp_counted_ptr_inplaceIN6merkle5HashTILm64EEESaIvELN9__gnu_cxx12_Lock_policyE2EEEEaSEDn
FN:79,83,_ZNSt15__allocated_ptrISaISt23_Sp_counted_ptr_inplaceIN6merkle5PathTILm32EXadL_ZNS1_L14sha256_opensslERKNS1_5HashTILm32EEES6_RS4_EEEESaIvELN9__gnu_cxx12_Lock_policyE2EEEEaSEDn
FN:79,83,_ZNSt15__allocated_ptrISaISt23_Sp_counted_ptr_inplaceIN6merkle5PathTILm32EXadL_ZNS1_L15sha256_compressERKNS1_5HashTILm32EEES6_RS4_EEEESaIvELN9__gnu_cxx12_Lock_policyE2EEEEaSEDn
FN:79,83,_ZNSt15__allocated_ptrISaISt23_Sp_counted_ptr_inplaceIN6merkle5PathTILm48EXadL_ZNS1_L14sha384_opensslERKNS1_5HashTILm48EEES6_RS4_EEEESaIvELN9__gnu_cxx12_Lock_policyE2EEEEaSEDn
FN:79,83,_ZNSt15__allocated_ptrISaISt23_Sp_counted_ptr_inplaceIN6merkle5PathTILm64EXadL_ZNS1_L14sha512_opensslERKNS1_5HashTILm64EEES6_RS4_EEEESaIvELN9__gnu_cxx12_Lock_policyE2EEEEaSEDn
FN:86,86,_ZNSt15__allocated_ptrISaISt23_Sp_counted_ptr_inplaceIN6merkle5HashTILm32EEESaIvELN9__gnu_cxx12_Lock_policyE2EEEE3getEv
FN:86,86,_ZNSt15__allocated_ptrISaISt23_Sp_counted_ptr_inplaceIN6merkle5HashTILm48EEESaIvELN9__gnu_cxx12_Lock_policyE2EEEE3getEv
FN:86,86,_ZNSt15__allocated_ptrISaISt23_Sp_counted_ptr_inplaceIN6merkle5HashTILm64EEESaIvELN9__gnu_cxx12_Lock_policyE2EEEE3getEv
FN:86,86,_ZNSt15__allocated_ptrISaISt23_Sp_counted_ptr_inplaceIN6merkle5PathTILm32EXadL_ZNS1_L14sha256_opensslERKNS1_5HashTILm32EEES6_RS4_EEEESaIvELN9__gnu_cxx12_Lock_policyE2EEEE3getEv
FN:86,86,_ZNSt15__allocated_ptrISaISt23_Sp_counted_ptr_inplaceIN6merkle5PathTILm32EXadL_ZNS1_L15sha256_compressERKNS1_5HashTILm32EEES6_RS4_EEEESaIvELN9__gnu_cxx12_Lock_policyE2EEEE3getEv
FN:86,86,_ZNSt15__allocated_ptrISaISt23_Sp_counted_ptr_inplaceIN6merkle5PathTILm48EXadL_ZNS1_L14sha384_opensslERKNS1_5HashTILm48EEES6_RS4_EEEESaIvELN9__gnu_cxx12_Lock_policyE2EEEE3getEv
FN:86,86,_ZNSt15__allocated_ptrISaISt23_Sp_counted_ptr_inplaceIN6merkle5PathTILm64EXadL_ZNS1_L14sha512_opensslERKNS1_5HashTILm64EEES6_RS4_EEEESaIvELN9__gnu_cxx12_Lock_policyE2EEEE3getEv
FN:96,99,_ZSt18__allocate_guardedISaISt23_Sp_counted_ptr_inplaceIN6merkle5HashTILm32EEESaIvELN9__gnu_cxx12_Lock_policyE2EEEESt15__allocated_ptrIT_ERSA_
FN:96,99,_ZSt18__allocate_guardedISaISt23_Sp_counted_ptr_inplaceIN6merkle5HashTILm48EEESaIvELN9__gnu_cxx12_Lock_policyE2EEEESt15__allocated_ptrIT_ERSA_
FN:96,99,_ZSt18__allocate_guardedISaISt23_Sp_counted_ptr_inplaceIN6merkle5HashTILm64EEESaIvELN9__gnu_cxx12_Lock_policyE2EEEESt15__allocated_ptrIT_ERSA_
FN:96,99,_ZSt18__allocate_guardedISaISt23_Sp_counted_ptr_inplaceIN6merkle5PathTILm32EXadL_ZNS1_L14sha256_opensslERKNS1_5HashTILm32EEES6_RS4_EEEESaIvELN9__gnu_cxx12_Lock_policyE2EEEESt15__allocated_ptrIT_ERSF_
FN:96,99,_ZSt18__allocate_guardedISaISt23_Sp_counted_ptr_inplaceIN6merkle5PathTILm32EXadL_ZNS1_L15sha256_compressERKNS1_5HashTILm32EEES6_RS4_EEEESaIvELN9__gnu_cxx12_Lock_policyE2EEEESt15__allocated_ptrIT_ERSF_
FN:96,99,_ZSt18__allocate_guardedISaISt23_Sp_counted_ptr_inplaceIN6merkle5PathTILm48EXadL_ZNS1_L14sha384_opensslERKNS1_5HashTILm48EEES6_RS4_EEEESaIvELN9__gnu_cxx12_Lock_policyE2EEEESt15__allocated_ptrIT_ERSF_
FN:96,99,_ZSt18__allocate_guardedISaISt23_Sp_counted_ptr_inplaceIN6merkle5PathTILm64EXadL_ZNS1_L14sha512_opensslERKNS1_5HashTILm64EEES6_RS4_EEEESaIvELN9__gnu_cxx12_Lock_policyE2EEEESt15__allocated_ptrIT_ERSF_
FNDA:4,_ZNSt15__allocated_ptrISaISt10_List_nodeIN6merkle5PathTILm32EXadL_ZNS1_L14sha256_opensslERKNS1_5HashTILm32EEES6_RS4_EEEUt0_EEEEC2ERSB_PSA_
FNDA:614222,_ZNSt15__allocated_ptrISaISt10_List_nodeIN6merkle5PathTILm32EXadL_ZNS1_L15sha256_compressERKNS1_5HashTILm32EEES6_RS4_EEEUt0_EEEEC2ERSB_PSA_
FNDA:390,_ZNSt15__allocated_ptrISaISt10_List_nodeIN6merkle5PathTILm48EXadL_ZNS1_L14sha384_opensslERKNS1_5HashTILm48EEES6_RS4_EEEUt0_EEEEC2ERSB_PSA_
FNDA:390,_ZNSt15__allocated_ptrISaISt10_List_nodeIN6merkle5PathTILm64EXadL_ZNS1_L14sha512_opensslERKNS1_5HashTILm64EEES6_RS4_EEEUt0_EEEEC2ERSB_PSA_
FNDA:102718,_ZNSt15__allocated_ptrISaISt23_Sp_counted_ptr_inplaceIN6merkle5HashTILm32EEESaIvELN9__gnu_cxx12_Lock_policyE2EEEEC2ERS8_PS7_
FNDA:144,_ZNSt15__allocated_ptrISaISt23_Sp_counted_ptr_inplaceIN6merkle5HashTILm48EEESaIvELN9__gnu_cxx12_Lock_policyE2EEEEC2ERS8_PS7_
FNDA:144,_ZNSt15__allocated_ptrISaISt23_Sp_counted_ptr_inplaceIN6merkle5HashTILm64EEESaIvELN9__gnu_cxx12_Lock_policyE2EEEEC2ERS8_PS7_
FNDA:4,_ZNSt15__allocated_ptrISaISt23_Sp_counted_ptr_inplaceIN6merkle5PathTILm32EXadL_ZNS1_L14sha256_opensslERKNS1_5HashTILm32EEES6_RS4_EEEESaIvELN9__gnu_cxx12_Lock_policyE2EEEEC2ERSD_PSC_
FNDA:95982,_ZNSt15__allocated_ptrISaISt23_Sp_counted_ptr_inplaceIN6merkle5PathTILm32EXadL_ZNS1_L15sha256_compressERKNS1_5HashTILm32EEES6_RS4_EEEESaIvELN9__gnu_cxx12_Lock_policyE2EEEEC2ERSD_PSC_
FNDA:144,_ZNSt15__allocated_ptrISaISt23_Sp_counted_ptr_inplaceIN6merkle5PathTILm48EXadL_ZNS1_L14sha384_opensslERKNS1_5HashTILm48EEES6_RS4_EEEESaIvELN9__gnu_cxx12_Lock_policyE2EEEEC2ERSD_PSC_
FNDA:144,_ZNSt15__allocated_ptrISaISt23_Sp_counted_ptr_inplaceIN6merkle5PathTILm64EXadL_ZNS1_L14sha512_opensslERKNS1_5HashTILm64EEES6_RS4_EEEESaIvELN9__gnu_cxx12_Lock_policyE2EEEEC2ERSD_PSC_
FNDA:4,_ZNSt15__allocated_ptrISaISt10_List_nodeIN6merkle5PathTILm32EXadL_ZNS1_L14sha256_opensslERKNS1_5HashTILm32EEES6_RS4_EEEUt0_EEEED2Ev
[...]
DA:3615,0
DA:3616,0
DA:3617,0
DA:3618,0
DA:3620,1757
DA:3621,1757
DA:3622,1709
DA:3624,48
DA:3626,1757
DA:3628,1492
DA:3629,1492
DA:3630,1492
DA:3631,1492
DA:3633,3291
DA:3634,3291
DA:3635,73
DA:3636,3291
DA:3638,511
DA:3639,511
DA:3641,511
DA:3642,511
DA:3643,511
DA:3645,0
DA:3646,0
DA:3647,0
DA:3649,1284
DA:3651,473
DA:3652,473
DA:3653,473
DA:3654,0
DA:3656,473
DA:3659,473
DA:3662,48
DA:3663,48
DA:3664,48
DA:3665,48
DA:3666,48
DA:3667,36
DA:3669,24
DA:3671,24
DA:3674,12
DA:3676,12
DA:3678,12
DA:3679,12
DA:3680,12
DA:3681,12
DA:3683,12
DA:3686,12
DA:3688,0
DA:3689,0
DA:3692,12
DA:3693,12
DA:3694,0
DA:3696,12
DA:3698,12
DA:3700,12
DA:3702,12
DA:3703,12
DA:3705,12
DA:3709,48
DA:3712,4
DA:3713,4
DA:3714,4
DA:3715,4
DA:3716,4
DA:3718,61
DA:3719,61
DA:3720,61
DA:3721,12
DA:3722,61
DA:3723,61
DA:3724,61
DA:3726,61
DA:3729,0
DA:3730,0
DA:3733,0
DA:3734,0
DA:3735,0
DA:3736,0
DA:3740,515
DA:3741,515
DA:3742,479
DA:3743,36
DA:3747,0
DA:3748,0
DA:3749,0
DA:3750,0
DA:3753,0
DA:3754,0
DA:3755,0
DA:3756,0
DA:3757,0
DA:3758,0
DA:3761,0
DA:3762,0
DA:3763,0
DA:3766,0
DA:3767,0
DA:3768,0
DA:3769,0
DA:3770,0
DA:3771,0
DA:3772,0
DA:3775,0
DA:3776,0
DA:3777,0
DA:3778,0
DA:3779,0
DA:3780,0
DA:3783,28
DA:3784,28
DA:3785,1
DA:3786,27
DA:3789,27
DA:3790,27
DA:3793,48
DA:3795,0
DA:3796,0
DA:3797,5
DA:3798,0
DA:3799,0
DA:3800,0
DA:3802,0
DA:3804,418
DA:3806,0
DA:3807,0
DA:3810,0
DA:3811,0
DA:3814,0
DA:3815,0
DA:3816,0
DA:3817,0
DA:3824,35
DA:3825,35
DA:3826,35
DA:3831,0
DA:3838,0
DA:3839,0
DA:3840,0
DA:3841,0
DA:3843,0
DA:3845,0
DA:3847,0
DA:3849,0
DA:3851,0
DA:3853,0
DA:3855,0
DA:3856,0
DA:3857,0
DA:3858,0
DA:3859,0
DA:3860,0
DA:3862,0
DA:3863,0
DA:3865,0
DA:3871,0
DA:3872,0
DA:3873,0
DA:3874,0
DA:3875,0
DA:3876,0
DA:3877,0
DA:3878,0
DA:3884,0
DA:3886,0
DA:3887,0
DA:3888,0
DA:3889,0
DA:3890,0
DA:3891,0
DA:3892,0
DA:3896,0
DA:3901,0
DA:3902,0
DA:3903,0
DA:3904,0
DA:3907,0
DA:3908,0
DA:3909,0
DA:3910,0
DA:3911,0
DA:3912,0
DA:3915,0
DA:3918,0
DA:3919,0
DA:3920,0
DA:3921,0
DA:3924,0
DA:3925,0
DA:3926,0
DA:3927,0
DA:3940,0
DA:3942,0
DA:3944,0
DA:3946,0
DA:3947,0
DA:3948,0
DA:3950,0
DA:3951,0
DA:3952,0
DA:3953,0
DA:3954,0
DA:3955,0
DA:3956,0
DA:3957,0
DA:3958,0
DA:3959,0
DA:3960,0
DA:3962,12
DA:3963,12
DA:3964,12
DA:3965,12
DA:3967,0
DA:3968,0
DA:3969,0
DA:3970,0
DA:3971,0
DA:3974,12
DA:3975,12
DA:3976,12
DA:3978,0
DA:3979,0
DA:3980,0
DA:3983,12
DA:3985,12
DA:3986,12
DA:3988,0
DA:3989,0
DA:3990,12
DA:3991,0
DA:3992,0
DA:3993,0
DA:3994,0
DA:3995,0
DA:3996,0
DA:3997,0
DA:3998,0
DA:4000,0
DA:4001,0
DA:4003,408
DA:4007,0
DA:4008,0
DA:4015,0
DA:4016,0
DA:4017,0
DA:4018,0
DA:4060,13
DA:4062,13
DA:4072,4
DA:4073,4
DA:4074,4
DA:4076,1
DA:4077,1
DA:4078,1
DA:4086,0
DA:4087,0
DA:4088,0
DA:4090,0
DA:4091,0
DA:4092,0
DA:4093,0
DA:4094,0
DA:4096,0
DA:4100,0
DA:4101,0
DA:4102,0
DA:4113,3
DA:4114,3
DA:4115,3
DA:4117,10
DA:4118,9
DA:4119,2
DA:4120,2
DA:4122,7
DA:4123,7
DA:4126,1
DA:4127,0
DA:4128,0
DA:4129,0
DA:4131,0
DA:4132,0
DA:4133,0
DA:4134,0
DA:4135,0
DA:4136,0
DA:4138,0
DA:4139,0
DA:4143,1
DA:4144,0
DA:4146,1
DA:4150,75
DA:4152,75
DA:4153,36
DA:4154,41
DA:4155,3
DA:4156,1
DA:4157,38
DA:4161,0
DA:4162,0
DA:4167,0
DA:4168,0
DA:4170,0
DA:4171,0
DA:4172,0
DA:4175,0
DA:4176,0
DA:4179,0
DA:4180,0
DA:4181,0
DA:4182,0
DA:4183,0
DA:4185,0
DA:4188,0
DA:4189,0
DA:4190,0
DA:4191,0
DA:4193,0
DA:4197,0
DA:4198,0
DA:4199,0
DA:4200,0
DA:4201,0
DA:4202,0
DA:4204,0
DA:4207,0
DA:4208,0
DA:4209,0
DA:4210,0
DA:4211,0
DA:4213,0
DA:4215,0
DA:4216,0
DA:4217,0
DA:4218,0
DA:4221,0
DA:4223,0
DA:4224,0
DA:4225,0
DA:4226,0
DA:4227,0
DA:4228,0
DA:4229,0
DA:4231,0
DA:4232,0
DA:4233,0
DA:4234,0
DA:4237,0
DA:4243,0
DA:4244,0
DA:4245,0
DA:4247,0
DA:4249,0
DA:4250,0
DA:4251,0
DA:4252,0
DA:4254,0
DA:4258,0
DA:4262,0
DA:4263,0
DA:4268,0
DA:4271,0
DA:4273,0
DA:4279,0
DA:4281,349
DA:4282,349
DA:4283,349
DA:4285,349
DA:4286,349
DA:4288,1
DA:4289,1
DA:4290,1
DA:4293,12
DA:4294,12
DA:4295,12
DA:4296,12
DA:4297,12
DA:4298,12
DA:4299,12
DA:4300,12
DA:4301,12
DA:4302,12
DA:4303,12
DA:4304,12
DA:4305,12
DA:4306,12
DA:4308,12
DA:4309,12
DA:4310,12
DA:4311,12
DA:4313,12
DA:4314,12
DA:4315,12
DA:4316,12
DA:4319,12
DA:4320,12
DA:4321,12
DA:4322,12
DA:4323,12
DA:4324,12
DA:4326,12
DA:4327,0
DA:4328,12
DA:4332,12
DA:4333,12
DA:4335,12
DA:4336,0
DA:4338,0
DA:4340,12
DA:4343,59
DA:4345,59
DA:4346,59
DA:4347,0
DA:4348,0
DA:4349,0
DA:4350,0
DA:4351,0
DA:4352,0
DA:4353,0
DA:4357,13
DA:4358,13
DA:4359,13
DA:4365,22
DA:4368,22
DA:4369,22
DA:4370,0
DA:4371,22
DA:4372,22
DA:4373,0
DA:4377,0
DA:4378,0
DA:4379,0
DA:4380,0
DA:4381,0
DA:4385,0
DA:4386,0
DA:4387,0
DA:4388,0
DA:4389,0
DA:4393,35
DA:4397,105
DA:4398,70
DA:4399,35
DA:4401,0
DA:4403,0
DA:4404,0
DA:4405,0
DA:4406,0
DA:4407,0
DA:4408,0
DA:4409,0
DA:4410,0
DA:4411,0
DA:4412,0
DA:4413,0
DA:4414,0
DA:4417,0
DA:4420,0
DA:4468,24
DA:4469,24
DA:4470,24
DA:4473,24
DA:4475,24
DA:4476,24
DA:4477,24
DA:4478,0
DA:4479,0
DA:4483,24
DA:4484,24
DA:4485,24
DA:4486,24
DA:4487,0
DA:4488,0
DA:4489,0
DA:4490,0
DA:4491,0
DA:4492,0
DA:4498,24
DA:4503,12
DA:4504,12
DA:4505,12
DA:4509,1
DA:4510,1
DA:4511,1
DA:4520,0
DA:4521,0
DA:4527,0
DA:4528,0
DA:4529,0
DA:4530,0
DA:4532,0
DA:4533,0
DA:4535,0
DA:4536,0
DA:4537,0
DA:4572,0
DA:4573,0
DA:4574,0
DA:4575,0
DA:4576,0
DA:4580,0
DA:4581,0
DA:4582,0
DA:4584,0
DA:4585,0
DA:4586,0
DA:4588,0
DA:4589,0
DA:4590,0
DA:4599,0
DA:4601,0
DA:4605,0
DA:4606,0
DA:4607,0
DA:4608,0
DA:4609,0
DA:4610,0
DA:4800,0
DA:4801,0
DA:4802,0
DA:4803,0
DA:4804,0
DA:4805,0
DA:4806,0
DA:4809,0
DA:4810,0
DA:4811,0
DA:4812,0
DA:4814,1
DA:4815,1
DA:4816,1
DA:4818,1
DA:4819,1
DA:4820,1
DA:4822,12
DA:4823,12
DA:4825,12
DA:4826,12
DA:4827,12
DA:4828,12
DA:4829,12
DA:4830,12
DA:4831,12
DA:4832,84
DA:4833,72
DA:4835,12
DA:4837,12
DA:4838,24
DA:4839,24
DA:4841,84
DA:4842,72
DA:4845,12
DA:4846,12
DA:4848,24
DA:4872,418
DA:4873,418
DA:4874,418
DA:4875,418
DA:4877,0
DA:4878,0
DA:4879,0
DA:4880,0
DA:4883,0
DA:4884,0
DA:4886,0
DA:4888,0
DA:4889,0
DA:4890,0
DA:4893,0
DA:4895,0
DA:4897,0
DA:4898,0
DA:4902,418
DA:4903,418
DA:4904,418
DA:4905,836
DA:4906,418
DA:4911,418
DA:4914,418
DA:4915,418
DA:4916,418
DA:4918,0
DA:4919,0
DA:4920,0
DA:4922,349
DA:4923,349
DA:4924,349
DA:4925,349
DA:4927,24
DA:4928,24
DA:4929,24
DA:4930,24
DA:4932,418
DA:4933,418
DA:4934,24
DA:4935,394
DA:4936,0
DA:4937,394
DA:4938,0
DA:4939,394
DA:4940,0
DA:4941,394
DA:4942,45
DA:4945,418
DA:4946,24
DA:4948,418
DA:4949,418
DA:4950,836
DA:4952,418
DA:4953,0
DA:4954,0
DA:4955,0
DA:4958,418
DA:4959,418
DA:4962,418
DA:4963,418
DA:4964,0
DA:4965,418
DA:4967,0
DA:4968,0
DA:4969,0
DA:4971,0
DA:4972,0
DA:4974,0
DA:4976,0
DA:4982,0
DA:4983,0
DA:4984,0
DA:4985,0
DA:4987,0
DA:4988,0
DA:4989,0
DA:4990,0
DA:4991,0
DA:4992,0
DA:4994,0
DA:4995,0
DA:4996,0
DA:4997,0
DA:4999,0
DA:5001,0
DA:5002,0
DA:5003,0
DA:5004,0
DA:5007,0
DA:5009,0
DA:5012,0
DA:5013,0
DA:5014,0
DA:5017,0
DA:5018,0
DA:5021,0
DA:5022,0
DA:5023,0
DA:5024,0
DA:5066,0
DA:5067,0
DA:5068,0
DA:5098,0
DA:5099,0
DA:5100,0
DA:5101,0
DA:5102,0
DA:5136,0
DA:5137,0
DA:5138,0
DA:5140,0
DA:5141,0
DA:5143,0
DA:5144,0
DA:5146,0
DA:5149,0
DA:5150,0
DA:5151,0
DA:5153,0
DA:5154,0
DA:5156,0
DA:5157,0
DA:5159,0
DA:5162,0
DA:5163,0
DA:5164,0
DA:5165,0
DA:5166,0
DA:5167,0
DA:5168,0
DA:5172,0
DA:5173,0
DA:5174,0
DA:5175,0
DA:5177,0
DA:5181,0
DA:5182,0
DA:5183,0
DA:5184,0
DA:5185,0
DA:5187,0
DA:5189,0
DA:5190,0
DA:5192,0
DA:5193,0
DA:5195,0
DA:5196,0
DA:5197,0
DA:5199,0
DA:5200,0
DA:5202,0
DA:5207,0
DA:5208,0
DA:5209,0
DA:5213,0
DA:5214,0
DA:5215,0
DA:5224,0
DA:5226,0
DA:5227,0
DA:5230,0
DA:5232,0
DA:5233,0
DA:5234,0
DA:5239,0
DA:5240,0
DA:5241,0
DA:5242,0
DA:5243,0
DA:5244,0
DA:5247,0
DA:5249,0
DA:5251,0
DA:5252,0
DA:5253,0
DA:5257,0
DA:5258,0
DA:5262,0
DA:5263,0
DA:5265,0
DA:5266,0
DA:5269,0
DA:5271,0
DA:5272,0
DA:5273,0
DA:5276,0
DA:5277,0
DA:5278,0
DA:5280,0
DA:5281,0
DA:5282,0
DA:5283,0
DA:5284,0
DA:5285,0
DA:5286,0
DA:5288,0
DA:5289,0
DA:5290,0
DA:5294,0
DA:5295,0
DA:5296,0
DA:5297,0
DA:5299,0
DA:5300,0
DA:5301,0
DA:5304,0
DA:5307,0
DA:5309,0
DA:5310,0
DA:5311,0
DA:5312,0
DA:5314,0
DA:5315,0
DA:5316,0
DA:5317,0
DA:5318,0
DA:5319,0
DA:5320,0
DA:5321,0
DA:5324,0
DA:5325,0
DA:5326,0
DA:5327,0
DA:5328,0
DA:5330,0
DA:5331,0
DA:5332,0
DA:5333,0
DA:5334,0
DA:5335,0
DA:5338,0
DA:5340,0
DA:5341,0
DA:5342,0
DA:5345,0
DA:5346,0
DA:5347,0
DA:5348,0
DA:5351,0
DA:5352,0
DA:5353,0
DA:5354,0
DA:5357,0
DA:5358,0
DA:5359,0
DA:5362,0
DA:5363,0
DA:5364,0
DA:5365,0
DA:5366,0
DA:5367,0
DA:5368,0
DA:5369,0
DA:5371,0
DA:5391,0
DA:5392,0
DA:5393,0
DA:5394,0
DA:5396,0
DA:5398,0
DA:5399,0
DA:5400,0
DA:5402,0
DA:5403,0
DA:5404,0
DA:5405,0
DA:5407,0
DA:5424,0
DA:5425,0
DA:5426,0
DA:5428,0
DA:5429,0
DA:5430,0
DA:5431,0
DA:5432,0
DA:5433,0
DA:5434,0
DA:5435,0
DA:5436,0
DA:5438,0
DA:5439,0
DA:5441,0
DA:5443,0
DA:5444,0
DA:5445,0
DA:5446,0
DA:5447,0
DA:5448,0
DA:5452,0
DA:5455,0
DA:5456,0
DA:5457,0
DA:5460,0
DA:5461,0
DA:5462,0
DA:5463,0
DA:5464,0
DA:5465,0
DA:5467,0
DA:5468,0
DA:5469,0
DA:5470,0
DA:5471,0
DA:5472,0
DA:5473,0
DA:5479,0
DA:5480,0
DA:5481,0
DA:5482,0
DA:5483,0
DA:5484,0
DA:5485,0
DA:5486,0
DA:5487,0
DA:5488,0
DA:5489,0
DA:5490,0
DA:5491,0
DA:5492,0
DA:5493,0
DA:5494,0
DA:5495,0
DA:5496,0
DA:5498,0
DA:5499,0
DA:5500,0
DA:5501,0
DA:5502,0
DA:5503,0
DA:5504,0
DA:5505,0
DA:5506,0
DA:5508,0
DA:5509,0
DA:5511,0
DA:5512,0
DA:5515,0
DA:5521,0
DA:5522,0
DA:5523,0
DA:5526,0
DA:5527,0
DA:5528,0
DA:5529,0
DA:5530,0
DA:5531,0
DA:5532,0
DA:5533,0
DA:5534,0
DA:5535,0
DA:5536,0
DA:5538,0
DA:5539,0
DA:5540,0
DA:5542,0
DA:5543,0
DA:5544,0
DA:5546,0
DA:5547,0
DA:5548,0
DA:5549,0
DA:5550,0
DA:5551,0
DA:5552,0
DA:5554,0
DA:5555,0
DA:5557,0
DA:5558,0
DA:5559,0
DA:5560,0
DA:5562,0
DA:5564,0
DA:5565,0
DA:5566,0
DA:5567,0
DA:5568,0
DA:5569,0
DA:5570,0
DA:5571,0
DA:5572,0
DA:5573,0
DA:5574,0
DA:5576,0
DA:5577,0
DA:5579,0
DA:5580,0
DA:5582,0
DA:5583,0
DA:5584,0
DA:5585,0
DA:5587,0
DA:5588,0
DA:5589,0
DA:5590,0
DA:5591,0
DA:5592,0
DA:5593,0
DA:5595,0
DA:5597,0
DA:5598,0
DA:5599,0
DA:5601,0
DA:5603,0
DA:5604,0
DA:5605,0
DA:5606,0
DA:5607,0
DA:5609,0
DA:5611,0
DA:5612,0
DA:5614,0
DA:5615,0
DA:5616,0
DA:5617,0
DA:5618,0
DA:5619,0
DA:5621,0
DA:5623,0
DA:5624,0
DA:5626,0
DA:5627,0
DA:5629,0
DA:5630,0
DA:5631,0
DA:5632,0
DA:5634,0
DA:5636,0
DA:5638,0
DA:5639,0
DA:5641,0
DA:5642,0
DA:5643,0
DA:5644,0
DA:5645,0
DA:5647,0
DA:5652,0
DA:5653,0
DA:5655,0
DA:5656,0
DA:5658,0
DA:5659,0
DA:5660,0
DA:5661,0
DA:5662,0
DA:5664,0
DA:5665,0
DA:5666,0
DA:5667,0
DA:5669,0
DA:5672,0
DA:5674,0
DA:5676,0
DA:5677,0
DA:5678,0
DA:5680,0
DA:5681,0
DA:5682,0
DA:5684,0
DA:5686,0
DA:5687,0
DA:5689,0
DA:5690,0
DA:5691,0
DA:5692,0
DA:5693,0
DA:5695,0
DA:5696,0
DA:5697,0
DA:5698,0
DA:5700,0
DA:5702,0
DA:5718,0
DA:5722,0
DA:5723,0
DA:5729,0
DA:5733,0
DA:5735,0
DA:5736,0
DA:5741,0
DA:5742,0
DA:5744,0
DA:5745,0
DA:5752,0
DA:5753,0
DA:5760,0
DA:5761,0
DA:5762,0
DA:5764,0
DA:5765,0
DA:5766,0
DA:5767,0
DA:5768,0
DA:5770,0
DA:5771,0
DA:5772,0
DA:5773,0
DA:5774,0
DA:5775,0
DA:5777,0
DA:5778,0
DA:5779,0
DA:5780,0
DA:5782,0
DA:5783,0
DA:5784,0
DA:5785,0
DA:5798,0
DA:5799,0
DA:5800,0
DA:5802,0
DA:5808,0
DA:5809,0
DA:5810,0
DA:5812,0
DA:5813,0
DA:5814,0
DA:5816,0
DA:5818,0
DA:5823,0
DA:5824,0
DA:5825,0
DA:5826,0
DA:5827,0
DA:5828,0
DA:5829,0
DA:5830,0
DA:5832,0
DA:5833,0
DA:5835,0
DA:5836,0
DA:5837,0
DA:5838,0
DA:5839,0
DA:5840,0
DA:5842,0
DA:5844,0
DA:5845,0
DA:5846,0
DA:5847,0
DA:5848,0
DA:5851,0
DA:5852,0
DA:5853,0
DA:5854,0
DA:5857,0
DA:5859,0
DA:5860,0
DA:5861,0
DA:5863,0
DA:5864,0
DA:5865,0
DA:5866,0
DA:5868,0
DA:5869,0
DA:5870,0
DA:5871,0
DA:5873,0
DA:5874,0
DA:5875,0
DA:5877,0
DA:5878,0
DA:5879,0
DA:5880,0
DA:5881,0
DA:5883,0
DA:5884,0
DA:5885,0
DA:5886,0
DA:5888,0
DA:5889,0
DA:5890,0
DA:5892,0
DA:5894,0
DA:5895,0
DA:5896,0
DA:5898,0
DA:5900,0
DA:5901,0
DA:5902,0
DA:5904,0
DA:5905,0
DA:5906,0
DA:5907,0
DA:5909,0
DA:5910,0
DA:5911,0
DA:5913,0
DA:5915,0
DA:5916,0
DA:5917,0
DA:5919,0
DA:5920,0
DA:5922,0
DA:5923,0
DA:5924,0
DA:5926,0
DA:5928,0
DA:5929,0
DA:5930,0
DA:5931,0
DA:5933,0
DA:5934,0
DA:5935,0
DA:5936,0
DA:5937,0
DA:5940,0
DA:5948,0
DA:5949,0
DA:5952,0
DA:5953,0
DA:5954,0
DA:5955,0
DA:5970,1
DA:5971,2
DA:5972,1
DA:5982,1
DA:5983,1
DA:5985,1
DA:5986,1
DA:5988,0
DA:5990,0
DA:5991,0
DA:5992,0
DA:5995,0
DA:5996,0
DA:5997,0
DA:6000,0
DA:6002,0
DA:6003,0
DA:6004,0
DA:6006,0
DA:6007,0
DA:6008,0
DA:6009,0
DA:6011,0
DA:6012,0
DA:6013,0
DA:6014,0
DA:6015,0
DA:6019,0
DA:6020,0
DA:6023,0
DA:6025,0
DA:6026,0
DA:6027,0
DA:6028,0
DA:6030,0
DA:6031,0
DA:6032,0
DA:6034,0
DA:6035,0
DA:6036,0
DA:6037,0
DA:6038,0
DA:6039,0
DA:6040,0
DA:6041,0
DA:6042,0
DA:6044,0
DA:6045,0
DA:6046,0
DA:6049,0
DA:6050,0
DA:6051,0
DA:6052,0
DA:6053,0
DA:6057,0
DA:6059,0
DA:6062,1
DA:6063,1
DA:6064,1
DA:6065,1
DA:6066,1
DA:6068,1
DA:6069,1
DA:6070,1
DA:6071,1
DA:6072,1
DA:6074,1
DA:6076,0
DA:6077,0
DA:6078,0
DA:6080,0
DA:6081,0
DA:6082,0
DA:6083,0
DA:6084,0
DA:6085,0
DA:6086,0
DA:6087,0
DA:6088,0
DA:6089,0
DA:6091,0
DA:6092,0
DA:6093,0
DA:6095,0
DA:6096,0
DA:6097,0
DA:6098,0
DA:6099,0
DA:6100,0
DA:6101,0
DA:6102,0
DA:6103,0
DA:6104,0
DA:6105,0
DA:6106,0
DA:6107,0
DA:6108,0
DA:6109,0
DA:6111,0
DA:6112,0
DA:6113,0
DA:6114,0
DA:6115,0
DA:6116,0
DA:6117,0
DA:6118,0
DA:6119,0
DA:6120,0
DA:6121,0
DA:6122,0
DA:6123,0
DA:6124,0
DA:6125,0
DA:6126,0
DA:6127,0
DA:6128,0
DA:6129,0
DA:6130,0
DA:6131,0
DA:6132,0
DA:6133,0
DA:6134,0
DA:6135,0
DA:6136,0
DA:6137,0
DA:6138,0
DA:6139,0
DA:6140,0
DA:6141,0
DA:6142,0
DA:6143,0
DA:6144,0
DA:6145,0
DA:6146,0
DA:6147,0
DA:6148,0
DA:6149,0
DA:6150,0
DA:6151,0
DA:6152,0
DA:6153,0
DA:6154,0
DA:6155,0
DA:6156,0
DA:6157,0
DA:6158,0
DA:6159,0
DA:6160,0
DA:6161,0
DA:6162,0
DA:6163,0
DA:6164,0
DA:6165,0
DA:6166,0
DA:6167,0
DA:6168,0
DA:6169,0
DA:6170,0
DA:6171,0
DA:6172,0
DA:6173,0
DA:6174,0
DA:6175,0
DA:6176,0
DA:6177,0
DA:6178,0
DA:6179,0
DA:6180,0
DA:6181,0
DA:6182,0
DA:6183,0
DA:6184,0
DA:6185,0
DA:6189,0
DA:6190,0
DA:6191,0
DA:6193,0
DA:6194,0
DA:6195,0
DA:6196,0
DA:6197,0
DA:6198,0
DA:6199,0
DA:6200,0
DA:6202,0
DA:6203,0
DA:6204,0
DA:6205,0
DA:6211,0
DA:6212,0
DA:6213,0
DA:6214,0
DA:6215,0
DA:6216,0
DA:6217,0
DA:6218,0
DA:6219,0
DA:6220,0
DA:6221,0
DA:6222,0
DA:6225,0
DA:6226,0
DA:6228,0
DA:6230,0
DA:6231,0
DA:6232,0
DA:6234,0
DA:6235,0
DA:6236,0
DA:6238,0
DA:6239,0
DA:6241,0
DA:6243,0
DA:6244,0
DA:6245,0
DA:6246,0
DA:6247,0
DA:6248,0
DA:6250,0
DA:6252,1
DA:6253,1
DA:6254,1
DA:6255,1
DA:6257,1
DA:6258,1
DA:6259,0
DA:6261,1
DA:6262,1
DA:6264,1
DA:6265,1
DA:6266,1
DA:6267,1
DA:6268,1
DA:6269,1
DA:6270,1
DA:6271,2
DA:6272,1
DA:6273,1
DA:6274,1
DA:6275,1
DA:6276,1
DA:6277,1
DA:6278,1
DA:6280,1
DA:6281,1
DA:6282,1
DA:6283,1
DA:6284,1
DA:6285,1
DA:6286,1
DA:6287,1
DA:6288,1
DA:6289,1
DA:6292,12
DA:6293,12
DA:6294,12
DA:6295,12
DA:6296,12
DA:6297,12
DA:6299,0
DA:6300,0
DA:6301,0
DA:6303,12
DA:6304,12
DA:6305,0
DA:6309,12
DA:6310,12
DA:6311,0
DA:6313,12
DA:6314,0
DA:6315,0
DA:6317,12
DA:6318,0
DA:6319,0
DA:6321,12
DA:6322,0
DA:6323,12
DA:6324,0
DA:6325,12
DA:6326,0
DA:6327,12
DA:6328,0
DA:6329,0
DA:6330,12
DA:6331,0
DA:6332,0
DA:6334,12
DA:6335,0
DA:6337,12
DA:6340,0
DA:6341,0
DA:6342,0
DA:6343,0
DA:6345,0
DA:6347,0
DA:6348,0
DA:6350,0
DA:6351,0
DA:6353,0
DA:6354,0
DA:6355,0
DA:6356,0
DA:6357,0
DA:6358,0
DA:6359,0
DA:6362,0
DA:6363,0
DA:6365,0
DA:6366,0
DA:6367,0
DA:6368,0
DA:6369,0
DA:6371,0
DA:6372,0
DA:6373,0
DA:6374,0
DA:6376,418
DA:6377,418
DA:6378,418
DA:6380,0
DA:6382,0
DA:6384,0
DA:6385,0
DA:6387,0
DA:6389,0
DA:6390,0
DA:6392,0
DA:6393,0
DA:6394,0
DA:6396,0
DA:6398,0
DA:6400,0
DA:6401,0
DA:6402,0
DA:6403,0
DA:6404,0
DA:6405,0
DA:6406,0
DA:6408,0
DA:6450,258
DA:6452,516
DA:6453,258
DA:6454,258
DA:6455,258
DA:6457,0
DA:6458,0
DA:6459,0
DA:6460,0
DA:6461,0
DA:6462,0
DA:6465,0
DA:6466,0
DA:6468,0
DA:6469,0
DA:6470,0
DA:6471,0
DA:6472,0
DA:6476,0
DA:6481,258
DA:6485,129
DA:6487,129
DA:6488,74
DA:6491,129
DA:6492,0
DA:6494,129
DA:6498,55
DA:6499,55
DA:6503,18
DA:6505,18
DA:6506,18
DA:6508,0
DA:6509,0
DA:6510,0
DA:6511,0
DA:6512,0
DA:6514,0
DA:6515,0
DA:6517,0
DA:6518,0
DA:6519,0
DA:6520,0
DA:6521,0
DA:6522,0
DA:6523,0
DA:6524,0
DA:6525,0
DA:6526,0
DA:6528,0
DA:6530,0
DA:6531,0
DA:6532,0
DA:6533,0
DA:6535,0
DA:6539,0
DA:6540,0
DA:6542,0
DA:6543,0
DA:6544,0
DA:6545,18
DA:6546,18
DA:6555,52
DA:6557,52
DA:6558,52
DA:6559,52
DA:6561,0
DA:6564,0
DA:6565,0
DA:6566,0
DA:6567,0
DA:6571,0
DA:6572,0
DA:6575,0
DA:6576,0
DA:6577,0
DA:6578,0
DA:6580,0
DA:6581,0
DA:6582,0
DA:6586,0
DA:6587,52
DA:6590,1
DA:6591,1
DA:6592,1
DA:6593,1
DA:6594,1
DA:6595,1
DA:6597,1
DA:6598,1
DA:6599,0
DA:6600,1
DA:6601,1
DA:6603,0
DA:6604,0
DA:6605,0
DA:6606,0
DA:6607,0
DA:6610,1
DA:6614,1
DA:6615,1
DA:6616,1
DA:6617,1
DA:6618,1
DA:6619,1
DA:6620,1
DA:6621,1
DA:6622,1
DA:6623,1
DA:6624,1
DA:6625,1
DA:6626,1
DA:6627,1
DA:6628,1
DA:6629,1
DA:6630,1
DA:6631,1
DA:6634,1
DA:6635,1
DA:6661,1
DA:6662,1
DA:6663,1
DA:6665,1
DA:6666,1
DA:6668,1
DA:6669,1
DA:6671,1
DA:6672,1
DA:6673,1
DA:6674,1
DA:6675,1
DA:6676,1
DA:6677,1
DA:6678,1
DA:6679,1
DA:6680,1
DA:6681,1
DA:6682,1
DA:6683,1
DA:6684,1
DA:6685,1
DA:6686,1
DA:6687,1
DA:6688,1
DA:6689,1
DA:6690,1
DA:6691,1
DA:6694,1
DA:6695,1
DA:6696,1
DA:6697,1
DA:6698,1
DA:6699,1
DA:6700,1
DA:6702,1
DA:6703,2
DA:6704,1
DA:6705,0
DA:6706,0
DA:6708,2
DA:6709,1
DA:6710,0
DA:6711,0
DA:6713,2
DA:6714,1
DA:6715,0
DA:6716,0
DA:6718,2
DA:6719,1
DA:6720,0
DA:6721,0
DA:6723,2
DA:6724,1
DA:6725,0
DA:6726,0
DA:6728,2
DA:6729,1
DA:6730,0
DA:6731,0
DA:6733,1
DA:6736,0
DA:6739,0
DA:6740,0
DA:6741,0
DA:6742,0
DA:6745,0
DA:6746,0
DA:6747,0
DA:6750,0
DA:6751,0
DA:6752,0
DA:6755,0
DA:6756,0
DA:6757,0
DA:6758,0
DA:6759,0
DA:6762,0
DA:6764,0
DA:6766,0
DA:6768,0
DA:6780,0
DA:6782,0
DA:6783,0
DA:6784,0
DA:6789,1
DA:6790,1
DA:6794,1
DA:6798,1
DA:6800,1
DA:6801,1
DA:6803,1
DA:6804,1
DA:6806,1
DA:6807,1
DA:6808,1
DA:6809,0
DA:6810,1
DA:6812,0
DA:6813,0
DA:6817,1
DA:6824,1
DA:6826,1
DA:6827,1
DA:6829,1
DA:6830,0
DA:6833,1
DA:6834,1
DA:6837,2
DA:6838,1
DA:6839,1
DA:6841,1
DA:6842,0
DA:6843,1
DA:6844,1
DA:6847,1
DA:6848,1
DA:6851,4
DA:6852,3
DA:6853,1
DA:6859,1
DA:6860,0
DA:6868,1
DA:6869,0
DA:6871,0
DA:6874,1
DA:6875,13
DA:6876,12
DA:6877,1
DA:6880,1
DA:6881,1
DA:6882,1
DA:6883,0
DA:6884,0
DA:6885,0
DA:6886,0
DA:6887,0
DA:6888,0
DA:6891,0
DA:6892,0
DA:6893,0
DA:6895,0
DA:6897,0
DA:6898,0
DA:6900,0
DA:6906,1
DA:6908,1
DA:6909,1
DA:6911,1
DA:6912,2
DA:6915,13
DA:6916,12
DA:6918,12
DA:6919,12
DA:6920,0
DA:6922,12
DA:6923,0
DA:6924,12
DA:6925,0
DA:6926,12
DA:6927,0
DA:6928,12
DA:6929,0
DA:6930,12
DA:6931,0
DA:6932,12
DA:6933,0
DA:6935,12
DA:6936,12
DA:6939,12
DA:6940,12
DA:6941,0
DA:6943,12
DA:6944,0
DA:6945,0
DA:6946,0
DA:6947,0
DA:6950,12
DA:6951,0
DA:6954,12
DA:6955,0
DA:6956,0
DA:6960,12
DA:6961,0
DA:6962,0
DA:6963,0
DA:6964,0
DA:6966,0
DA:6971,12
DA:6973,12
DA:6974,12
DA:6977,12
DA:6978,12
DA:6980,12
DA:6982,24
DA:6984,12
DA:6986,12
DA:6988,12
DA:6990,12
DA:6992,12
DA:6993,12
DA:6995,12
DA:6998,12
DA:7005,12
DA:7007,12
DA:7008,12
DA:7011,12
DA:7012,0
DA:7013,0
DA:7014,0
DA:7016,0
DA:7017,0
DA:7021,12
DA:7022,0
DA:7023,0
DA:7024,0
DA:7027,12
DA:7028,0
DA:7029,12
DA:7030,12
DA:7033,12
DA:7035,24
DA:7037,12
DA:7040,12
DA:7041,0
DA:7045,1
DA:7046,2
DA:7048,0
DA:7049,0
DA:7050,0
DA:7051,0
DA:7052,0
DA:7055,1
DA:7056,1
DA:7058,1
DA:7060,0
DA:7061,0
DA:7062,0
DA:7065,0
DA:7066,0
DA:7067,0
DA:7071,3
DA:7072,3
DA:7073,3
DA:7075,0
DA:7076,3
DA:7085,1
LF:2017
LH:636
end_of_record
TN:
SF:/usr/include/x86_64-linux-gnu/bits/byteswap.h
FN:49,56,__bswap_32
FNDA:277999632,__bswap_32
FNF:1
FNH:1
DA:49,277999632
DA:52,277999632
LF:2
LH:2
end_of_record
TN:
SF:/usr/include/x86_64-linux-gnu/c++/13/bits/c++config.h
FN:540,551,_ZSt23__is_constant_evaluatedv
FNDA:906619,_ZSt23__is_constant_evaluatedv
FNF:1
FNH:1
DA:540,906619
DA:547,906619
LF:2
LH:2
end_of_record
TN:
SF:/usr/include/x86_64-linux-gnu/c++/13/bits/gthr-default.h
FN:300,303,_ZL18__gthread_active_pv
FN:746,752,_ZL20__gthread_mutex_lockP15pthread_mutex_t
FN:776,782,_ZL22__gthread_mutex_unlockP15pthread_mutex_t
FNDA:0,_ZL18__gthread_active_pv
FNDA:0,_ZL20__gthread_mutex_lockP15pthread_mutex_t
FNDA:0,_ZL22__gthread_mutex_unlockP15pthread_mutex_t
FNF:3
FNH:0
DA:300,0
DA:302,0
DA:746,0
DA:748,0
DA:749,0
DA:751,0
DA:776,0
DA:778,0
DA:779,0
DA:781,0
LF:10
LH:0
end_of_record
